[2016-12-01 23:31:46] DEBUG [django.db.backends:90] (0.001) SELECT @@SQL_AUTO_IS_NULL; args=None
[2016-12-01 23:31:46] DEBUG [django.db.backends:90] (0.000) SET SQL_AUTO_IS_NULL = 0; args=None
[2016-12-01 23:31:46] DEBUG [django.db.backends:90] (0.000) SELECT VERSION(); args=None
[2016-12-01 23:31:49] DEBUG [django.db.backends:90] (0.001) SET SQL_AUTO_IS_NULL = 0; args=None
[2016-12-01 23:31:49] DEBUG [django.db.backends:90] (0.160) SHOW FULL TABLES; args=None
[2016-12-01 23:31:49] DEBUG [django.db.backends:90] (0.005) SELECT `django_migrations`.`app`, `django_migrations`.`name` FROM `django_migrations`; args=()
[2016-12-01 23:33:36] DEBUG [django.db.backends:90] (0.001) SELECT @@SQL_AUTO_IS_NULL; args=None
[2016-12-01 23:33:36] DEBUG [django.db.backends:90] (0.000) SET SQL_AUTO_IS_NULL = 0; args=None
[2016-12-01 23:33:36] DEBUG [django.db.backends:90] (0.000) SELECT VERSION(); args=None
[2016-12-01 23:33:36] DEBUG [django.db.backends:90] (0.000) SET SQL_AUTO_IS_NULL = 0; args=None
[2016-12-01 23:33:36] DEBUG [django.db.backends:90] (0.003) SHOW FULL TABLES; args=None
[2016-12-01 23:33:36] DEBUG [django.db.backends:90] (0.001) SELECT `django_migrations`.`app`, `django_migrations`.`name` FROM `django_migrations`; args=()
[2016-12-01 23:34:08] DEBUG [django.db.backends:90] (0.001) SELECT @@SQL_AUTO_IS_NULL; args=None
[2016-12-01 23:34:08] DEBUG [django.db.backends:90] (0.000) SET SQL_AUTO_IS_NULL = 0; args=None
[2016-12-01 23:34:08] DEBUG [django.db.backends:90] (0.000) SELECT VERSION(); args=None
[2016-12-01 23:34:09] DEBUG [django.db.backends:90] (0.000) SET SQL_AUTO_IS_NULL = 0; args=None
[2016-12-01 23:34:09] DEBUG [django.db.backends:90] (0.005) SHOW FULL TABLES; args=None
[2016-12-01 23:34:09] DEBUG [django.db.backends:90] (0.001) SELECT `django_migrations`.`app`, `django_migrations`.`name` FROM `django_migrations`; args=()
[2016-12-01 23:34:19] DEBUG [django.db.backends:90] (0.000) SELECT @@SQL_AUTO_IS_NULL; args=None
[2016-12-01 23:34:19] DEBUG [django.db.backends:90] (0.000) SET SQL_AUTO_IS_NULL = 0; args=None
[2016-12-01 23:34:19] DEBUG [django.db.backends:90] (0.000) SELECT VERSION(); args=None
[2016-12-01 23:34:20] DEBUG [django.db.backends:90] (0.000) SET SQL_AUTO_IS_NULL = 0; args=None
[2016-12-01 23:34:20] DEBUG [django.db.backends:90] (0.002) SHOW FULL TABLES; args=None
[2016-12-01 23:34:20] DEBUG [django.db.backends:90] (0.000) SELECT `django_migrations`.`app`, `django_migrations`.`name` FROM `django_migrations`; args=()
[2016-12-01 23:34:23] DEBUG [django.db.backends:90] (0.000) SELECT @@SQL_AUTO_IS_NULL; args=None
[2016-12-01 23:34:23] DEBUG [django.db.backends:90] (0.000) SET SQL_AUTO_IS_NULL = 0; args=None
[2016-12-01 23:34:23] DEBUG [django.db.backends:90] (0.000) SELECT VERSION(); args=None
[2016-12-01 23:34:23] DEBUG [django.db.backends:90] (0.000) SET SQL_AUTO_IS_NULL = 0; args=None
[2016-12-01 23:34:23] DEBUG [django.db.backends:90] (0.004) SHOW FULL TABLES; args=None
[2016-12-01 23:34:23] DEBUG [django.db.backends:90] (0.001) SELECT `django_migrations`.`app`, `django_migrations`.`name` FROM `django_migrations`; args=()
[2016-12-01 23:34:49] DEBUG [django.db.backends:90] (0.001) SELECT @@SQL_AUTO_IS_NULL; args=None
[2016-12-01 23:34:49] DEBUG [django.db.backends:90] (0.000) SET SQL_AUTO_IS_NULL = 0; args=None
[2016-12-01 23:34:49] DEBUG [django.db.backends:90] (0.000) SELECT VERSION(); args=None
[2016-12-01 23:34:49] DEBUG [django.db.backends:90] (0.000) SET SQL_AUTO_IS_NULL = 0; args=None
[2016-12-01 23:34:49] DEBUG [django.db.backends:90] (0.006) SELECT `django_session`.`session_key`, `django_session`.`session_data`, `django_session`.`expire_date` FROM `django_session` WHERE (`django_session`.`expire_date` > '2016-12-02 04:34:49' AND `django_session`.`session_key` = '5s0dl55aul393hvdt51pdlmrkkug1aq0'); args=('2016-12-02 04:34:49', '5s0dl55aul393hvdt51pdlmrkkug1aq0')
[2016-12-01 23:34:49] DEBUG [django.db.backends:90] (0.007) SELECT `oauth2_backend_user`.`password`, `oauth2_backend_user`.`last_login`, `oauth2_backend_user`.`is_superuser`, `oauth2_backend_user`.`username`, `oauth2_backend_user`.`first_name`, `oauth2_backend_user`.`last_name`, `oauth2_backend_user`.`email`, `oauth2_backend_user`.`is_staff`, `oauth2_backend_user`.`is_active`, `oauth2_backend_user`.`date_joined`, `oauth2_backend_user`.`id`, `oauth2_backend_user`.`last_hierarchy_id`, `oauth2_backend_user`.`last_module_id`, `oauth2_backend_user`.`person_id`, `oauth2_backend_user`.`updated_at`, `oauth2_backend_user`.`registered_by` FROM `oauth2_backend_user` WHERE `oauth2_backend_user`.`id` = '6e9f183475a14abf9cda0fe98ba93535'; args=('6e9f183475a14abf9cda0fe98ba93535',)
[2016-12-01 23:34:49] DEBUG [django.db.backends:90] (0.006) SELECT `oauth2_provider_application`.`id`, `oauth2_provider_application`.`client_id`, `oauth2_provider_application`.`user_id`, `oauth2_provider_application`.`redirect_uris`, `oauth2_provider_application`.`client_type`, `oauth2_provider_application`.`authorization_grant_type`, `oauth2_provider_application`.`client_secret`, `oauth2_provider_application`.`name`, `oauth2_provider_application`.`skip_authorization` FROM `oauth2_provider_application` WHERE `oauth2_provider_application`.`client_id` = 'o5W31ZGx7XrCp4B4f6Mr0HMryYyUMuswMpL0LLi4'; args=('o5W31ZGx7XrCp4B4f6Mr0HMryYyUMuswMpL0LLi4',)
[2016-12-01 23:34:49] DEBUG [django.db.backends:90] (0.000) SELECT `oauth2_provider_application`.`id`, `oauth2_provider_application`.`client_id`, `oauth2_provider_application`.`user_id`, `oauth2_provider_application`.`redirect_uris`, `oauth2_provider_application`.`client_type`, `oauth2_provider_application`.`authorization_grant_type`, `oauth2_provider_application`.`client_secret`, `oauth2_provider_application`.`name`, `oauth2_provider_application`.`skip_authorization` FROM `oauth2_provider_application` WHERE `oauth2_provider_application`.`client_id` = 'o5W31ZGx7XrCp4B4f6Mr0HMryYyUMuswMpL0LLi4'; args=('o5W31ZGx7XrCp4B4f6Mr0HMryYyUMuswMpL0LLi4',)
[2016-12-01 23:34:49] DEBUG [django.template:929] Exception while resolving variable 'error' in template 'oauth2_provider/authorize.html'.
Traceback (most recent call last):
  File "E:\practian-ioteca-project\ve_oauth2_backend\lib\site-packages\django\template\base.py", line 885, in _resolve_lookup
    current = current[bit]
  File "E:\practian-ioteca-project\ve_oauth2_backend\lib\site-packages\django\template\context.py", line 75, in __getitem__
    raise KeyError(key)
KeyError: 'error'

During handling of the above exception, another exception occurred:

Traceback (most recent call last):
  File "E:\practian-ioteca-project\ve_oauth2_backend\lib\site-packages\django\template\base.py", line 891, in _resolve_lookup
    if isinstance(current, BaseContext) and getattr(type(current), bit):
AttributeError: type object 'RequestContext' has no attribute 'error'

During handling of the above exception, another exception occurred:

Traceback (most recent call last):
  File "E:\practian-ioteca-project\ve_oauth2_backend\lib\site-packages\django\template\base.py", line 900, in _resolve_lookup
    current = current[int(bit)]
ValueError: invalid literal for int() with base 10: 'error'

During handling of the above exception, another exception occurred:

Traceback (most recent call last):
  File "E:\practian-ioteca-project\ve_oauth2_backend\lib\site-packages\django\template\base.py", line 907, in _resolve_lookup
    (bit, current))  # missing attribute
django.template.base.VariableDoesNotExist: Failed lookup for key [error] in '[{\'None\': None, \'True\': True, \'False\': False}, {\'csrf_token\': <SimpleLazyObject: <function csrf.<locals>._get_val at 0x000000000500BE18>>, \'messages\': <django.contrib.messages.storage.fallback.FallbackStorage object at 0x0000000004DD0668>, \'perms\': <django.contrib.auth.context_processors.PermWrapper object at 0x0000000005215198>, \'DEFAULT_MESSAGE_LEVELS\': {\'SUCCESS\': 25, \'WARNING\': 30, \'INFO\': 20, \'ERROR\': 40, \'DEBUG\': 10}, \'request\': <WSGIRequest: GET \'/o/authorize/?response_type=token&client_id=o5W31ZGx7XrCp4B4f6Mr0HMryYyUMuswMpL0LLi4&state=kFpPhIKNp0rzSxhOdhyu%3B%23%2Fcatalogo%2Fcategorias&scope=home\'>, \'user\': <SimpleLazyObject: <User: admin>>}, {}, {\'redirect_uri\': \'http://localhost:9001\', \'scopes\': [\'home\'], \'client_id\': \'o5W31ZGx7XrCp4B4f6Mr0HMryYyUMuswMpL0LLi4\', \'view\': <oauth2_provider.views.base.AuthorizationView object at 0x0000000004DD0A20>, \'request\': <oauthlib.Request url="/o/authorize/?response_type=token&client_id=o5W31ZGx7XrCp4B4f6Mr0HMryYyUMuswMpL0LLi4&state=kFpPhIKNp0rzSxhOdhyu%3B%23%2Fcatalogo%2Fcategorias&scope=home", http_method="GET", headers="{\'wsgi.url_scheme\': \'http\', \'CONTENT_LENGTH\': \'\', \'PROGRAMDATA\': \'C:\\\\ProgramData\', \'CONTENT_TYPE\': \'text/plain\', \'wsgi.file_wrapper\': <class \'wsgiref.util.FileWrapper\'>, \'QUERY_STRING\': \'response_type=token&client_id=o5W31ZGx7XrCp4B4f6Mr0HMryYyUMuswMpL0LLi4&state=kFpPhIKNp0rzSxhOdhyu%3B%23%2Fcatalogo%2Fcategorias&scope=home\', \'VIRTUAL_ENV\': \'E:\\\\practian-ioteca-project\\\\ve_oauth2_backend\', \'PROGRAMFILES\': \'C:\\\\Program Files\', \'SYSTEMROOT\': \'C:\\\\WINDOWS\', \'TMP\': \'C:\\\\Users\\\\Usuario\\\\AppData\\\\Local\\\\Temp\', \'COMPUTERNAME\': \'DEV1-ASULLOM\', \'PROGRAMW6432\': \'C:\\\\Program Files\', \'FPS_BROWSER_APP_PROFILE_STRING\': \'Internet Explorer\', \'LOGONSERVER\': \'\\\\\\\\DEV1-ASULLOM\', \'GATEWAY_INTERFACE\': \'CGI/1.1\', \'ALLUSERSPROFILE\': \'C:\\\\ProgramData\', \'USERDOMAIN\': \'DEV1-ASULLOM\', \'CSRF_COOKIE\': \'zbowsIwXKhQKipfs4sSLDanLKyC4KpJyk2ExrHirZDWzRWSaHK2I6IZ4NILAznin\', \'HTTP_ACCEPT\': \'text/html,application/xhtml+xml,application/xml;q=0.9,*/*;q=0.8\', \'USERNAME\': \'Usuario\', \'NUMBER_OF_PROCESSORS\': \'8\', \'RUN_MAIN\': \'true\', \'SERVER_PROTOCOL\': \'HTTP/1.1\', \'wsgi.version\': (1, 0), \'HOMEDRIVE\': \'C:\', \'wsgi.run_once\': False, \'SESSIONNAME\': \'Console\', \'HTTP_UPGRADE_INSECURE_REQUESTS\': \'1\', \'COMSPEC\': \'C:\\\\WINDOWS\\\\system32\\\\cmd.exe\', \'OS\': \'Windows_NT\', \'_OLD_VIRTUAL_PATH\': \'C:\\\\oraclexe\\\\app\\\\oracle\\\\product\\\\11.2.0\\\\server\\\\bin;;C:\\\\Python\\\\Python34\\\\;C:\\\\Python\\\\Python34\\\\Scripts\\\\;C:\\\\Python\\\\Python35\\\\Scripts\\\\;C:\\\\Python\\\\Python35\\\\;C:\\\\Program Files (x86)\\\\Intel\\\\iCLS Client\\\\;C:\\\\Program Files\\\\Intel\\\\iCLS Client\\\\;C:\\\\WINDOWS\\\\system32;C:\\\\WINDOWS;C:\\\\WINDOWS\\\\System32\\\\Wbem;C:\\\\WINDOWS\\\\System32\\\\WindowsPowerShell\\\\v1.0\\\\;C:\\\\Program Files (x86)\\\\Intel\\\\Intel(R) Management Engine Components\\\\DAL;C:\\\\Program Files\\\\Intel\\\\Intel(R) Management Engine Components\\\\DAL;C:\\\\Program Files (x86)\\\\Intel\\\\Intel(R) Management Engine Components\\\\IPT;C:\\\\Program Files\\\\Intel\\\\Intel(R) Management Engine Components\\\\IPT;C:\\\\Program Files\\\\nodejs\\\\;C:\\\\Program Files\\\\Git\\\\cmd;C:\\\\Program Files\\\\Perforce\\\\DVCS\\\\;C:\\\\Program Files\\\\Intel\\\\WiFi\\\\bin\\\\;C:\\\\Program Files\\\\Common Files\\\\Intel\\\\WirelessCommon\\\\;C:\\\\Python\\\\Python35-32\\\\Scripts\\\\;C:\\\\Python\\\\Python35-32\\\\;C:\\\\Users\\\\Usuario\\\\AppData\\\\Roaming\\\\npm;C:\\\\Users\\\\Usuario\\\\AppData\\\\Local\\\\atom\\\\bin;%USERPROFILE%\\\\AppData\\\\Local\\\\Microsoft\\\\WindowsApps;\', \'SCRIPT_NAME\': \'\', \'COMMONPROGRAMW6432\': \'C:\\\\Program Files\\\\Common Files\', \'REQUEST_METHOD\': \'GET\', \'SYSTEMDRIVE\': \'C:\', \'PUBLIC\': \'C:\\\\Users\\\\Public\', \'PROMPT\': \'(ve_oauth2_backend) $P$G\', \'wsgi.multiprocess\': False, \'REMOTE_ADDR\': \'127.0.0.1\', \'PROCESSOR_ARCHITECTURE\': \'AMD64\', \'PROCESSOR_LEVEL\': \'6\', \'PATH\': \'E:\\\\practian-ioteca-project\\\\ve_oauth2_backend\\\\Scripts;C:\\\\oraclexe\\\\app\\\\oracle\\\\product\\\\11.2.0\\\\server\\\\bin;;C:\\\\Python\\\\Python34\\\\;C:\\\\Python\\\\Python34\\\\Scripts\\\\;C:\\\\Python\\\\Python35\\\\Scripts\\\\;C:\\\\Python\\\\Python35\\\\;C:\\\\Program Files (x86)\\\\Intel\\\\iCLS Client\\\\;C:\\\\Program Files\\\\Intel\\\\iCLS Client\\\\;C:\\\\WINDOWS\\\\system32;C:\\\\WINDOWS;C:\\\\WINDOWS\\\\System32\\\\Wbem;C:\\\\WINDOWS\\\\System32\\\\WindowsPowerShell\\\\v1.0\\\\;C:\\\\Program Files (x86)\\\\Intel\\\\Intel(R) Management Engine Components\\\\DAL;C:\\\\Program Files\\\\Intel\\\\Intel(R) Management Engine Components\\\\DAL;C:\\\\Program Files (x86)\\\\Intel\\\\Intel(R) Management Engine Components\\\\IPT;C:\\\\Program Files\\\\Intel\\\\Intel(R) Management Engine Components\\\\IPT;C:\\\\Program Files\\\\nodejs\\\\;C:\\\\Program Files\\\\Git\\\\cmd;C:\\\\Program Files\\\\Perforce\\\\DVCS\\\\;C:\\\\Program Files\\\\Intel\\\\WiFi\\\\bin\\\\;C:\\\\Program Files\\\\Common Files\\\\Intel\\\\WirelessCommon\\\\;C:\\\\Python\\\\Python35-32\\\\Scripts\\\\;C:\\\\Python\\\\Python35-32\\\\;C:\\\\Users\\\\Usuario\\\\AppData\\\\Roaming\\\\npm;C:\\\\Users\\\\Usuario\\\\AppData\\\\Local\\\\atom\\\\bin;%USERPROFILE%\\\\AppData\\\\Local\\\\Microsoft\\\\WindowsApps;\', \'PROCESSOR_REVISION\': \'3c03\', \'PSMODULEPATH\': \'C:\\\\WINDOWS\\\\system32\\\\WindowsPowerShell\\\\v1.0\\\\Modules\\\\\', \'HTTP_COOKIE\': \'csrftoken=zbowsIwXKhQKipfs4sSLDanLKyC4KpJyk2ExrHirZDWzRWSaHK2I6IZ4NILAznin; _ga=GA1.1.1207431004.1477416897; theme=docs-dark; sessionid=5s0dl55aul393hvdt51pdlmrkkug1aq0\', \'HTTP_CONNECTION\': \'keep-alive\', \'DJANGO_SETTINGS_MODULE\': \'oauth2_backend_main.settings\', \'wsgi.multithread\': True, \'WINDIR\': \'C:\\\\WINDOWS\', \'LOCALAPPDATA\': \'C:\\\\Users\\\\Usuario\\\\AppData\\\\Local\', \'TEMP\': \'C:\\\\Users\\\\Usuario\\\\AppData\\\\Local\\\\Temp\', \'USERDOMAIN_ROAMINGPROFILE\': \'DEV1-ASULLOM\', \'HOMEPATH\': \'\\\\Users\\\\Usuario\', \'_OLD_VIRTUAL_PROMPT\': \'$P$G\', \'PATHEXT\': \'.COM;.EXE;.BAT;.CMD;.VBS;.VBE;.JS;.JSE;.WSF;.WSH;.MSC;.PY;.PYW\', \'FPS_BROWSER_USER_PROFILE_STRING\': \'Default\', \'SERVER_PORT\': \'7001\', \'APPDATA\': \'C:\\\\Users\\\\Usuario\\\\AppData\\\\Roaming\', \'PROCESSOR_IDENTIFIER\': \'Intel64 Family 6 Model 60 Stepping 3, GenuineIntel\', \'USERPROFILE\': \'C:\\\\Users\\\\Usuario\', \'HTTP_HOST\': \'localhost:7001\', \'HTTP_REFERER\': \'http://localhost:9001/\', \'PROGRAMFILES(X86)\': \'C:\\\\Program Files (x86)\', \'COMMONPROGRAMFILES(X86)\': \'C:\\\\Program Files (x86)\\\\Common Files\', \'HTTP_ACCEPT_LANGUAGE\': \'es-ES,es;q=0.8,en-US;q=0.5,en;q=0.3\', \'COMMONPROGRAMFILES\': \'C:\\\\Program Files\\\\Common Files\', \'HTTP_ACCEPT_ENCODING\': \'gzip, deflate\', \'PATH_INFO\': \'/o/authorize/\', \'HTTP_USER_AGENT\': \'Mozilla/5.0 (Windows NT 10.0; WOW64; rv:50.0) Gecko/20100101 Firefox/50.0\', \'REMOTE_HOST\': \'\', \'SERVER_SOFTWARE\': \'WSGIServer/0.2\', \'SERVER_NAME\': \'DEV1-ASULLOM\'}", body="">, \'state\': \'kFpPhIKNp0rzSxhOdhyu;#/catalogo/categorias\', \'response_type\': \'token\', \'form\': <AllowForm bound=False, valid=Unknown, fields=(allow;redirect_uri;scope;client_id;state;response_type)>, \'application\': <Application: Home Web>, \'scopes_descriptions\': [\'Access to your home page\']}, {\'block\': <Block Node: content. Contents: [<TextNode: \'\\n    <div class="block-ce\'>, <IfNode>, <TextNode: \'\\n    </div>\\n\'>]>}]'
[2016-12-01 23:34:49] INFO [django.server:131] "GET /o/authorize/?response_type=token&client_id=o5W31ZGx7XrCp4B4f6Mr0HMryYyUMuswMpL0LLi4&state=kFpPhIKNp0rzSxhOdhyu%3B%23%2Fcatalogo%2Fcategorias&scope=home HTTP/1.1" 200 3033
[2016-12-01 23:34:49] DEBUG [django.template:929] Exception while resolving variable 'name' in template 'unknown'.
Traceback (most recent call last):
  File "E:\practian-ioteca-project\ve_oauth2_backend\lib\site-packages\django\core\handlers\exception.py", line 39, in inner
    response = get_response(request)
  File "E:\practian-ioteca-project\ve_oauth2_backend\lib\site-packages\django\core\handlers\base.py", line 249, in _legacy_get_response
    response = self._get_response(request)
  File "E:\practian-ioteca-project\ve_oauth2_backend\lib\site-packages\django\core\handlers\base.py", line 172, in _get_response
    resolver_match = resolver.resolve(request.path_info)
  File "E:\practian-ioteca-project\ve_oauth2_backend\lib\site-packages\django\urls\resolvers.py", line 300, in resolve
    raise Resolver404({'tried': tried, 'path': new_path})
django.urls.exceptions.Resolver404: {'path': 'favicon.ico', 'tried': [[<RegexURLResolver <RegexURLPattern list> (admin:admin) ^admin/>], [<RegexURLResolver <module 'django.contrib.admindocs.urls' from 'E:\\practian-ioteca-project\\ve_oauth2_backend\\lib\\site-packages\\django\\contrib\\admindocs\\urls.py'> (None:None) ^admin/doc/>], [<RegexURLResolver <module 'django.contrib.auth.urls' from 'E:\\practian-ioteca-project\\ve_oauth2_backend\\lib\\site-packages\\django\\contrib\\auth\\urls.py'> (None:None) ^accounts/>], [<RegexURLResolver <module 'oauth2_provider.urls' from 'E:\\practian-ioteca-project\\ve_oauth2_backend\\lib\\site-packages\\oauth2_provider\\urls.py'> (None:oauth2_provider) ^o/>], [<RegexURLResolver <module 'oauth2_backend_api.urls' from 'E:\\practian-ioteca-project\\oauth2_backend_service\\oauth2_backend_api\\urls.py'> (None:None) ^api/oauth2_backend/>]]}

During handling of the above exception, another exception occurred:

Traceback (most recent call last):
  File "E:\practian-ioteca-project\ve_oauth2_backend\lib\site-packages\django\template\base.py", line 885, in _resolve_lookup
    current = current[bit]
TypeError: 'RegexURLResolver' object is not subscriptable

During handling of the above exception, another exception occurred:

Traceback (most recent call last):
  File "E:\practian-ioteca-project\ve_oauth2_backend\lib\site-packages\django\template\base.py", line 893, in _resolve_lookup
    current = getattr(current, bit)
AttributeError: 'RegexURLResolver' object has no attribute 'name'

During handling of the above exception, another exception occurred:

Traceback (most recent call last):
  File "E:\practian-ioteca-project\ve_oauth2_backend\lib\site-packages\django\template\base.py", line 900, in _resolve_lookup
    current = current[int(bit)]
ValueError: invalid literal for int() with base 10: 'name'

During handling of the above exception, another exception occurred:

Traceback (most recent call last):
  File "E:\practian-ioteca-project\ve_oauth2_backend\lib\site-packages\django\template\base.py", line 907, in _resolve_lookup
    (bit, current))  # missing attribute
django.template.base.VariableDoesNotExist: Failed lookup for key [name] in '<RegexURLResolver <RegexURLPattern list> (admin:admin) ^admin/>'
[2016-12-01 23:34:49] DEBUG [django.template:929] Exception while resolving variable 'name' in template 'unknown'.
Traceback (most recent call last):
  File "E:\practian-ioteca-project\ve_oauth2_backend\lib\site-packages\django\core\handlers\exception.py", line 39, in inner
    response = get_response(request)
  File "E:\practian-ioteca-project\ve_oauth2_backend\lib\site-packages\django\core\handlers\base.py", line 249, in _legacy_get_response
    response = self._get_response(request)
  File "E:\practian-ioteca-project\ve_oauth2_backend\lib\site-packages\django\core\handlers\base.py", line 172, in _get_response
    resolver_match = resolver.resolve(request.path_info)
  File "E:\practian-ioteca-project\ve_oauth2_backend\lib\site-packages\django\urls\resolvers.py", line 300, in resolve
    raise Resolver404({'tried': tried, 'path': new_path})
django.urls.exceptions.Resolver404: {'path': 'favicon.ico', 'tried': [[<RegexURLResolver <RegexURLPattern list> (admin:admin) ^admin/>], [<RegexURLResolver <module 'django.contrib.admindocs.urls' from 'E:\\practian-ioteca-project\\ve_oauth2_backend\\lib\\site-packages\\django\\contrib\\admindocs\\urls.py'> (None:None) ^admin/doc/>], [<RegexURLResolver <module 'django.contrib.auth.urls' from 'E:\\practian-ioteca-project\\ve_oauth2_backend\\lib\\site-packages\\django\\contrib\\auth\\urls.py'> (None:None) ^accounts/>], [<RegexURLResolver <module 'oauth2_provider.urls' from 'E:\\practian-ioteca-project\\ve_oauth2_backend\\lib\\site-packages\\oauth2_provider\\urls.py'> (None:oauth2_provider) ^o/>], [<RegexURLResolver <module 'oauth2_backend_api.urls' from 'E:\\practian-ioteca-project\\oauth2_backend_service\\oauth2_backend_api\\urls.py'> (None:None) ^api/oauth2_backend/>]]}

During handling of the above exception, another exception occurred:

Traceback (most recent call last):
  File "E:\practian-ioteca-project\ve_oauth2_backend\lib\site-packages\django\template\base.py", line 885, in _resolve_lookup
    current = current[bit]
TypeError: 'RegexURLResolver' object is not subscriptable

During handling of the above exception, another exception occurred:

Traceback (most recent call last):
  File "E:\practian-ioteca-project\ve_oauth2_backend\lib\site-packages\django\template\base.py", line 893, in _resolve_lookup
    current = getattr(current, bit)
AttributeError: 'RegexURLResolver' object has no attribute 'name'

During handling of the above exception, another exception occurred:

Traceback (most recent call last):
  File "E:\practian-ioteca-project\ve_oauth2_backend\lib\site-packages\django\template\base.py", line 900, in _resolve_lookup
    current = current[int(bit)]
ValueError: invalid literal for int() with base 10: 'name'

During handling of the above exception, another exception occurred:

Traceback (most recent call last):
  File "E:\practian-ioteca-project\ve_oauth2_backend\lib\site-packages\django\template\base.py", line 907, in _resolve_lookup
    (bit, current))  # missing attribute
django.template.base.VariableDoesNotExist: Failed lookup for key [name] in "<RegexURLResolver <module 'django.contrib.admindocs.urls' from 'E:\\\\practian-ioteca-project\\\\ve_oauth2_backend\\\\lib\\\\site-packages\\\\django\\\\contrib\\\\admindocs\\\\urls.py'> (None:None) ^admin/doc/>"
[2016-12-01 23:34:49] DEBUG [django.template:929] Exception while resolving variable 'name' in template 'unknown'.
Traceback (most recent call last):
  File "E:\practian-ioteca-project\ve_oauth2_backend\lib\site-packages\django\core\handlers\exception.py", line 39, in inner
    response = get_response(request)
  File "E:\practian-ioteca-project\ve_oauth2_backend\lib\site-packages\django\core\handlers\base.py", line 249, in _legacy_get_response
    response = self._get_response(request)
  File "E:\practian-ioteca-project\ve_oauth2_backend\lib\site-packages\django\core\handlers\base.py", line 172, in _get_response
    resolver_match = resolver.resolve(request.path_info)
  File "E:\practian-ioteca-project\ve_oauth2_backend\lib\site-packages\django\urls\resolvers.py", line 300, in resolve
    raise Resolver404({'tried': tried, 'path': new_path})
django.urls.exceptions.Resolver404: {'path': 'favicon.ico', 'tried': [[<RegexURLResolver <RegexURLPattern list> (admin:admin) ^admin/>], [<RegexURLResolver <module 'django.contrib.admindocs.urls' from 'E:\\practian-ioteca-project\\ve_oauth2_backend\\lib\\site-packages\\django\\contrib\\admindocs\\urls.py'> (None:None) ^admin/doc/>], [<RegexURLResolver <module 'django.contrib.auth.urls' from 'E:\\practian-ioteca-project\\ve_oauth2_backend\\lib\\site-packages\\django\\contrib\\auth\\urls.py'> (None:None) ^accounts/>], [<RegexURLResolver <module 'oauth2_provider.urls' from 'E:\\practian-ioteca-project\\ve_oauth2_backend\\lib\\site-packages\\oauth2_provider\\urls.py'> (None:oauth2_provider) ^o/>], [<RegexURLResolver <module 'oauth2_backend_api.urls' from 'E:\\practian-ioteca-project\\oauth2_backend_service\\oauth2_backend_api\\urls.py'> (None:None) ^api/oauth2_backend/>]]}

During handling of the above exception, another exception occurred:

Traceback (most recent call last):
  File "E:\practian-ioteca-project\ve_oauth2_backend\lib\site-packages\django\template\base.py", line 885, in _resolve_lookup
    current = current[bit]
TypeError: 'RegexURLResolver' object is not subscriptable

During handling of the above exception, another exception occurred:

Traceback (most recent call last):
  File "E:\practian-ioteca-project\ve_oauth2_backend\lib\site-packages\django\template\base.py", line 893, in _resolve_lookup
    current = getattr(current, bit)
AttributeError: 'RegexURLResolver' object has no attribute 'name'

During handling of the above exception, another exception occurred:

Traceback (most recent call last):
  File "E:\practian-ioteca-project\ve_oauth2_backend\lib\site-packages\django\template\base.py", line 900, in _resolve_lookup
    current = current[int(bit)]
ValueError: invalid literal for int() with base 10: 'name'

During handling of the above exception, another exception occurred:

Traceback (most recent call last):
  File "E:\practian-ioteca-project\ve_oauth2_backend\lib\site-packages\django\template\base.py", line 907, in _resolve_lookup
    (bit, current))  # missing attribute
django.template.base.VariableDoesNotExist: Failed lookup for key [name] in "<RegexURLResolver <module 'django.contrib.auth.urls' from 'E:\\\\practian-ioteca-project\\\\ve_oauth2_backend\\\\lib\\\\site-packages\\\\django\\\\contrib\\\\auth\\\\urls.py'> (None:None) ^accounts/>"
[2016-12-01 23:34:49] DEBUG [django.template:929] Exception while resolving variable 'name' in template 'unknown'.
Traceback (most recent call last):
  File "E:\practian-ioteca-project\ve_oauth2_backend\lib\site-packages\django\core\handlers\exception.py", line 39, in inner
    response = get_response(request)
  File "E:\practian-ioteca-project\ve_oauth2_backend\lib\site-packages\django\core\handlers\base.py", line 249, in _legacy_get_response
    response = self._get_response(request)
  File "E:\practian-ioteca-project\ve_oauth2_backend\lib\site-packages\django\core\handlers\base.py", line 172, in _get_response
    resolver_match = resolver.resolve(request.path_info)
  File "E:\practian-ioteca-project\ve_oauth2_backend\lib\site-packages\django\urls\resolvers.py", line 300, in resolve
    raise Resolver404({'tried': tried, 'path': new_path})
django.urls.exceptions.Resolver404: {'path': 'favicon.ico', 'tried': [[<RegexURLResolver <RegexURLPattern list> (admin:admin) ^admin/>], [<RegexURLResolver <module 'django.contrib.admindocs.urls' from 'E:\\practian-ioteca-project\\ve_oauth2_backend\\lib\\site-packages\\django\\contrib\\admindocs\\urls.py'> (None:None) ^admin/doc/>], [<RegexURLResolver <module 'django.contrib.auth.urls' from 'E:\\practian-ioteca-project\\ve_oauth2_backend\\lib\\site-packages\\django\\contrib\\auth\\urls.py'> (None:None) ^accounts/>], [<RegexURLResolver <module 'oauth2_provider.urls' from 'E:\\practian-ioteca-project\\ve_oauth2_backend\\lib\\site-packages\\oauth2_provider\\urls.py'> (None:oauth2_provider) ^o/>], [<RegexURLResolver <module 'oauth2_backend_api.urls' from 'E:\\practian-ioteca-project\\oauth2_backend_service\\oauth2_backend_api\\urls.py'> (None:None) ^api/oauth2_backend/>]]}

During handling of the above exception, another exception occurred:

Traceback (most recent call last):
  File "E:\practian-ioteca-project\ve_oauth2_backend\lib\site-packages\django\template\base.py", line 885, in _resolve_lookup
    current = current[bit]
TypeError: 'RegexURLResolver' object is not subscriptable

During handling of the above exception, another exception occurred:

Traceback (most recent call last):
  File "E:\practian-ioteca-project\ve_oauth2_backend\lib\site-packages\django\template\base.py", line 893, in _resolve_lookup
    current = getattr(current, bit)
AttributeError: 'RegexURLResolver' object has no attribute 'name'

During handling of the above exception, another exception occurred:

Traceback (most recent call last):
  File "E:\practian-ioteca-project\ve_oauth2_backend\lib\site-packages\django\template\base.py", line 900, in _resolve_lookup
    current = current[int(bit)]
ValueError: invalid literal for int() with base 10: 'name'

During handling of the above exception, another exception occurred:

Traceback (most recent call last):
  File "E:\practian-ioteca-project\ve_oauth2_backend\lib\site-packages\django\template\base.py", line 907, in _resolve_lookup
    (bit, current))  # missing attribute
django.template.base.VariableDoesNotExist: Failed lookup for key [name] in "<RegexURLResolver <module 'oauth2_provider.urls' from 'E:\\\\practian-ioteca-project\\\\ve_oauth2_backend\\\\lib\\\\site-packages\\\\oauth2_provider\\\\urls.py'> (None:oauth2_provider) ^o/>"
[2016-12-01 23:34:49] DEBUG [django.template:929] Exception while resolving variable 'name' in template 'unknown'.
Traceback (most recent call last):
  File "E:\practian-ioteca-project\ve_oauth2_backend\lib\site-packages\django\core\handlers\exception.py", line 39, in inner
    response = get_response(request)
  File "E:\practian-ioteca-project\ve_oauth2_backend\lib\site-packages\django\core\handlers\base.py", line 249, in _legacy_get_response
    response = self._get_response(request)
  File "E:\practian-ioteca-project\ve_oauth2_backend\lib\site-packages\django\core\handlers\base.py", line 172, in _get_response
    resolver_match = resolver.resolve(request.path_info)
  File "E:\practian-ioteca-project\ve_oauth2_backend\lib\site-packages\django\urls\resolvers.py", line 300, in resolve
    raise Resolver404({'tried': tried, 'path': new_path})
django.urls.exceptions.Resolver404: {'path': 'favicon.ico', 'tried': [[<RegexURLResolver <RegexURLPattern list> (admin:admin) ^admin/>], [<RegexURLResolver <module 'django.contrib.admindocs.urls' from 'E:\\practian-ioteca-project\\ve_oauth2_backend\\lib\\site-packages\\django\\contrib\\admindocs\\urls.py'> (None:None) ^admin/doc/>], [<RegexURLResolver <module 'django.contrib.auth.urls' from 'E:\\practian-ioteca-project\\ve_oauth2_backend\\lib\\site-packages\\django\\contrib\\auth\\urls.py'> (None:None) ^accounts/>], [<RegexURLResolver <module 'oauth2_provider.urls' from 'E:\\practian-ioteca-project\\ve_oauth2_backend\\lib\\site-packages\\oauth2_provider\\urls.py'> (None:oauth2_provider) ^o/>], [<RegexURLResolver <module 'oauth2_backend_api.urls' from 'E:\\practian-ioteca-project\\oauth2_backend_service\\oauth2_backend_api\\urls.py'> (None:None) ^api/oauth2_backend/>]]}

During handling of the above exception, another exception occurred:

Traceback (most recent call last):
  File "E:\practian-ioteca-project\ve_oauth2_backend\lib\site-packages\django\template\base.py", line 885, in _resolve_lookup
    current = current[bit]
TypeError: 'RegexURLResolver' object is not subscriptable

During handling of the above exception, another exception occurred:

Traceback (most recent call last):
  File "E:\practian-ioteca-project\ve_oauth2_backend\lib\site-packages\django\template\base.py", line 893, in _resolve_lookup
    current = getattr(current, bit)
AttributeError: 'RegexURLResolver' object has no attribute 'name'

During handling of the above exception, another exception occurred:

Traceback (most recent call last):
  File "E:\practian-ioteca-project\ve_oauth2_backend\lib\site-packages\django\template\base.py", line 900, in _resolve_lookup
    current = current[int(bit)]
ValueError: invalid literal for int() with base 10: 'name'

During handling of the above exception, another exception occurred:

Traceback (most recent call last):
  File "E:\practian-ioteca-project\ve_oauth2_backend\lib\site-packages\django\template\base.py", line 907, in _resolve_lookup
    (bit, current))  # missing attribute
django.template.base.VariableDoesNotExist: Failed lookup for key [name] in "<RegexURLResolver <module 'oauth2_backend_api.urls' from 'E:\\\\practian-ioteca-project\\\\oauth2_backend_service\\\\oauth2_backend_api\\\\urls.py'> (None:None) ^api/oauth2_backend/>"
[2016-12-01 23:34:49] WARNING [django.request:152] Not Found: /favicon.ico
[2016-12-01 23:34:49] WARNING [django.server:131] "GET /favicon.ico HTTP/1.1" 404 2393
[2016-12-01 23:34:49] DEBUG [django.template:929] Exception while resolving variable 'name' in template 'unknown'.
Traceback (most recent call last):
  File "E:\practian-ioteca-project\ve_oauth2_backend\lib\site-packages\django\core\handlers\exception.py", line 39, in inner
    response = get_response(request)
  File "E:\practian-ioteca-project\ve_oauth2_backend\lib\site-packages\django\core\handlers\base.py", line 249, in _legacy_get_response
    response = self._get_response(request)
  File "E:\practian-ioteca-project\ve_oauth2_backend\lib\site-packages\django\core\handlers\base.py", line 172, in _get_response
    resolver_match = resolver.resolve(request.path_info)
  File "E:\practian-ioteca-project\ve_oauth2_backend\lib\site-packages\django\urls\resolvers.py", line 300, in resolve
    raise Resolver404({'tried': tried, 'path': new_path})
django.urls.exceptions.Resolver404: {'path': 'favicon.ico', 'tried': [[<RegexURLResolver <RegexURLPattern list> (admin:admin) ^admin/>], [<RegexURLResolver <module 'django.contrib.admindocs.urls' from 'E:\\practian-ioteca-project\\ve_oauth2_backend\\lib\\site-packages\\django\\contrib\\admindocs\\urls.py'> (None:None) ^admin/doc/>], [<RegexURLResolver <module 'django.contrib.auth.urls' from 'E:\\practian-ioteca-project\\ve_oauth2_backend\\lib\\site-packages\\django\\contrib\\auth\\urls.py'> (None:None) ^accounts/>], [<RegexURLResolver <module 'oauth2_provider.urls' from 'E:\\practian-ioteca-project\\ve_oauth2_backend\\lib\\site-packages\\oauth2_provider\\urls.py'> (None:oauth2_provider) ^o/>], [<RegexURLResolver <module 'oauth2_backend_api.urls' from 'E:\\practian-ioteca-project\\oauth2_backend_service\\oauth2_backend_api\\urls.py'> (None:None) ^api/oauth2_backend/>]]}

During handling of the above exception, another exception occurred:

Traceback (most recent call last):
  File "E:\practian-ioteca-project\ve_oauth2_backend\lib\site-packages\django\template\base.py", line 885, in _resolve_lookup
    current = current[bit]
TypeError: 'RegexURLResolver' object is not subscriptable

During handling of the above exception, another exception occurred:

Traceback (most recent call last):
  File "E:\practian-ioteca-project\ve_oauth2_backend\lib\site-packages\django\template\base.py", line 893, in _resolve_lookup
    current = getattr(current, bit)
AttributeError: 'RegexURLResolver' object has no attribute 'name'

During handling of the above exception, another exception occurred:

Traceback (most recent call last):
  File "E:\practian-ioteca-project\ve_oauth2_backend\lib\site-packages\django\template\base.py", line 900, in _resolve_lookup
    current = current[int(bit)]
ValueError: invalid literal for int() with base 10: 'name'

During handling of the above exception, another exception occurred:

Traceback (most recent call last):
  File "E:\practian-ioteca-project\ve_oauth2_backend\lib\site-packages\django\template\base.py", line 907, in _resolve_lookup
    (bit, current))  # missing attribute
django.template.base.VariableDoesNotExist: Failed lookup for key [name] in '<RegexURLResolver <RegexURLPattern list> (admin:admin) ^admin/>'
[2016-12-01 23:34:49] DEBUG [django.template:929] Exception while resolving variable 'name' in template 'unknown'.
Traceback (most recent call last):
  File "E:\practian-ioteca-project\ve_oauth2_backend\lib\site-packages\django\core\handlers\exception.py", line 39, in inner
    response = get_response(request)
  File "E:\practian-ioteca-project\ve_oauth2_backend\lib\site-packages\django\core\handlers\base.py", line 249, in _legacy_get_response
    response = self._get_response(request)
  File "E:\practian-ioteca-project\ve_oauth2_backend\lib\site-packages\django\core\handlers\base.py", line 172, in _get_response
    resolver_match = resolver.resolve(request.path_info)
  File "E:\practian-ioteca-project\ve_oauth2_backend\lib\site-packages\django\urls\resolvers.py", line 300, in resolve
    raise Resolver404({'tried': tried, 'path': new_path})
django.urls.exceptions.Resolver404: {'path': 'favicon.ico', 'tried': [[<RegexURLResolver <RegexURLPattern list> (admin:admin) ^admin/>], [<RegexURLResolver <module 'django.contrib.admindocs.urls' from 'E:\\practian-ioteca-project\\ve_oauth2_backend\\lib\\site-packages\\django\\contrib\\admindocs\\urls.py'> (None:None) ^admin/doc/>], [<RegexURLResolver <module 'django.contrib.auth.urls' from 'E:\\practian-ioteca-project\\ve_oauth2_backend\\lib\\site-packages\\django\\contrib\\auth\\urls.py'> (None:None) ^accounts/>], [<RegexURLResolver <module 'oauth2_provider.urls' from 'E:\\practian-ioteca-project\\ve_oauth2_backend\\lib\\site-packages\\oauth2_provider\\urls.py'> (None:oauth2_provider) ^o/>], [<RegexURLResolver <module 'oauth2_backend_api.urls' from 'E:\\practian-ioteca-project\\oauth2_backend_service\\oauth2_backend_api\\urls.py'> (None:None) ^api/oauth2_backend/>]]}

During handling of the above exception, another exception occurred:

Traceback (most recent call last):
  File "E:\practian-ioteca-project\ve_oauth2_backend\lib\site-packages\django\template\base.py", line 885, in _resolve_lookup
    current = current[bit]
TypeError: 'RegexURLResolver' object is not subscriptable

During handling of the above exception, another exception occurred:

Traceback (most recent call last):
  File "E:\practian-ioteca-project\ve_oauth2_backend\lib\site-packages\django\template\base.py", line 893, in _resolve_lookup
    current = getattr(current, bit)
AttributeError: 'RegexURLResolver' object has no attribute 'name'

During handling of the above exception, another exception occurred:

Traceback (most recent call last):
  File "E:\practian-ioteca-project\ve_oauth2_backend\lib\site-packages\django\template\base.py", line 900, in _resolve_lookup
    current = current[int(bit)]
ValueError: invalid literal for int() with base 10: 'name'

During handling of the above exception, another exception occurred:

Traceback (most recent call last):
  File "E:\practian-ioteca-project\ve_oauth2_backend\lib\site-packages\django\template\base.py", line 907, in _resolve_lookup
    (bit, current))  # missing attribute
django.template.base.VariableDoesNotExist: Failed lookup for key [name] in "<RegexURLResolver <module 'django.contrib.admindocs.urls' from 'E:\\\\practian-ioteca-project\\\\ve_oauth2_backend\\\\lib\\\\site-packages\\\\django\\\\contrib\\\\admindocs\\\\urls.py'> (None:None) ^admin/doc/>"
[2016-12-01 23:34:49] DEBUG [django.template:929] Exception while resolving variable 'name' in template 'unknown'.
Traceback (most recent call last):
  File "E:\practian-ioteca-project\ve_oauth2_backend\lib\site-packages\django\core\handlers\exception.py", line 39, in inner
    response = get_response(request)
  File "E:\practian-ioteca-project\ve_oauth2_backend\lib\site-packages\django\core\handlers\base.py", line 249, in _legacy_get_response
    response = self._get_response(request)
  File "E:\practian-ioteca-project\ve_oauth2_backend\lib\site-packages\django\core\handlers\base.py", line 172, in _get_response
    resolver_match = resolver.resolve(request.path_info)
  File "E:\practian-ioteca-project\ve_oauth2_backend\lib\site-packages\django\urls\resolvers.py", line 300, in resolve
    raise Resolver404({'tried': tried, 'path': new_path})
django.urls.exceptions.Resolver404: {'path': 'favicon.ico', 'tried': [[<RegexURLResolver <RegexURLPattern list> (admin:admin) ^admin/>], [<RegexURLResolver <module 'django.contrib.admindocs.urls' from 'E:\\practian-ioteca-project\\ve_oauth2_backend\\lib\\site-packages\\django\\contrib\\admindocs\\urls.py'> (None:None) ^admin/doc/>], [<RegexURLResolver <module 'django.contrib.auth.urls' from 'E:\\practian-ioteca-project\\ve_oauth2_backend\\lib\\site-packages\\django\\contrib\\auth\\urls.py'> (None:None) ^accounts/>], [<RegexURLResolver <module 'oauth2_provider.urls' from 'E:\\practian-ioteca-project\\ve_oauth2_backend\\lib\\site-packages\\oauth2_provider\\urls.py'> (None:oauth2_provider) ^o/>], [<RegexURLResolver <module 'oauth2_backend_api.urls' from 'E:\\practian-ioteca-project\\oauth2_backend_service\\oauth2_backend_api\\urls.py'> (None:None) ^api/oauth2_backend/>]]}

During handling of the above exception, another exception occurred:

Traceback (most recent call last):
  File "E:\practian-ioteca-project\ve_oauth2_backend\lib\site-packages\django\template\base.py", line 885, in _resolve_lookup
    current = current[bit]
TypeError: 'RegexURLResolver' object is not subscriptable

During handling of the above exception, another exception occurred:

Traceback (most recent call last):
  File "E:\practian-ioteca-project\ve_oauth2_backend\lib\site-packages\django\template\base.py", line 893, in _resolve_lookup
    current = getattr(current, bit)
AttributeError: 'RegexURLResolver' object has no attribute 'name'

During handling of the above exception, another exception occurred:

Traceback (most recent call last):
  File "E:\practian-ioteca-project\ve_oauth2_backend\lib\site-packages\django\template\base.py", line 900, in _resolve_lookup
    current = current[int(bit)]
ValueError: invalid literal for int() with base 10: 'name'

During handling of the above exception, another exception occurred:

Traceback (most recent call last):
  File "E:\practian-ioteca-project\ve_oauth2_backend\lib\site-packages\django\template\base.py", line 907, in _resolve_lookup
    (bit, current))  # missing attribute
django.template.base.VariableDoesNotExist: Failed lookup for key [name] in "<RegexURLResolver <module 'django.contrib.auth.urls' from 'E:\\\\practian-ioteca-project\\\\ve_oauth2_backend\\\\lib\\\\site-packages\\\\django\\\\contrib\\\\auth\\\\urls.py'> (None:None) ^accounts/>"
[2016-12-01 23:34:49] DEBUG [django.template:929] Exception while resolving variable 'name' in template 'unknown'.
Traceback (most recent call last):
  File "E:\practian-ioteca-project\ve_oauth2_backend\lib\site-packages\django\core\handlers\exception.py", line 39, in inner
    response = get_response(request)
  File "E:\practian-ioteca-project\ve_oauth2_backend\lib\site-packages\django\core\handlers\base.py", line 249, in _legacy_get_response
    response = self._get_response(request)
  File "E:\practian-ioteca-project\ve_oauth2_backend\lib\site-packages\django\core\handlers\base.py", line 172, in _get_response
    resolver_match = resolver.resolve(request.path_info)
  File "E:\practian-ioteca-project\ve_oauth2_backend\lib\site-packages\django\urls\resolvers.py", line 300, in resolve
    raise Resolver404({'tried': tried, 'path': new_path})
django.urls.exceptions.Resolver404: {'path': 'favicon.ico', 'tried': [[<RegexURLResolver <RegexURLPattern list> (admin:admin) ^admin/>], [<RegexURLResolver <module 'django.contrib.admindocs.urls' from 'E:\\practian-ioteca-project\\ve_oauth2_backend\\lib\\site-packages\\django\\contrib\\admindocs\\urls.py'> (None:None) ^admin/doc/>], [<RegexURLResolver <module 'django.contrib.auth.urls' from 'E:\\practian-ioteca-project\\ve_oauth2_backend\\lib\\site-packages\\django\\contrib\\auth\\urls.py'> (None:None) ^accounts/>], [<RegexURLResolver <module 'oauth2_provider.urls' from 'E:\\practian-ioteca-project\\ve_oauth2_backend\\lib\\site-packages\\oauth2_provider\\urls.py'> (None:oauth2_provider) ^o/>], [<RegexURLResolver <module 'oauth2_backend_api.urls' from 'E:\\practian-ioteca-project\\oauth2_backend_service\\oauth2_backend_api\\urls.py'> (None:None) ^api/oauth2_backend/>]]}

During handling of the above exception, another exception occurred:

Traceback (most recent call last):
  File "E:\practian-ioteca-project\ve_oauth2_backend\lib\site-packages\django\template\base.py", line 885, in _resolve_lookup
    current = current[bit]
TypeError: 'RegexURLResolver' object is not subscriptable

During handling of the above exception, another exception occurred:

Traceback (most recent call last):
  File "E:\practian-ioteca-project\ve_oauth2_backend\lib\site-packages\django\template\base.py", line 893, in _resolve_lookup
    current = getattr(current, bit)
AttributeError: 'RegexURLResolver' object has no attribute 'name'

During handling of the above exception, another exception occurred:

Traceback (most recent call last):
  File "E:\practian-ioteca-project\ve_oauth2_backend\lib\site-packages\django\template\base.py", line 900, in _resolve_lookup
    current = current[int(bit)]
ValueError: invalid literal for int() with base 10: 'name'

During handling of the above exception, another exception occurred:

Traceback (most recent call last):
  File "E:\practian-ioteca-project\ve_oauth2_backend\lib\site-packages\django\template\base.py", line 907, in _resolve_lookup
    (bit, current))  # missing attribute
django.template.base.VariableDoesNotExist: Failed lookup for key [name] in "<RegexURLResolver <module 'oauth2_provider.urls' from 'E:\\\\practian-ioteca-project\\\\ve_oauth2_backend\\\\lib\\\\site-packages\\\\oauth2_provider\\\\urls.py'> (None:oauth2_provider) ^o/>"
[2016-12-01 23:34:49] DEBUG [django.template:929] Exception while resolving variable 'name' in template 'unknown'.
Traceback (most recent call last):
  File "E:\practian-ioteca-project\ve_oauth2_backend\lib\site-packages\django\core\handlers\exception.py", line 39, in inner
    response = get_response(request)
  File "E:\practian-ioteca-project\ve_oauth2_backend\lib\site-packages\django\core\handlers\base.py", line 249, in _legacy_get_response
    response = self._get_response(request)
  File "E:\practian-ioteca-project\ve_oauth2_backend\lib\site-packages\django\core\handlers\base.py", line 172, in _get_response
    resolver_match = resolver.resolve(request.path_info)
  File "E:\practian-ioteca-project\ve_oauth2_backend\lib\site-packages\django\urls\resolvers.py", line 300, in resolve
    raise Resolver404({'tried': tried, 'path': new_path})
django.urls.exceptions.Resolver404: {'path': 'favicon.ico', 'tried': [[<RegexURLResolver <RegexURLPattern list> (admin:admin) ^admin/>], [<RegexURLResolver <module 'django.contrib.admindocs.urls' from 'E:\\practian-ioteca-project\\ve_oauth2_backend\\lib\\site-packages\\django\\contrib\\admindocs\\urls.py'> (None:None) ^admin/doc/>], [<RegexURLResolver <module 'django.contrib.auth.urls' from 'E:\\practian-ioteca-project\\ve_oauth2_backend\\lib\\site-packages\\django\\contrib\\auth\\urls.py'> (None:None) ^accounts/>], [<RegexURLResolver <module 'oauth2_provider.urls' from 'E:\\practian-ioteca-project\\ve_oauth2_backend\\lib\\site-packages\\oauth2_provider\\urls.py'> (None:oauth2_provider) ^o/>], [<RegexURLResolver <module 'oauth2_backend_api.urls' from 'E:\\practian-ioteca-project\\oauth2_backend_service\\oauth2_backend_api\\urls.py'> (None:None) ^api/oauth2_backend/>]]}

During handling of the above exception, another exception occurred:

Traceback (most recent call last):
  File "E:\practian-ioteca-project\ve_oauth2_backend\lib\site-packages\django\template\base.py", line 885, in _resolve_lookup
    current = current[bit]
TypeError: 'RegexURLResolver' object is not subscriptable

During handling of the above exception, another exception occurred:

Traceback (most recent call last):
  File "E:\practian-ioteca-project\ve_oauth2_backend\lib\site-packages\django\template\base.py", line 893, in _resolve_lookup
    current = getattr(current, bit)
AttributeError: 'RegexURLResolver' object has no attribute 'name'

During handling of the above exception, another exception occurred:

Traceback (most recent call last):
  File "E:\practian-ioteca-project\ve_oauth2_backend\lib\site-packages\django\template\base.py", line 900, in _resolve_lookup
    current = current[int(bit)]
ValueError: invalid literal for int() with base 10: 'name'

During handling of the above exception, another exception occurred:

Traceback (most recent call last):
  File "E:\practian-ioteca-project\ve_oauth2_backend\lib\site-packages\django\template\base.py", line 907, in _resolve_lookup
    (bit, current))  # missing attribute
django.template.base.VariableDoesNotExist: Failed lookup for key [name] in "<RegexURLResolver <module 'oauth2_backend_api.urls' from 'E:\\\\practian-ioteca-project\\\\oauth2_backend_service\\\\oauth2_backend_api\\\\urls.py'> (None:None) ^api/oauth2_backend/>"
[2016-12-01 23:34:49] WARNING [django.request:152] Not Found: /favicon.ico
[2016-12-01 23:34:49] WARNING [django.server:131] "GET /favicon.ico HTTP/1.1" 404 2393
[2016-12-01 23:34:51] INFO [django.server:131] "OPTIONS /api/oauth2_backend/usermenu/ HTTP/1.1" 200 0
[2016-12-01 23:34:51] DEBUG [django.db.backends:90] (0.000) SELECT @@SQL_AUTO_IS_NULL; args=None
[2016-12-01 23:34:51] DEBUG [django.db.backends:90] (0.000) SET SQL_AUTO_IS_NULL = 0; args=None
[2016-12-01 23:34:51] DEBUG [django.db.backends:90] (0.000) SELECT VERSION(); args=None
[2016-12-01 23:34:51] DEBUG [django.db.backends:90] (0.000) SET SQL_AUTO_IS_NULL = 0; args=None
[2016-12-01 23:34:51] DEBUG [django.db.backends:90] (0.008) SELECT `oauth2_provider_accesstoken`.`id`, `oauth2_provider_accesstoken`.`user_id`, `oauth2_provider_accesstoken`.`token`, `oauth2_provider_accesstoken`.`application_id`, `oauth2_provider_accesstoken`.`expires`, `oauth2_provider_accesstoken`.`scope`, `oauth2_backend_user`.`password`, `oauth2_backend_user`.`last_login`, `oauth2_backend_user`.`is_superuser`, `oauth2_backend_user`.`username`, `oauth2_backend_user`.`first_name`, `oauth2_backend_user`.`last_name`, `oauth2_backend_user`.`email`, `oauth2_backend_user`.`is_staff`, `oauth2_backend_user`.`is_active`, `oauth2_backend_user`.`date_joined`, `oauth2_backend_user`.`id`, `oauth2_backend_user`.`last_hierarchy_id`, `oauth2_backend_user`.`last_module_id`, `oauth2_backend_user`.`person_id`, `oauth2_backend_user`.`updated_at`, `oauth2_backend_user`.`registered_by`, `oauth2_provider_application`.`id`, `oauth2_provider_application`.`client_id`, `oauth2_provider_application`.`user_id`, `oauth2_provider_application`.`redirect_uris`, `oauth2_provider_application`.`client_type`, `oauth2_provider_application`.`authorization_grant_type`, `oauth2_provider_application`.`client_secret`, `oauth2_provider_application`.`name`, `oauth2_provider_application`.`skip_authorization` FROM `oauth2_provider_accesstoken` LEFT OUTER JOIN `oauth2_backend_user` ON (`oauth2_provider_accesstoken`.`user_id` = `oauth2_backend_user`.`id`) INNER JOIN `oauth2_provider_application` ON (`oauth2_provider_accesstoken`.`application_id` = `oauth2_provider_application`.`id`) WHERE `oauth2_provider_accesstoken`.`token` = 'x2JGhs1GgZXrMPsuO5sGCP6oYg6rip'; args=('x2JGhs1GgZXrMPsuO5sGCP6oYg6rip',)
[2016-12-01 23:34:51] DEBUG [django.db.backends:90] (0.001) SELECT `oauth2_backend_user`.`password`, `oauth2_backend_user`.`last_login`, `oauth2_backend_user`.`is_superuser`, `oauth2_backend_user`.`username`, `oauth2_backend_user`.`first_name`, `oauth2_backend_user`.`last_name`, `oauth2_backend_user`.`email`, `oauth2_backend_user`.`is_staff`, `oauth2_backend_user`.`is_active`, `oauth2_backend_user`.`date_joined`, `oauth2_backend_user`.`id`, `oauth2_backend_user`.`last_hierarchy_id`, `oauth2_backend_user`.`last_module_id`, `oauth2_backend_user`.`person_id`, `oauth2_backend_user`.`updated_at`, `oauth2_backend_user`.`registered_by` FROM `oauth2_backend_user` WHERE `oauth2_backend_user`.`username` IS NULL; args=()
[2016-12-01 23:34:51] DEBUG [django.db.backends:90] (0.001) SELECT `oauth2_provider_accesstoken`.`id`, `oauth2_provider_accesstoken`.`user_id`, `oauth2_provider_accesstoken`.`token`, `oauth2_provider_accesstoken`.`application_id`, `oauth2_provider_accesstoken`.`expires`, `oauth2_provider_accesstoken`.`scope`, `oauth2_backend_user`.`password`, `oauth2_backend_user`.`last_login`, `oauth2_backend_user`.`is_superuser`, `oauth2_backend_user`.`username`, `oauth2_backend_user`.`first_name`, `oauth2_backend_user`.`last_name`, `oauth2_backend_user`.`email`, `oauth2_backend_user`.`is_staff`, `oauth2_backend_user`.`is_active`, `oauth2_backend_user`.`date_joined`, `oauth2_backend_user`.`id`, `oauth2_backend_user`.`last_hierarchy_id`, `oauth2_backend_user`.`last_module_id`, `oauth2_backend_user`.`person_id`, `oauth2_backend_user`.`updated_at`, `oauth2_backend_user`.`registered_by`, `oauth2_provider_application`.`id`, `oauth2_provider_application`.`client_id`, `oauth2_provider_application`.`user_id`, `oauth2_provider_application`.`redirect_uris`, `oauth2_provider_application`.`client_type`, `oauth2_provider_application`.`authorization_grant_type`, `oauth2_provider_application`.`client_secret`, `oauth2_provider_application`.`name`, `oauth2_provider_application`.`skip_authorization` FROM `oauth2_provider_accesstoken` LEFT OUTER JOIN `oauth2_backend_user` ON (`oauth2_provider_accesstoken`.`user_id` = `oauth2_backend_user`.`id`) INNER JOIN `oauth2_provider_application` ON (`oauth2_provider_accesstoken`.`application_id` = `oauth2_provider_application`.`id`) WHERE `oauth2_provider_accesstoken`.`token` = 'x2JGhs1GgZXrMPsuO5sGCP6oYg6rip'; args=('x2JGhs1GgZXrMPsuO5sGCP6oYg6rip',)
[2016-12-01 23:34:51] WARNING [django.server:131] "GET /api/oauth2_backend/usermenu/ HTTP/1.1" 401 58
[2016-12-01 23:34:53] DEBUG [django.db.backends:90] (0.000) SELECT @@SQL_AUTO_IS_NULL; args=None
[2016-12-01 23:34:53] DEBUG [django.db.backends:90] (0.000) SET SQL_AUTO_IS_NULL = 0; args=None
[2016-12-01 23:34:53] DEBUG [django.db.backends:90] (0.000) SELECT VERSION(); args=None
[2016-12-01 23:34:53] DEBUG [django.db.backends:90] (0.000) SET SQL_AUTO_IS_NULL = 0; args=None
[2016-12-01 23:34:53] DEBUG [django.db.backends:90] (0.000) SELECT `django_session`.`session_key`, `django_session`.`session_data`, `django_session`.`expire_date` FROM `django_session` WHERE (`django_session`.`expire_date` > '2016-12-02 04:34:53' AND `django_session`.`session_key` = '5s0dl55aul393hvdt51pdlmrkkug1aq0'); args=('2016-12-02 04:34:53', '5s0dl55aul393hvdt51pdlmrkkug1aq0')
[2016-12-01 23:34:53] DEBUG [django.db.backends:90] (0.001) SELECT `oauth2_backend_user`.`password`, `oauth2_backend_user`.`last_login`, `oauth2_backend_user`.`is_superuser`, `oauth2_backend_user`.`username`, `oauth2_backend_user`.`first_name`, `oauth2_backend_user`.`last_name`, `oauth2_backend_user`.`email`, `oauth2_backend_user`.`is_staff`, `oauth2_backend_user`.`is_active`, `oauth2_backend_user`.`date_joined`, `oauth2_backend_user`.`id`, `oauth2_backend_user`.`last_hierarchy_id`, `oauth2_backend_user`.`last_module_id`, `oauth2_backend_user`.`person_id`, `oauth2_backend_user`.`updated_at`, `oauth2_backend_user`.`registered_by` FROM `oauth2_backend_user` WHERE `oauth2_backend_user`.`id` = '6e9f183475a14abf9cda0fe98ba93535'; args=('6e9f183475a14abf9cda0fe98ba93535',)
[2016-12-01 23:34:53] DEBUG [django.db.backends:90] (0.001) SELECT `oauth2_provider_application`.`id`, `oauth2_provider_application`.`client_id`, `oauth2_provider_application`.`user_id`, `oauth2_provider_application`.`redirect_uris`, `oauth2_provider_application`.`client_type`, `oauth2_provider_application`.`authorization_grant_type`, `oauth2_provider_application`.`client_secret`, `oauth2_provider_application`.`name`, `oauth2_provider_application`.`skip_authorization` FROM `oauth2_provider_application` WHERE `oauth2_provider_application`.`client_id` = 'o5W31ZGx7XrCp4B4f6Mr0HMryYyUMuswMpL0LLi4'; args=('o5W31ZGx7XrCp4B4f6Mr0HMryYyUMuswMpL0LLi4',)
[2016-12-01 23:34:53] DEBUG [django.db.backends:90] (0.000) INSERT INTO `oauth2_provider_accesstoken` (`user_id`, `token`, `application_id`, `expires`, `scope`) VALUES ('6e9f183475a14abf9cda0fe98ba93535', 'M3kjdCcyTp0nLa6gz8RgVrlDlNW5ZO', 1, '2016-12-02 14:34:53', 'home'); args=['6e9f183475a14abf9cda0fe98ba93535', 'M3kjdCcyTp0nLa6gz8RgVrlDlNW5ZO', 1, '2016-12-02 14:34:53', 'home']
[2016-12-01 23:34:53] INFO [django.server:131] "POST /o/authorize/?response_type=token&client_id=o5W31ZGx7XrCp4B4f6Mr0HMryYyUMuswMpL0LLi4&state=kFpPhIKNp0rzSxhOdhyu%3B%23%2Fcatalogo%2Fcategorias&scope=home HTTP/1.1" 302 0
[2016-12-01 23:34:54] INFO [django.server:131] "OPTIONS /api/oauth2_backend/localuserinfo/ HTTP/1.1" 200 0
[2016-12-01 23:34:54] INFO [django.server:131] "OPTIONS /api/oauth2_backend/usermenu/ HTTP/1.1" 200 0
[2016-12-01 23:34:54] DEBUG [django.db.backends:90] (0.000) SELECT @@SQL_AUTO_IS_NULL; args=None
[2016-12-01 23:34:54] DEBUG [django.db.backends:90] (0.001) SELECT @@SQL_AUTO_IS_NULL; args=None
[2016-12-01 23:34:54] DEBUG [django.db.backends:90] (0.001) SET SQL_AUTO_IS_NULL = 0; args=None
[2016-12-01 23:34:54] DEBUG [django.db.backends:90] (0.001) SET SQL_AUTO_IS_NULL = 0; args=None
[2016-12-01 23:34:54] DEBUG [django.db.backends:90] (0.000) SELECT VERSION(); args=None
[2016-12-01 23:34:54] DEBUG [django.db.backends:90] (0.000) SELECT VERSION(); args=None
[2016-12-01 23:34:54] DEBUG [django.db.backends:90] (0.000) SET SQL_AUTO_IS_NULL = 0; args=None
[2016-12-01 23:34:54] DEBUG [django.db.backends:90] (0.000) SET SQL_AUTO_IS_NULL = 0; args=None
[2016-12-01 23:34:54] DEBUG [django.db.backends:90] (0.006) SELECT `oauth2_provider_accesstoken`.`id`, `oauth2_provider_accesstoken`.`user_id`, `oauth2_provider_accesstoken`.`token`, `oauth2_provider_accesstoken`.`application_id`, `oauth2_provider_accesstoken`.`expires`, `oauth2_provider_accesstoken`.`scope`, `oauth2_backend_user`.`password`, `oauth2_backend_user`.`last_login`, `oauth2_backend_user`.`is_superuser`, `oauth2_backend_user`.`username`, `oauth2_backend_user`.`first_name`, `oauth2_backend_user`.`last_name`, `oauth2_backend_user`.`email`, `oauth2_backend_user`.`is_staff`, `oauth2_backend_user`.`is_active`, `oauth2_backend_user`.`date_joined`, `oauth2_backend_user`.`id`, `oauth2_backend_user`.`last_hierarchy_id`, `oauth2_backend_user`.`last_module_id`, `oauth2_backend_user`.`person_id`, `oauth2_backend_user`.`updated_at`, `oauth2_backend_user`.`registered_by`, `oauth2_provider_application`.`id`, `oauth2_provider_application`.`client_id`, `oauth2_provider_application`.`user_id`, `oauth2_provider_application`.`redirect_uris`, `oauth2_provider_application`.`client_type`, `oauth2_provider_application`.`authorization_grant_type`, `oauth2_provider_application`.`client_secret`, `oauth2_provider_application`.`name`, `oauth2_provider_application`.`skip_authorization` FROM `oauth2_provider_accesstoken` LEFT OUTER JOIN `oauth2_backend_user` ON (`oauth2_provider_accesstoken`.`user_id` = `oauth2_backend_user`.`id`) INNER JOIN `oauth2_provider_application` ON (`oauth2_provider_accesstoken`.`application_id` = `oauth2_provider_application`.`id`) WHERE `oauth2_provider_accesstoken`.`token` = 'M3kjdCcyTp0nLa6gz8RgVrlDlNW5ZO'; args=('M3kjdCcyTp0nLa6gz8RgVrlDlNW5ZO',)
[2016-12-01 23:34:54] DEBUG [django.db.backends:90] (0.009) SELECT `oauth2_provider_accesstoken`.`id`, `oauth2_provider_accesstoken`.`user_id`, `oauth2_provider_accesstoken`.`token`, `oauth2_provider_accesstoken`.`application_id`, `oauth2_provider_accesstoken`.`expires`, `oauth2_provider_accesstoken`.`scope`, `oauth2_backend_user`.`password`, `oauth2_backend_user`.`last_login`, `oauth2_backend_user`.`is_superuser`, `oauth2_backend_user`.`username`, `oauth2_backend_user`.`first_name`, `oauth2_backend_user`.`last_name`, `oauth2_backend_user`.`email`, `oauth2_backend_user`.`is_staff`, `oauth2_backend_user`.`is_active`, `oauth2_backend_user`.`date_joined`, `oauth2_backend_user`.`id`, `oauth2_backend_user`.`last_hierarchy_id`, `oauth2_backend_user`.`last_module_id`, `oauth2_backend_user`.`person_id`, `oauth2_backend_user`.`updated_at`, `oauth2_backend_user`.`registered_by`, `oauth2_provider_application`.`id`, `oauth2_provider_application`.`client_id`, `oauth2_provider_application`.`user_id`, `oauth2_provider_application`.`redirect_uris`, `oauth2_provider_application`.`client_type`, `oauth2_provider_application`.`authorization_grant_type`, `oauth2_provider_application`.`client_secret`, `oauth2_provider_application`.`name`, `oauth2_provider_application`.`skip_authorization` FROM `oauth2_provider_accesstoken` LEFT OUTER JOIN `oauth2_backend_user` ON (`oauth2_provider_accesstoken`.`user_id` = `oauth2_backend_user`.`id`) INNER JOIN `oauth2_provider_application` ON (`oauth2_provider_accesstoken`.`application_id` = `oauth2_provider_application`.`id`) WHERE `oauth2_provider_accesstoken`.`token` = 'M3kjdCcyTp0nLa6gz8RgVrlDlNW5ZO'; args=('M3kjdCcyTp0nLa6gz8RgVrlDlNW5ZO',)
[2016-12-01 23:34:54] DEBUG [django.db.backends:90] (0.004) SELECT `oauth2_provider_accesstoken`.`id`, `oauth2_provider_accesstoken`.`user_id`, `oauth2_provider_accesstoken`.`token`, `oauth2_provider_accesstoken`.`application_id`, `oauth2_provider_accesstoken`.`expires`, `oauth2_provider_accesstoken`.`scope`, `oauth2_backend_user`.`password`, `oauth2_backend_user`.`last_login`, `oauth2_backend_user`.`is_superuser`, `oauth2_backend_user`.`username`, `oauth2_backend_user`.`first_name`, `oauth2_backend_user`.`last_name`, `oauth2_backend_user`.`email`, `oauth2_backend_user`.`is_staff`, `oauth2_backend_user`.`is_active`, `oauth2_backend_user`.`date_joined`, `oauth2_backend_user`.`id`, `oauth2_backend_user`.`last_hierarchy_id`, `oauth2_backend_user`.`last_module_id`, `oauth2_backend_user`.`person_id`, `oauth2_backend_user`.`updated_at`, `oauth2_backend_user`.`registered_by`, `oauth2_provider_application`.`id`, `oauth2_provider_application`.`client_id`, `oauth2_provider_application`.`user_id`, `oauth2_provider_application`.`redirect_uris`, `oauth2_provider_application`.`client_type`, `oauth2_provider_application`.`authorization_grant_type`, `oauth2_provider_application`.`client_secret`, `oauth2_provider_application`.`name`, `oauth2_provider_application`.`skip_authorization` FROM `oauth2_provider_accesstoken` LEFT OUTER JOIN `oauth2_backend_user` ON (`oauth2_provider_accesstoken`.`user_id` = `oauth2_backend_user`.`id`) INNER JOIN `oauth2_provider_application` ON (`oauth2_provider_accesstoken`.`application_id` = `oauth2_provider_application`.`id`) WHERE `oauth2_provider_accesstoken`.`token` = 'M3kjdCcyTp0nLa6gz8RgVrlDlNW5ZO'; args=('M3kjdCcyTp0nLa6gz8RgVrlDlNW5ZO',)
[2016-12-01 23:34:54] DEBUG [django.db.backends:90] (0.008) SELECT `oauth2_provider_accesstoken`.`id`, `oauth2_provider_accesstoken`.`user_id`, `oauth2_provider_accesstoken`.`token`, `oauth2_provider_accesstoken`.`application_id`, `oauth2_provider_accesstoken`.`expires`, `oauth2_provider_accesstoken`.`scope`, `oauth2_backend_user`.`password`, `oauth2_backend_user`.`last_login`, `oauth2_backend_user`.`is_superuser`, `oauth2_backend_user`.`username`, `oauth2_backend_user`.`first_name`, `oauth2_backend_user`.`last_name`, `oauth2_backend_user`.`email`, `oauth2_backend_user`.`is_staff`, `oauth2_backend_user`.`is_active`, `oauth2_backend_user`.`date_joined`, `oauth2_backend_user`.`id`, `oauth2_backend_user`.`last_hierarchy_id`, `oauth2_backend_user`.`last_module_id`, `oauth2_backend_user`.`person_id`, `oauth2_backend_user`.`updated_at`, `oauth2_backend_user`.`registered_by`, `oauth2_provider_application`.`id`, `oauth2_provider_application`.`client_id`, `oauth2_provider_application`.`user_id`, `oauth2_provider_application`.`redirect_uris`, `oauth2_provider_application`.`client_type`, `oauth2_provider_application`.`authorization_grant_type`, `oauth2_provider_application`.`client_secret`, `oauth2_provider_application`.`name`, `oauth2_provider_application`.`skip_authorization` FROM `oauth2_provider_accesstoken` LEFT OUTER JOIN `oauth2_backend_user` ON (`oauth2_provider_accesstoken`.`user_id` = `oauth2_backend_user`.`id`) INNER JOIN `oauth2_provider_application` ON (`oauth2_provider_accesstoken`.`application_id` = `oauth2_provider_application`.`id`) WHERE `oauth2_provider_accesstoken`.`token` = 'M3kjdCcyTp0nLa6gz8RgVrlDlNW5ZO'; args=('M3kjdCcyTp0nLa6gz8RgVrlDlNW5ZO',)
[2016-12-01 23:34:54] DEBUG [django.db.backends:90] (0.006) SELECT `auth_group`.`id`, `auth_group`.`name` FROM `auth_group` INNER JOIN `oauth2_backend_user_groups` ON (`auth_group`.`id` = `oauth2_backend_user_groups`.`group_id`) WHERE `oauth2_backend_user_groups`.`user_id` = '6e9f183475a14abf9cda0fe98ba93535'; args=('6e9f183475a14abf9cda0fe98ba93535',)
[2016-12-01 23:34:54] DEBUG [django.db.backends:90] (0.008) SELECT `oauth2_backend_menu`.`id` FROM `oauth2_backend_menu` WHERE (`oauth2_backend_menu`.`id` IS NOT NULL AND `oauth2_backend_menu`.`module` = 'BACKEND' AND `oauth2_backend_menu`.`is_active` = 1) ORDER BY `oauth2_backend_menu`.`pos` ASC; args=('BACKEND', True)
[2016-12-01 23:34:54] DEBUG [django.db.backends:90] (0.012) SELECT (1) AS `a` FROM `django_session` WHERE `django_session`.`session_key` = 'z2ymd6lgzegoqqsr1vobfxaom11etj97' LIMIT 1; args=('z2ymd6lgzegoqqsr1vobfxaom11etj97',)
[2016-12-01 23:34:54] DEBUG [django.db.backends:90] (0.017) SELECT `auth_permission`.`id`, `auth_permission`.`name`, `auth_permission`.`content_type_id`, `auth_permission`.`codename` FROM `auth_permission` INNER JOIN `oauth2_backend_user_user_permissions` ON (`auth_permission`.`id` = `oauth2_backend_user_user_permissions`.`permission_id`) INNER JOIN `django_content_type` ON (`auth_permission`.`content_type_id` = `django_content_type`.`id`) WHERE `oauth2_backend_user_user_permissions`.`user_id` = '6e9f183475a14abf9cda0fe98ba93535' ORDER BY `django_content_type`.`app_label` ASC, `django_content_type`.`model` ASC, `auth_permission`.`codename` ASC; args=('6e9f183475a14abf9cda0fe98ba93535',)
[2016-12-01 23:34:54] DEBUG [django.db.backends:90] (0.001) INSERT INTO `django_session` (`session_key`, `session_data`, `expire_date`) VALUES ('z2ymd6lgzegoqqsr1vobfxaom11etj97', 'NTFlOTk3MThkODI0ZjJkYjBmYTFiZjk0Zjg4NTdjZTViZDA1MGQxZjp7Il9zZXNzaW9uX2V4cGlyeSI6MzB9', '2016-12-02 04:35:24'); args=('z2ymd6lgzegoqqsr1vobfxaom11etj97', 'NTFlOTk3MThkODI0ZjJkYjBmYTFiZjk0Zjg4NTdjZTViZDA1MGQxZjp7Il9zZXNzaW9uX2V4cGlyeSI6MzB9', '2016-12-02 04:35:24')
[2016-12-01 23:34:54] INFO [django.server:131] "GET /api/oauth2_backend/localuserinfo/ HTTP/1.1" 200 384
[2016-12-01 23:34:54] INFO [django.server:131] "GET /api/oauth2_backend/usermenu/ HTTP/1.1" 200 11
[2016-12-01 23:35:10] DEBUG [django.db.backends:90] (0.000) SELECT @@SQL_AUTO_IS_NULL; args=None
[2016-12-01 23:35:10] DEBUG [django.db.backends:90] (0.000) SET SQL_AUTO_IS_NULL = 0; args=None
[2016-12-01 23:35:10] DEBUG [django.db.backends:90] (0.000) SELECT VERSION(); args=None
[2016-12-01 23:35:10] DEBUG [django.db.backends:90] (0.000) SET SQL_AUTO_IS_NULL = 0; args=None
[2016-12-01 23:35:10] DEBUG [django.db.backends:90] (0.000) SELECT `django_session`.`session_key`, `django_session`.`session_data`, `django_session`.`expire_date` FROM `django_session` WHERE (`django_session`.`expire_date` > '2016-12-02 04:35:10' AND `django_session`.`session_key` = '5s0dl55aul393hvdt51pdlmrkkug1aq0'); args=('2016-12-02 04:35:10', '5s0dl55aul393hvdt51pdlmrkkug1aq0')
[2016-12-01 23:35:10] DEBUG [django.db.backends:90] (0.001) SELECT `oauth2_backend_user`.`password`, `oauth2_backend_user`.`last_login`, `oauth2_backend_user`.`is_superuser`, `oauth2_backend_user`.`username`, `oauth2_backend_user`.`first_name`, `oauth2_backend_user`.`last_name`, `oauth2_backend_user`.`email`, `oauth2_backend_user`.`is_staff`, `oauth2_backend_user`.`is_active`, `oauth2_backend_user`.`date_joined`, `oauth2_backend_user`.`id`, `oauth2_backend_user`.`last_hierarchy_id`, `oauth2_backend_user`.`last_module_id`, `oauth2_backend_user`.`person_id`, `oauth2_backend_user`.`updated_at`, `oauth2_backend_user`.`registered_by` FROM `oauth2_backend_user` WHERE `oauth2_backend_user`.`id` = '6e9f183475a14abf9cda0fe98ba93535'; args=('6e9f183475a14abf9cda0fe98ba93535',)
[2016-12-01 23:35:10] DEBUG [django.db.backends:90] (0.000) SELECT `oauth2_provider_application`.`id`, `oauth2_provider_application`.`client_id`, `oauth2_provider_application`.`user_id`, `oauth2_provider_application`.`redirect_uris`, `oauth2_provider_application`.`client_type`, `oauth2_provider_application`.`authorization_grant_type`, `oauth2_provider_application`.`client_secret`, `oauth2_provider_application`.`name`, `oauth2_provider_application`.`skip_authorization` FROM `oauth2_provider_application` WHERE `oauth2_provider_application`.`client_id` = 'RBzvAoW3dtySxnPob5TuQgINV3yITSVE5bevdosI'; args=('RBzvAoW3dtySxnPob5TuQgINV3yITSVE5bevdosI',)
[2016-12-01 23:35:10] DEBUG [django.db.backends:90] (0.000) SELECT `oauth2_provider_application`.`id`, `oauth2_provider_application`.`client_id`, `oauth2_provider_application`.`user_id`, `oauth2_provider_application`.`redirect_uris`, `oauth2_provider_application`.`client_type`, `oauth2_provider_application`.`authorization_grant_type`, `oauth2_provider_application`.`client_secret`, `oauth2_provider_application`.`name`, `oauth2_provider_application`.`skip_authorization` FROM `oauth2_provider_application` WHERE `oauth2_provider_application`.`client_id` = 'RBzvAoW3dtySxnPob5TuQgINV3yITSVE5bevdosI'; args=('RBzvAoW3dtySxnPob5TuQgINV3yITSVE5bevdosI',)
[2016-12-01 23:35:10] DEBUG [django.template:929] Exception while resolving variable 'error' in template 'oauth2_provider/authorize.html'.
Traceback (most recent call last):
  File "E:\practian-ioteca-project\ve_oauth2_backend\lib\site-packages\django\template\base.py", line 885, in _resolve_lookup
    current = current[bit]
  File "E:\practian-ioteca-project\ve_oauth2_backend\lib\site-packages\django\template\context.py", line 75, in __getitem__
    raise KeyError(key)
KeyError: 'error'

During handling of the above exception, another exception occurred:

Traceback (most recent call last):
  File "E:\practian-ioteca-project\ve_oauth2_backend\lib\site-packages\django\template\base.py", line 891, in _resolve_lookup
    if isinstance(current, BaseContext) and getattr(type(current), bit):
AttributeError: type object 'RequestContext' has no attribute 'error'

During handling of the above exception, another exception occurred:

Traceback (most recent call last):
  File "E:\practian-ioteca-project\ve_oauth2_backend\lib\site-packages\django\template\base.py", line 900, in _resolve_lookup
    current = current[int(bit)]
ValueError: invalid literal for int() with base 10: 'error'

During handling of the above exception, another exception occurred:

Traceback (most recent call last):
  File "E:\practian-ioteca-project\ve_oauth2_backend\lib\site-packages\django\template\base.py", line 907, in _resolve_lookup
    (bit, current))  # missing attribute
django.template.base.VariableDoesNotExist: Failed lookup for key [error] in '[{\'None\': None, \'True\': True, \'False\': False}, {\'csrf_token\': <SimpleLazyObject: <function csrf.<locals>._get_val at 0x00000000052B1E18>>, \'messages\': <django.contrib.messages.storage.fallback.FallbackStorage object at 0x00000000050192B0>, \'perms\': <django.contrib.auth.context_processors.PermWrapper object at 0x0000000005046AC8>, \'DEFAULT_MESSAGE_LEVELS\': {\'SUCCESS\': 25, \'WARNING\': 30, \'INFO\': 20, \'ERROR\': 40, \'DEBUG\': 10}, \'request\': <WSGIRequest: GET \'/o/authorize/?response_type=token&client_id=RBzvAoW3dtySxnPob5TuQgINV3yITSVE5bevdosI&state=7QtXOsSxPY0y7h5woIi9%3B%23%2Fcatalogo%2Fcatalogo%2Fcategorias&scope=catalogo\'>, \'user\': <SimpleLazyObject: <User: admin>>}, {}, {\'redirect_uri\': \'http://localhost:9003\', \'scopes\': [\'catalogo\'], \'client_id\': \'RBzvAoW3dtySxnPob5TuQgINV3yITSVE5bevdosI\', \'view\': <oauth2_provider.views.base.AuthorizationView object at 0x000000000526C860>, \'request\': <oauthlib.Request url="/o/authorize/?response_type=token&client_id=RBzvAoW3dtySxnPob5TuQgINV3yITSVE5bevdosI&state=7QtXOsSxPY0y7h5woIi9%3B%23%2Fcatalogo%2Fcatalogo%2Fcategorias&scope=catalogo", http_method="GET", headers="{\'wsgi.url_scheme\': \'http\', \'CONTENT_LENGTH\': \'\', \'PROGRAMDATA\': \'C:\\\\ProgramData\', \'CONTENT_TYPE\': \'text/plain\', \'wsgi.file_wrapper\': <class \'wsgiref.util.FileWrapper\'>, \'QUERY_STRING\': \'response_type=token&client_id=RBzvAoW3dtySxnPob5TuQgINV3yITSVE5bevdosI&state=7QtXOsSxPY0y7h5woIi9%3B%23%2Fcatalogo%2Fcatalogo%2Fcategorias&scope=catalogo\', \'VIRTUAL_ENV\': \'E:\\\\practian-ioteca-project\\\\ve_oauth2_backend\', \'PROGRAMFILES\': \'C:\\\\Program Files\', \'SYSTEMROOT\': \'C:\\\\WINDOWS\', \'TMP\': \'C:\\\\Users\\\\Usuario\\\\AppData\\\\Local\\\\Temp\', \'COMPUTERNAME\': \'DEV1-ASULLOM\', \'PROGRAMW6432\': \'C:\\\\Program Files\', \'FPS_BROWSER_APP_PROFILE_STRING\': \'Internet Explorer\', \'LOGONSERVER\': \'\\\\\\\\DEV1-ASULLOM\', \'GATEWAY_INTERFACE\': \'CGI/1.1\', \'ALLUSERSPROFILE\': \'C:\\\\ProgramData\', \'USERDOMAIN\': \'DEV1-ASULLOM\', \'CSRF_COOKIE\': \'zbowsIwXKhQKipfs4sSLDanLKyC4KpJyk2ExrHirZDWzRWSaHK2I6IZ4NILAznin\', \'HTTP_ACCEPT\': \'text/html,application/xhtml+xml,application/xml;q=0.9,*/*;q=0.8\', \'USERNAME\': \'Usuario\', \'NUMBER_OF_PROCESSORS\': \'8\', \'RUN_MAIN\': \'true\', \'SERVER_PROTOCOL\': \'HTTP/1.1\', \'wsgi.version\': (1, 0), \'HOMEDRIVE\': \'C:\', \'wsgi.run_once\': False, \'SESSIONNAME\': \'Console\', \'HTTP_UPGRADE_INSECURE_REQUESTS\': \'1\', \'COMSPEC\': \'C:\\\\WINDOWS\\\\system32\\\\cmd.exe\', \'OS\': \'Windows_NT\', \'_OLD_VIRTUAL_PATH\': \'C:\\\\oraclexe\\\\app\\\\oracle\\\\product\\\\11.2.0\\\\server\\\\bin;;C:\\\\Python\\\\Python34\\\\;C:\\\\Python\\\\Python34\\\\Scripts\\\\;C:\\\\Python\\\\Python35\\\\Scripts\\\\;C:\\\\Python\\\\Python35\\\\;C:\\\\Program Files (x86)\\\\Intel\\\\iCLS Client\\\\;C:\\\\Program Files\\\\Intel\\\\iCLS Client\\\\;C:\\\\WINDOWS\\\\system32;C:\\\\WINDOWS;C:\\\\WINDOWS\\\\System32\\\\Wbem;C:\\\\WINDOWS\\\\System32\\\\WindowsPowerShell\\\\v1.0\\\\;C:\\\\Program Files (x86)\\\\Intel\\\\Intel(R) Management Engine Components\\\\DAL;C:\\\\Program Files\\\\Intel\\\\Intel(R) Management Engine Components\\\\DAL;C:\\\\Program Files (x86)\\\\Intel\\\\Intel(R) Management Engine Components\\\\IPT;C:\\\\Program Files\\\\Intel\\\\Intel(R) Management Engine Components\\\\IPT;C:\\\\Program Files\\\\nodejs\\\\;C:\\\\Program Files\\\\Git\\\\cmd;C:\\\\Program Files\\\\Perforce\\\\DVCS\\\\;C:\\\\Program Files\\\\Intel\\\\WiFi\\\\bin\\\\;C:\\\\Program Files\\\\Common Files\\\\Intel\\\\WirelessCommon\\\\;C:\\\\Python\\\\Python35-32\\\\Scripts\\\\;C:\\\\Python\\\\Python35-32\\\\;C:\\\\Users\\\\Usuario\\\\AppData\\\\Roaming\\\\npm;C:\\\\Users\\\\Usuario\\\\AppData\\\\Local\\\\atom\\\\bin;%USERPROFILE%\\\\AppData\\\\Local\\\\Microsoft\\\\WindowsApps;\', \'SCRIPT_NAME\': \'\', \'COMMONPROGRAMW6432\': \'C:\\\\Program Files\\\\Common Files\', \'REQUEST_METHOD\': \'GET\', \'SYSTEMDRIVE\': \'C:\', \'PUBLIC\': \'C:\\\\Users\\\\Public\', \'PROMPT\': \'(ve_oauth2_backend) $P$G\', \'wsgi.multiprocess\': False, \'REMOTE_ADDR\': \'127.0.0.1\', \'PROCESSOR_ARCHITECTURE\': \'AMD64\', \'PROCESSOR_LEVEL\': \'6\', \'PATH\': \'E:\\\\practian-ioteca-project\\\\ve_oauth2_backend\\\\Scripts;C:\\\\oraclexe\\\\app\\\\oracle\\\\product\\\\11.2.0\\\\server\\\\bin;;C:\\\\Python\\\\Python34\\\\;C:\\\\Python\\\\Python34\\\\Scripts\\\\;C:\\\\Python\\\\Python35\\\\Scripts\\\\;C:\\\\Python\\\\Python35\\\\;C:\\\\Program Files (x86)\\\\Intel\\\\iCLS Client\\\\;C:\\\\Program Files\\\\Intel\\\\iCLS Client\\\\;C:\\\\WINDOWS\\\\system32;C:\\\\WINDOWS;C:\\\\WINDOWS\\\\System32\\\\Wbem;C:\\\\WINDOWS\\\\System32\\\\WindowsPowerShell\\\\v1.0\\\\;C:\\\\Program Files (x86)\\\\Intel\\\\Intel(R) Management Engine Components\\\\DAL;C:\\\\Program Files\\\\Intel\\\\Intel(R) Management Engine Components\\\\DAL;C:\\\\Program Files (x86)\\\\Intel\\\\Intel(R) Management Engine Components\\\\IPT;C:\\\\Program Files\\\\Intel\\\\Intel(R) Management Engine Components\\\\IPT;C:\\\\Program Files\\\\nodejs\\\\;C:\\\\Program Files\\\\Git\\\\cmd;C:\\\\Program Files\\\\Perforce\\\\DVCS\\\\;C:\\\\Program Files\\\\Intel\\\\WiFi\\\\bin\\\\;C:\\\\Program Files\\\\Common Files\\\\Intel\\\\WirelessCommon\\\\;C:\\\\Python\\\\Python35-32\\\\Scripts\\\\;C:\\\\Python\\\\Python35-32\\\\;C:\\\\Users\\\\Usuario\\\\AppData\\\\Roaming\\\\npm;C:\\\\Users\\\\Usuario\\\\AppData\\\\Local\\\\atom\\\\bin;%USERPROFILE%\\\\AppData\\\\Local\\\\Microsoft\\\\WindowsApps;\', \'PROCESSOR_REVISION\': \'3c03\', \'PSMODULEPATH\': \'C:\\\\WINDOWS\\\\system32\\\\WindowsPowerShell\\\\v1.0\\\\Modules\\\\\', \'HTTP_COOKIE\': \'csrftoken=zbowsIwXKhQKipfs4sSLDanLKyC4KpJyk2ExrHirZDWzRWSaHK2I6IZ4NILAznin; _ga=GA1.1.1207431004.1477416897; theme=docs-dark; sessionid=5s0dl55aul393hvdt51pdlmrkkug1aq0\', \'HTTP_CONNECTION\': \'keep-alive\', \'DJANGO_SETTINGS_MODULE\': \'oauth2_backend_main.settings\', \'wsgi.multithread\': True, \'WINDIR\': \'C:\\\\WINDOWS\', \'LOCALAPPDATA\': \'C:\\\\Users\\\\Usuario\\\\AppData\\\\Local\', \'TEMP\': \'C:\\\\Users\\\\Usuario\\\\AppData\\\\Local\\\\Temp\', \'USERDOMAIN_ROAMINGPROFILE\': \'DEV1-ASULLOM\', \'HOMEPATH\': \'\\\\Users\\\\Usuario\', \'_OLD_VIRTUAL_PROMPT\': \'$P$G\', \'PATHEXT\': \'.COM;.EXE;.BAT;.CMD;.VBS;.VBE;.JS;.JSE;.WSF;.WSH;.MSC;.PY;.PYW\', \'FPS_BROWSER_USER_PROFILE_STRING\': \'Default\', \'SERVER_PORT\': \'7001\', \'APPDATA\': \'C:\\\\Users\\\\Usuario\\\\AppData\\\\Roaming\', \'PROCESSOR_IDENTIFIER\': \'Intel64 Family 6 Model 60 Stepping 3, GenuineIntel\', \'USERPROFILE\': \'C:\\\\Users\\\\Usuario\', \'HTTP_HOST\': \'localhost:7001\', \'HTTP_REFERER\': \'http://localhost:9003/\', \'PROGRAMFILES(X86)\': \'C:\\\\Program Files (x86)\', \'COMMONPROGRAMFILES(X86)\': \'C:\\\\Program Files (x86)\\\\Common Files\', \'HTTP_ACCEPT_LANGUAGE\': \'es-ES,es;q=0.8,en-US;q=0.5,en;q=0.3\', \'COMMONPROGRAMFILES\': \'C:\\\\Program Files\\\\Common Files\', \'HTTP_ACCEPT_ENCODING\': \'gzip, deflate\', \'PATH_INFO\': \'/o/authorize/\', \'HTTP_USER_AGENT\': \'Mozilla/5.0 (Windows NT 10.0; WOW64; rv:50.0) Gecko/20100101 Firefox/50.0\', \'REMOTE_HOST\': \'\', \'SERVER_SOFTWARE\': \'WSGIServer/0.2\', \'SERVER_NAME\': \'DEV1-ASULLOM\'}", body="">, \'state\': \'7QtXOsSxPY0y7h5woIi9;#/catalogo/catalogo/categorias\', \'response_type\': \'token\', \'form\': <AllowForm bound=False, valid=Unknown, fields=(allow;redirect_uri;scope;client_id;state;response_type)>, \'application\': <Application: Catlogo Web>, \'scopes_descriptions\': [\'Access to your catalogo app\']}, {\'block\': <Block Node: content. Contents: [<TextNode: \'\\n    <div class="block-ce\'>, <IfNode>, <TextNode: \'\\n    </div>\\n\'>]>}]'
[2016-12-01 23:35:10] INFO [django.server:131] "GET /o/authorize/?response_type=token&client_id=RBzvAoW3dtySxnPob5TuQgINV3yITSVE5bevdosI&state=7QtXOsSxPY0y7h5woIi9%3B%23%2Fcatalogo%2Fcatalogo%2Fcategorias&scope=catalogo HTTP/1.1" 200 3054
[2016-12-01 23:35:12] DEBUG [django.db.backends:90] (0.000) SELECT @@SQL_AUTO_IS_NULL; args=None
[2016-12-01 23:35:12] DEBUG [django.db.backends:90] (0.000) SET SQL_AUTO_IS_NULL = 0; args=None
[2016-12-01 23:35:12] DEBUG [django.db.backends:90] (0.000) SELECT VERSION(); args=None
[2016-12-01 23:35:12] DEBUG [django.db.backends:90] (0.000) SET SQL_AUTO_IS_NULL = 0; args=None
[2016-12-01 23:35:12] DEBUG [django.db.backends:90] (0.001) SELECT `django_session`.`session_key`, `django_session`.`session_data`, `django_session`.`expire_date` FROM `django_session` WHERE (`django_session`.`expire_date` > '2016-12-02 04:35:12' AND `django_session`.`session_key` = '5s0dl55aul393hvdt51pdlmrkkug1aq0'); args=('2016-12-02 04:35:12', '5s0dl55aul393hvdt51pdlmrkkug1aq0')
[2016-12-01 23:35:12] DEBUG [django.db.backends:90] (0.001) SELECT `oauth2_backend_user`.`password`, `oauth2_backend_user`.`last_login`, `oauth2_backend_user`.`is_superuser`, `oauth2_backend_user`.`username`, `oauth2_backend_user`.`first_name`, `oauth2_backend_user`.`last_name`, `oauth2_backend_user`.`email`, `oauth2_backend_user`.`is_staff`, `oauth2_backend_user`.`is_active`, `oauth2_backend_user`.`date_joined`, `oauth2_backend_user`.`id`, `oauth2_backend_user`.`last_hierarchy_id`, `oauth2_backend_user`.`last_module_id`, `oauth2_backend_user`.`person_id`, `oauth2_backend_user`.`updated_at`, `oauth2_backend_user`.`registered_by` FROM `oauth2_backend_user` WHERE `oauth2_backend_user`.`id` = '6e9f183475a14abf9cda0fe98ba93535'; args=('6e9f183475a14abf9cda0fe98ba93535',)
[2016-12-01 23:35:12] DEBUG [django.db.backends:90] (0.001) SELECT `oauth2_provider_application`.`id`, `oauth2_provider_application`.`client_id`, `oauth2_provider_application`.`user_id`, `oauth2_provider_application`.`redirect_uris`, `oauth2_provider_application`.`client_type`, `oauth2_provider_application`.`authorization_grant_type`, `oauth2_provider_application`.`client_secret`, `oauth2_provider_application`.`name`, `oauth2_provider_application`.`skip_authorization` FROM `oauth2_provider_application` WHERE `oauth2_provider_application`.`client_id` = 'RBzvAoW3dtySxnPob5TuQgINV3yITSVE5bevdosI'; args=('RBzvAoW3dtySxnPob5TuQgINV3yITSVE5bevdosI',)
[2016-12-01 23:35:12] DEBUG [django.db.backends:90] (0.001) INSERT INTO `oauth2_provider_accesstoken` (`user_id`, `token`, `application_id`, `expires`, `scope`) VALUES ('6e9f183475a14abf9cda0fe98ba93535', '16NRRqmzaorv9SKUQmTFeLzxowmH6I', 2, '2016-12-02 14:35:12', 'catalogo'); args=['6e9f183475a14abf9cda0fe98ba93535', '16NRRqmzaorv9SKUQmTFeLzxowmH6I', 2, '2016-12-02 14:35:12', 'catalogo']
[2016-12-01 23:35:12] INFO [django.server:131] "POST /o/authorize/?response_type=token&client_id=RBzvAoW3dtySxnPob5TuQgINV3yITSVE5bevdosI&state=7QtXOsSxPY0y7h5woIi9%3B%23%2Fcatalogo%2Fcatalogo%2Fcategorias&scope=catalogo HTTP/1.1" 302 0
[2016-12-01 23:35:13] DEBUG [django.db.backends:90] (0.000) SELECT @@SQL_AUTO_IS_NULL; args=None
[2016-12-01 23:35:13] DEBUG [django.db.backends:90] (0.000) SET SQL_AUTO_IS_NULL = 0; args=None
[2016-12-01 23:35:13] DEBUG [django.db.backends:90] (0.001) SELECT VERSION(); args=None
[2016-12-01 23:35:13] DEBUG [django.db.backends:90] (0.001) SET SQL_AUTO_IS_NULL = 0; args=None
[2016-12-01 23:35:13] DEBUG [django.db.backends:90] (0.001) SELECT `oauth2_provider_accesstoken`.`id`, `oauth2_provider_accesstoken`.`user_id`, `oauth2_provider_accesstoken`.`token`, `oauth2_provider_accesstoken`.`application_id`, `oauth2_provider_accesstoken`.`expires`, `oauth2_provider_accesstoken`.`scope`, `oauth2_backend_user`.`password`, `oauth2_backend_user`.`last_login`, `oauth2_backend_user`.`is_superuser`, `oauth2_backend_user`.`username`, `oauth2_backend_user`.`first_name`, `oauth2_backend_user`.`last_name`, `oauth2_backend_user`.`email`, `oauth2_backend_user`.`is_staff`, `oauth2_backend_user`.`is_active`, `oauth2_backend_user`.`date_joined`, `oauth2_backend_user`.`id`, `oauth2_backend_user`.`last_hierarchy_id`, `oauth2_backend_user`.`last_module_id`, `oauth2_backend_user`.`person_id`, `oauth2_backend_user`.`updated_at`, `oauth2_backend_user`.`registered_by`, `oauth2_provider_application`.`id`, `oauth2_provider_application`.`client_id`, `oauth2_provider_application`.`user_id`, `oauth2_provider_application`.`redirect_uris`, `oauth2_provider_application`.`client_type`, `oauth2_provider_application`.`authorization_grant_type`, `oauth2_provider_application`.`client_secret`, `oauth2_provider_application`.`name`, `oauth2_provider_application`.`skip_authorization` FROM `oauth2_provider_accesstoken` LEFT OUTER JOIN `oauth2_backend_user` ON (`oauth2_provider_accesstoken`.`user_id` = `oauth2_backend_user`.`id`) INNER JOIN `oauth2_provider_application` ON (`oauth2_provider_accesstoken`.`application_id` = `oauth2_provider_application`.`id`) WHERE `oauth2_provider_accesstoken`.`token` = '16NRRqmzaorv9SKUQmTFeLzxowmH6I'; args=('16NRRqmzaorv9SKUQmTFeLzxowmH6I',)
[2016-12-01 23:35:13] DEBUG [django.db.backends:90] (0.002) SELECT `oauth2_provider_accesstoken`.`id`, `oauth2_provider_accesstoken`.`user_id`, `oauth2_provider_accesstoken`.`token`, `oauth2_provider_accesstoken`.`application_id`, `oauth2_provider_accesstoken`.`expires`, `oauth2_provider_accesstoken`.`scope`, `oauth2_backend_user`.`password`, `oauth2_backend_user`.`last_login`, `oauth2_backend_user`.`is_superuser`, `oauth2_backend_user`.`username`, `oauth2_backend_user`.`first_name`, `oauth2_backend_user`.`last_name`, `oauth2_backend_user`.`email`, `oauth2_backend_user`.`is_staff`, `oauth2_backend_user`.`is_active`, `oauth2_backend_user`.`date_joined`, `oauth2_backend_user`.`id`, `oauth2_backend_user`.`last_hierarchy_id`, `oauth2_backend_user`.`last_module_id`, `oauth2_backend_user`.`person_id`, `oauth2_backend_user`.`updated_at`, `oauth2_backend_user`.`registered_by`, `oauth2_provider_application`.`id`, `oauth2_provider_application`.`client_id`, `oauth2_provider_application`.`user_id`, `oauth2_provider_application`.`redirect_uris`, `oauth2_provider_application`.`client_type`, `oauth2_provider_application`.`authorization_grant_type`, `oauth2_provider_application`.`client_secret`, `oauth2_provider_application`.`name`, `oauth2_provider_application`.`skip_authorization` FROM `oauth2_provider_accesstoken` LEFT OUTER JOIN `oauth2_backend_user` ON (`oauth2_provider_accesstoken`.`user_id` = `oauth2_backend_user`.`id`) INNER JOIN `oauth2_provider_application` ON (`oauth2_provider_accesstoken`.`application_id` = `oauth2_provider_application`.`id`) WHERE `oauth2_provider_accesstoken`.`token` = '16NRRqmzaorv9SKUQmTFeLzxowmH6I'; args=('16NRRqmzaorv9SKUQmTFeLzxowmH6I',)
[2016-12-01 23:35:13] DEBUG [django.db.backends:90] (0.001) SELECT `oauth2_backend_menu`.`id` FROM `oauth2_backend_menu` WHERE (`oauth2_backend_menu`.`id` IS NOT NULL AND `oauth2_backend_menu`.`module` = 'BACKEND' AND `oauth2_backend_menu`.`is_active` = 1) ORDER BY `oauth2_backend_menu`.`pos` ASC; args=('BACKEND', True)
[2016-12-01 23:35:13] DEBUG [django.db.backends:90] (0.001) SELECT (1) AS `a` FROM `django_session` WHERE `django_session`.`session_key` = 'lbdr91873n6795mjmy7s76zdp23eu7wx' LIMIT 1; args=('lbdr91873n6795mjmy7s76zdp23eu7wx',)
[2016-12-01 23:35:13] DEBUG [django.db.backends:90] (0.000) INSERT INTO `django_session` (`session_key`, `session_data`, `expire_date`) VALUES ('lbdr91873n6795mjmy7s76zdp23eu7wx', 'NTFlOTk3MThkODI0ZjJkYjBmYTFiZjk0Zjg4NTdjZTViZDA1MGQxZjp7Il9zZXNzaW9uX2V4cGlyeSI6MzB9', '2016-12-02 04:35:43'); args=('lbdr91873n6795mjmy7s76zdp23eu7wx', 'NTFlOTk3MThkODI0ZjJkYjBmYTFiZjk0Zjg4NTdjZTViZDA1MGQxZjp7Il9zZXNzaW9uX2V4cGlyeSI6MzB9', '2016-12-02 04:35:43')
[2016-12-01 23:35:13] INFO [django.server:131] "GET /api/oauth2_backend/usermenu/ HTTP/1.1" 200 11
[2016-12-01 23:35:13] INFO [django.server:131] "OPTIONS /api/oauth2_backend/localuserinfo/ HTTP/1.1" 200 0
[2016-12-01 23:35:13] DEBUG [django.db.backends:90] (0.000) SELECT @@SQL_AUTO_IS_NULL; args=None
[2016-12-01 23:35:13] DEBUG [django.db.backends:90] (0.000) SET SQL_AUTO_IS_NULL = 0; args=None
[2016-12-01 23:35:13] DEBUG [django.db.backends:90] (0.000) SELECT VERSION(); args=None
[2016-12-01 23:35:13] DEBUG [django.db.backends:90] (0.000) SET SQL_AUTO_IS_NULL = 0; args=None
[2016-12-01 23:35:13] DEBUG [django.db.backends:90] (0.002) SELECT `oauth2_provider_accesstoken`.`id`, `oauth2_provider_accesstoken`.`user_id`, `oauth2_provider_accesstoken`.`token`, `oauth2_provider_accesstoken`.`application_id`, `oauth2_provider_accesstoken`.`expires`, `oauth2_provider_accesstoken`.`scope`, `oauth2_backend_user`.`password`, `oauth2_backend_user`.`last_login`, `oauth2_backend_user`.`is_superuser`, `oauth2_backend_user`.`username`, `oauth2_backend_user`.`first_name`, `oauth2_backend_user`.`last_name`, `oauth2_backend_user`.`email`, `oauth2_backend_user`.`is_staff`, `oauth2_backend_user`.`is_active`, `oauth2_backend_user`.`date_joined`, `oauth2_backend_user`.`id`, `oauth2_backend_user`.`last_hierarchy_id`, `oauth2_backend_user`.`last_module_id`, `oauth2_backend_user`.`person_id`, `oauth2_backend_user`.`updated_at`, `oauth2_backend_user`.`registered_by`, `oauth2_provider_application`.`id`, `oauth2_provider_application`.`client_id`, `oauth2_provider_application`.`user_id`, `oauth2_provider_application`.`redirect_uris`, `oauth2_provider_application`.`client_type`, `oauth2_provider_application`.`authorization_grant_type`, `oauth2_provider_application`.`client_secret`, `oauth2_provider_application`.`name`, `oauth2_provider_application`.`skip_authorization` FROM `oauth2_provider_accesstoken` LEFT OUTER JOIN `oauth2_backend_user` ON (`oauth2_provider_accesstoken`.`user_id` = `oauth2_backend_user`.`id`) INNER JOIN `oauth2_provider_application` ON (`oauth2_provider_accesstoken`.`application_id` = `oauth2_provider_application`.`id`) WHERE `oauth2_provider_accesstoken`.`token` = '16NRRqmzaorv9SKUQmTFeLzxowmH6I'; args=('16NRRqmzaorv9SKUQmTFeLzxowmH6I',)
[2016-12-01 23:35:13] DEBUG [django.db.backends:90] (0.002) SELECT `oauth2_provider_accesstoken`.`id`, `oauth2_provider_accesstoken`.`user_id`, `oauth2_provider_accesstoken`.`token`, `oauth2_provider_accesstoken`.`application_id`, `oauth2_provider_accesstoken`.`expires`, `oauth2_provider_accesstoken`.`scope`, `oauth2_backend_user`.`password`, `oauth2_backend_user`.`last_login`, `oauth2_backend_user`.`is_superuser`, `oauth2_backend_user`.`username`, `oauth2_backend_user`.`first_name`, `oauth2_backend_user`.`last_name`, `oauth2_backend_user`.`email`, `oauth2_backend_user`.`is_staff`, `oauth2_backend_user`.`is_active`, `oauth2_backend_user`.`date_joined`, `oauth2_backend_user`.`id`, `oauth2_backend_user`.`last_hierarchy_id`, `oauth2_backend_user`.`last_module_id`, `oauth2_backend_user`.`person_id`, `oauth2_backend_user`.`updated_at`, `oauth2_backend_user`.`registered_by`, `oauth2_provider_application`.`id`, `oauth2_provider_application`.`client_id`, `oauth2_provider_application`.`user_id`, `oauth2_provider_application`.`redirect_uris`, `oauth2_provider_application`.`client_type`, `oauth2_provider_application`.`authorization_grant_type`, `oauth2_provider_application`.`client_secret`, `oauth2_provider_application`.`name`, `oauth2_provider_application`.`skip_authorization` FROM `oauth2_provider_accesstoken` LEFT OUTER JOIN `oauth2_backend_user` ON (`oauth2_provider_accesstoken`.`user_id` = `oauth2_backend_user`.`id`) INNER JOIN `oauth2_provider_application` ON (`oauth2_provider_accesstoken`.`application_id` = `oauth2_provider_application`.`id`) WHERE `oauth2_provider_accesstoken`.`token` = '16NRRqmzaorv9SKUQmTFeLzxowmH6I'; args=('16NRRqmzaorv9SKUQmTFeLzxowmH6I',)
[2016-12-01 23:35:13] DEBUG [django.db.backends:90] (0.000) SELECT `auth_group`.`id`, `auth_group`.`name` FROM `auth_group` INNER JOIN `oauth2_backend_user_groups` ON (`auth_group`.`id` = `oauth2_backend_user_groups`.`group_id`) WHERE `oauth2_backend_user_groups`.`user_id` = '6e9f183475a14abf9cda0fe98ba93535'; args=('6e9f183475a14abf9cda0fe98ba93535',)
[2016-12-01 23:35:13] DEBUG [django.db.backends:90] (0.001) SELECT `auth_permission`.`id`, `auth_permission`.`name`, `auth_permission`.`content_type_id`, `auth_permission`.`codename` FROM `auth_permission` INNER JOIN `oauth2_backend_user_user_permissions` ON (`auth_permission`.`id` = `oauth2_backend_user_user_permissions`.`permission_id`) INNER JOIN `django_content_type` ON (`auth_permission`.`content_type_id` = `django_content_type`.`id`) WHERE `oauth2_backend_user_user_permissions`.`user_id` = '6e9f183475a14abf9cda0fe98ba93535' ORDER BY `django_content_type`.`app_label` ASC, `django_content_type`.`model` ASC, `auth_permission`.`codename` ASC; args=('6e9f183475a14abf9cda0fe98ba93535',)
[2016-12-01 23:35:13] INFO [django.server:131] "GET /api/oauth2_backend/localuserinfo/ HTTP/1.1" 200 384
[2016-12-01 23:35:36] DEBUG [django.template:929] Exception while resolving variable 'name' in template 'unknown'.
Traceback (most recent call last):
  File "E:\practian-ioteca-project\ve_oauth2_backend\lib\site-packages\django\core\handlers\exception.py", line 39, in inner
    response = get_response(request)
  File "E:\practian-ioteca-project\ve_oauth2_backend\lib\site-packages\django\core\handlers\base.py", line 249, in _legacy_get_response
    response = self._get_response(request)
  File "E:\practian-ioteca-project\ve_oauth2_backend\lib\site-packages\django\core\handlers\base.py", line 172, in _get_response
    resolver_match = resolver.resolve(request.path_info)
  File "E:\practian-ioteca-project\ve_oauth2_backend\lib\site-packages\django\urls\resolvers.py", line 300, in resolve
    raise Resolver404({'tried': tried, 'path': new_path})
django.urls.exceptions.Resolver404: {'path': '', 'tried': [[<RegexURLResolver <RegexURLPattern list> (admin:admin) ^admin/>], [<RegexURLResolver <module 'django.contrib.admindocs.urls' from 'E:\\practian-ioteca-project\\ve_oauth2_backend\\lib\\site-packages\\django\\contrib\\admindocs\\urls.py'> (None:None) ^admin/doc/>], [<RegexURLResolver <module 'django.contrib.auth.urls' from 'E:\\practian-ioteca-project\\ve_oauth2_backend\\lib\\site-packages\\django\\contrib\\auth\\urls.py'> (None:None) ^accounts/>], [<RegexURLResolver <module 'oauth2_provider.urls' from 'E:\\practian-ioteca-project\\ve_oauth2_backend\\lib\\site-packages\\oauth2_provider\\urls.py'> (None:oauth2_provider) ^o/>], [<RegexURLResolver <module 'oauth2_backend_api.urls' from 'E:\\practian-ioteca-project\\oauth2_backend_service\\oauth2_backend_api\\urls.py'> (None:None) ^api/oauth2_backend/>]]}

During handling of the above exception, another exception occurred:

Traceback (most recent call last):
  File "E:\practian-ioteca-project\ve_oauth2_backend\lib\site-packages\django\template\base.py", line 885, in _resolve_lookup
    current = current[bit]
TypeError: 'RegexURLResolver' object is not subscriptable

During handling of the above exception, another exception occurred:

Traceback (most recent call last):
  File "E:\practian-ioteca-project\ve_oauth2_backend\lib\site-packages\django\template\base.py", line 893, in _resolve_lookup
    current = getattr(current, bit)
AttributeError: 'RegexURLResolver' object has no attribute 'name'

During handling of the above exception, another exception occurred:

Traceback (most recent call last):
  File "E:\practian-ioteca-project\ve_oauth2_backend\lib\site-packages\django\template\base.py", line 900, in _resolve_lookup
    current = current[int(bit)]
ValueError: invalid literal for int() with base 10: 'name'

During handling of the above exception, another exception occurred:

Traceback (most recent call last):
  File "E:\practian-ioteca-project\ve_oauth2_backend\lib\site-packages\django\template\base.py", line 907, in _resolve_lookup
    (bit, current))  # missing attribute
django.template.base.VariableDoesNotExist: Failed lookup for key [name] in '<RegexURLResolver <RegexURLPattern list> (admin:admin) ^admin/>'
[2016-12-01 23:35:36] DEBUG [django.template:929] Exception while resolving variable 'name' in template 'unknown'.
Traceback (most recent call last):
  File "E:\practian-ioteca-project\ve_oauth2_backend\lib\site-packages\django\core\handlers\exception.py", line 39, in inner
    response = get_response(request)
  File "E:\practian-ioteca-project\ve_oauth2_backend\lib\site-packages\django\core\handlers\base.py", line 249, in _legacy_get_response
    response = self._get_response(request)
  File "E:\practian-ioteca-project\ve_oauth2_backend\lib\site-packages\django\core\handlers\base.py", line 172, in _get_response
    resolver_match = resolver.resolve(request.path_info)
  File "E:\practian-ioteca-project\ve_oauth2_backend\lib\site-packages\django\urls\resolvers.py", line 300, in resolve
    raise Resolver404({'tried': tried, 'path': new_path})
django.urls.exceptions.Resolver404: {'path': '', 'tried': [[<RegexURLResolver <RegexURLPattern list> (admin:admin) ^admin/>], [<RegexURLResolver <module 'django.contrib.admindocs.urls' from 'E:\\practian-ioteca-project\\ve_oauth2_backend\\lib\\site-packages\\django\\contrib\\admindocs\\urls.py'> (None:None) ^admin/doc/>], [<RegexURLResolver <module 'django.contrib.auth.urls' from 'E:\\practian-ioteca-project\\ve_oauth2_backend\\lib\\site-packages\\django\\contrib\\auth\\urls.py'> (None:None) ^accounts/>], [<RegexURLResolver <module 'oauth2_provider.urls' from 'E:\\practian-ioteca-project\\ve_oauth2_backend\\lib\\site-packages\\oauth2_provider\\urls.py'> (None:oauth2_provider) ^o/>], [<RegexURLResolver <module 'oauth2_backend_api.urls' from 'E:\\practian-ioteca-project\\oauth2_backend_service\\oauth2_backend_api\\urls.py'> (None:None) ^api/oauth2_backend/>]]}

During handling of the above exception, another exception occurred:

Traceback (most recent call last):
  File "E:\practian-ioteca-project\ve_oauth2_backend\lib\site-packages\django\template\base.py", line 885, in _resolve_lookup
    current = current[bit]
TypeError: 'RegexURLResolver' object is not subscriptable

During handling of the above exception, another exception occurred:

Traceback (most recent call last):
  File "E:\practian-ioteca-project\ve_oauth2_backend\lib\site-packages\django\template\base.py", line 893, in _resolve_lookup
    current = getattr(current, bit)
AttributeError: 'RegexURLResolver' object has no attribute 'name'

During handling of the above exception, another exception occurred:

Traceback (most recent call last):
  File "E:\practian-ioteca-project\ve_oauth2_backend\lib\site-packages\django\template\base.py", line 900, in _resolve_lookup
    current = current[int(bit)]
ValueError: invalid literal for int() with base 10: 'name'

During handling of the above exception, another exception occurred:

Traceback (most recent call last):
  File "E:\practian-ioteca-project\ve_oauth2_backend\lib\site-packages\django\template\base.py", line 907, in _resolve_lookup
    (bit, current))  # missing attribute
django.template.base.VariableDoesNotExist: Failed lookup for key [name] in "<RegexURLResolver <module 'django.contrib.admindocs.urls' from 'E:\\\\practian-ioteca-project\\\\ve_oauth2_backend\\\\lib\\\\site-packages\\\\django\\\\contrib\\\\admindocs\\\\urls.py'> (None:None) ^admin/doc/>"
[2016-12-01 23:35:36] DEBUG [django.template:929] Exception while resolving variable 'name' in template 'unknown'.
Traceback (most recent call last):
  File "E:\practian-ioteca-project\ve_oauth2_backend\lib\site-packages\django\core\handlers\exception.py", line 39, in inner
    response = get_response(request)
  File "E:\practian-ioteca-project\ve_oauth2_backend\lib\site-packages\django\core\handlers\base.py", line 249, in _legacy_get_response
    response = self._get_response(request)
  File "E:\practian-ioteca-project\ve_oauth2_backend\lib\site-packages\django\core\handlers\base.py", line 172, in _get_response
    resolver_match = resolver.resolve(request.path_info)
  File "E:\practian-ioteca-project\ve_oauth2_backend\lib\site-packages\django\urls\resolvers.py", line 300, in resolve
    raise Resolver404({'tried': tried, 'path': new_path})
django.urls.exceptions.Resolver404: {'path': '', 'tried': [[<RegexURLResolver <RegexURLPattern list> (admin:admin) ^admin/>], [<RegexURLResolver <module 'django.contrib.admindocs.urls' from 'E:\\practian-ioteca-project\\ve_oauth2_backend\\lib\\site-packages\\django\\contrib\\admindocs\\urls.py'> (None:None) ^admin/doc/>], [<RegexURLResolver <module 'django.contrib.auth.urls' from 'E:\\practian-ioteca-project\\ve_oauth2_backend\\lib\\site-packages\\django\\contrib\\auth\\urls.py'> (None:None) ^accounts/>], [<RegexURLResolver <module 'oauth2_provider.urls' from 'E:\\practian-ioteca-project\\ve_oauth2_backend\\lib\\site-packages\\oauth2_provider\\urls.py'> (None:oauth2_provider) ^o/>], [<RegexURLResolver <module 'oauth2_backend_api.urls' from 'E:\\practian-ioteca-project\\oauth2_backend_service\\oauth2_backend_api\\urls.py'> (None:None) ^api/oauth2_backend/>]]}

During handling of the above exception, another exception occurred:

Traceback (most recent call last):
  File "E:\practian-ioteca-project\ve_oauth2_backend\lib\site-packages\django\template\base.py", line 885, in _resolve_lookup
    current = current[bit]
TypeError: 'RegexURLResolver' object is not subscriptable

During handling of the above exception, another exception occurred:

Traceback (most recent call last):
  File "E:\practian-ioteca-project\ve_oauth2_backend\lib\site-packages\django\template\base.py", line 893, in _resolve_lookup
    current = getattr(current, bit)
AttributeError: 'RegexURLResolver' object has no attribute 'name'

During handling of the above exception, another exception occurred:

Traceback (most recent call last):
  File "E:\practian-ioteca-project\ve_oauth2_backend\lib\site-packages\django\template\base.py", line 900, in _resolve_lookup
    current = current[int(bit)]
ValueError: invalid literal for int() with base 10: 'name'

During handling of the above exception, another exception occurred:

Traceback (most recent call last):
  File "E:\practian-ioteca-project\ve_oauth2_backend\lib\site-packages\django\template\base.py", line 907, in _resolve_lookup
    (bit, current))  # missing attribute
django.template.base.VariableDoesNotExist: Failed lookup for key [name] in "<RegexURLResolver <module 'django.contrib.auth.urls' from 'E:\\\\practian-ioteca-project\\\\ve_oauth2_backend\\\\lib\\\\site-packages\\\\django\\\\contrib\\\\auth\\\\urls.py'> (None:None) ^accounts/>"
[2016-12-01 23:35:36] DEBUG [django.template:929] Exception while resolving variable 'name' in template 'unknown'.
Traceback (most recent call last):
  File "E:\practian-ioteca-project\ve_oauth2_backend\lib\site-packages\django\core\handlers\exception.py", line 39, in inner
    response = get_response(request)
  File "E:\practian-ioteca-project\ve_oauth2_backend\lib\site-packages\django\core\handlers\base.py", line 249, in _legacy_get_response
    response = self._get_response(request)
  File "E:\practian-ioteca-project\ve_oauth2_backend\lib\site-packages\django\core\handlers\base.py", line 172, in _get_response
    resolver_match = resolver.resolve(request.path_info)
  File "E:\practian-ioteca-project\ve_oauth2_backend\lib\site-packages\django\urls\resolvers.py", line 300, in resolve
    raise Resolver404({'tried': tried, 'path': new_path})
django.urls.exceptions.Resolver404: {'path': '', 'tried': [[<RegexURLResolver <RegexURLPattern list> (admin:admin) ^admin/>], [<RegexURLResolver <module 'django.contrib.admindocs.urls' from 'E:\\practian-ioteca-project\\ve_oauth2_backend\\lib\\site-packages\\django\\contrib\\admindocs\\urls.py'> (None:None) ^admin/doc/>], [<RegexURLResolver <module 'django.contrib.auth.urls' from 'E:\\practian-ioteca-project\\ve_oauth2_backend\\lib\\site-packages\\django\\contrib\\auth\\urls.py'> (None:None) ^accounts/>], [<RegexURLResolver <module 'oauth2_provider.urls' from 'E:\\practian-ioteca-project\\ve_oauth2_backend\\lib\\site-packages\\oauth2_provider\\urls.py'> (None:oauth2_provider) ^o/>], [<RegexURLResolver <module 'oauth2_backend_api.urls' from 'E:\\practian-ioteca-project\\oauth2_backend_service\\oauth2_backend_api\\urls.py'> (None:None) ^api/oauth2_backend/>]]}

During handling of the above exception, another exception occurred:

Traceback (most recent call last):
  File "E:\practian-ioteca-project\ve_oauth2_backend\lib\site-packages\django\template\base.py", line 885, in _resolve_lookup
    current = current[bit]
TypeError: 'RegexURLResolver' object is not subscriptable

During handling of the above exception, another exception occurred:

Traceback (most recent call last):
  File "E:\practian-ioteca-project\ve_oauth2_backend\lib\site-packages\django\template\base.py", line 893, in _resolve_lookup
    current = getattr(current, bit)
AttributeError: 'RegexURLResolver' object has no attribute 'name'

During handling of the above exception, another exception occurred:

Traceback (most recent call last):
  File "E:\practian-ioteca-project\ve_oauth2_backend\lib\site-packages\django\template\base.py", line 900, in _resolve_lookup
    current = current[int(bit)]
ValueError: invalid literal for int() with base 10: 'name'

During handling of the above exception, another exception occurred:

Traceback (most recent call last):
  File "E:\practian-ioteca-project\ve_oauth2_backend\lib\site-packages\django\template\base.py", line 907, in _resolve_lookup
    (bit, current))  # missing attribute
django.template.base.VariableDoesNotExist: Failed lookup for key [name] in "<RegexURLResolver <module 'oauth2_provider.urls' from 'E:\\\\practian-ioteca-project\\\\ve_oauth2_backend\\\\lib\\\\site-packages\\\\oauth2_provider\\\\urls.py'> (None:oauth2_provider) ^o/>"
[2016-12-01 23:35:36] DEBUG [django.template:929] Exception while resolving variable 'name' in template 'unknown'.
Traceback (most recent call last):
  File "E:\practian-ioteca-project\ve_oauth2_backend\lib\site-packages\django\core\handlers\exception.py", line 39, in inner
    response = get_response(request)
  File "E:\practian-ioteca-project\ve_oauth2_backend\lib\site-packages\django\core\handlers\base.py", line 249, in _legacy_get_response
    response = self._get_response(request)
  File "E:\practian-ioteca-project\ve_oauth2_backend\lib\site-packages\django\core\handlers\base.py", line 172, in _get_response
    resolver_match = resolver.resolve(request.path_info)
  File "E:\practian-ioteca-project\ve_oauth2_backend\lib\site-packages\django\urls\resolvers.py", line 300, in resolve
    raise Resolver404({'tried': tried, 'path': new_path})
django.urls.exceptions.Resolver404: {'path': '', 'tried': [[<RegexURLResolver <RegexURLPattern list> (admin:admin) ^admin/>], [<RegexURLResolver <module 'django.contrib.admindocs.urls' from 'E:\\practian-ioteca-project\\ve_oauth2_backend\\lib\\site-packages\\django\\contrib\\admindocs\\urls.py'> (None:None) ^admin/doc/>], [<RegexURLResolver <module 'django.contrib.auth.urls' from 'E:\\practian-ioteca-project\\ve_oauth2_backend\\lib\\site-packages\\django\\contrib\\auth\\urls.py'> (None:None) ^accounts/>], [<RegexURLResolver <module 'oauth2_provider.urls' from 'E:\\practian-ioteca-project\\ve_oauth2_backend\\lib\\site-packages\\oauth2_provider\\urls.py'> (None:oauth2_provider) ^o/>], [<RegexURLResolver <module 'oauth2_backend_api.urls' from 'E:\\practian-ioteca-project\\oauth2_backend_service\\oauth2_backend_api\\urls.py'> (None:None) ^api/oauth2_backend/>]]}

During handling of the above exception, another exception occurred:

Traceback (most recent call last):
  File "E:\practian-ioteca-project\ve_oauth2_backend\lib\site-packages\django\template\base.py", line 885, in _resolve_lookup
    current = current[bit]
TypeError: 'RegexURLResolver' object is not subscriptable

During handling of the above exception, another exception occurred:

Traceback (most recent call last):
  File "E:\practian-ioteca-project\ve_oauth2_backend\lib\site-packages\django\template\base.py", line 893, in _resolve_lookup
    current = getattr(current, bit)
AttributeError: 'RegexURLResolver' object has no attribute 'name'

During handling of the above exception, another exception occurred:

Traceback (most recent call last):
  File "E:\practian-ioteca-project\ve_oauth2_backend\lib\site-packages\django\template\base.py", line 900, in _resolve_lookup
    current = current[int(bit)]
ValueError: invalid literal for int() with base 10: 'name'

During handling of the above exception, another exception occurred:

Traceback (most recent call last):
  File "E:\practian-ioteca-project\ve_oauth2_backend\lib\site-packages\django\template\base.py", line 907, in _resolve_lookup
    (bit, current))  # missing attribute
django.template.base.VariableDoesNotExist: Failed lookup for key [name] in "<RegexURLResolver <module 'oauth2_backend_api.urls' from 'E:\\\\practian-ioteca-project\\\\oauth2_backend_service\\\\oauth2_backend_api\\\\urls.py'> (None:None) ^api/oauth2_backend/>"
[2016-12-01 23:35:36] WARNING [django.request:152] Not Found: /
[2016-12-01 23:35:36] WARNING [django.server:131] "GET / HTTP/1.1" 404 2360
[2016-12-01 23:35:41] INFO [django.server:131] "GET /admin HTTP/1.1" 301 0
[2016-12-01 23:35:41] DEBUG [django.db.backends:90] (0.000) SELECT @@SQL_AUTO_IS_NULL; args=None
[2016-12-01 23:35:41] DEBUG [django.db.backends:90] (0.000) SET SQL_AUTO_IS_NULL = 0; args=None
[2016-12-01 23:35:41] DEBUG [django.db.backends:90] (0.000) SELECT VERSION(); args=None
[2016-12-01 23:35:41] DEBUG [django.db.backends:90] (0.001) SET SQL_AUTO_IS_NULL = 0; args=None
[2016-12-01 23:35:41] DEBUG [django.db.backends:90] (0.001) SELECT `django_session`.`session_key`, `django_session`.`session_data`, `django_session`.`expire_date` FROM `django_session` WHERE (`django_session`.`expire_date` > '2016-12-02 04:35:41' AND `django_session`.`session_key` = '5s0dl55aul393hvdt51pdlmrkkug1aq0'); args=('2016-12-02 04:35:41', '5s0dl55aul393hvdt51pdlmrkkug1aq0')
[2016-12-01 23:35:41] DEBUG [django.db.backends:90] (0.001) SELECT `oauth2_backend_user`.`password`, `oauth2_backend_user`.`last_login`, `oauth2_backend_user`.`is_superuser`, `oauth2_backend_user`.`username`, `oauth2_backend_user`.`first_name`, `oauth2_backend_user`.`last_name`, `oauth2_backend_user`.`email`, `oauth2_backend_user`.`is_staff`, `oauth2_backend_user`.`is_active`, `oauth2_backend_user`.`date_joined`, `oauth2_backend_user`.`id`, `oauth2_backend_user`.`last_hierarchy_id`, `oauth2_backend_user`.`last_module_id`, `oauth2_backend_user`.`person_id`, `oauth2_backend_user`.`updated_at`, `oauth2_backend_user`.`registered_by` FROM `oauth2_backend_user` WHERE `oauth2_backend_user`.`id` = '6e9f183475a14abf9cda0fe98ba93535'; args=('6e9f183475a14abf9cda0fe98ba93535',)
[2016-12-01 23:35:41] DEBUG [django.template:929] Exception while resolving variable 'is_popup' in template 'admin/index.html'.
Traceback (most recent call last):
  File "E:\practian-ioteca-project\ve_oauth2_backend\lib\site-packages\django\template\base.py", line 885, in _resolve_lookup
    current = current[bit]
  File "E:\practian-ioteca-project\ve_oauth2_backend\lib\site-packages\django\template\context.py", line 75, in __getitem__
    raise KeyError(key)
KeyError: 'is_popup'

During handling of the above exception, another exception occurred:

Traceback (most recent call last):
  File "E:\practian-ioteca-project\ve_oauth2_backend\lib\site-packages\django\template\base.py", line 891, in _resolve_lookup
    if isinstance(current, BaseContext) and getattr(type(current), bit):
AttributeError: type object 'RequestContext' has no attribute 'is_popup'

During handling of the above exception, another exception occurred:

Traceback (most recent call last):
  File "E:\practian-ioteca-project\ve_oauth2_backend\lib\site-packages\django\template\base.py", line 900, in _resolve_lookup
    current = current[int(bit)]
ValueError: invalid literal for int() with base 10: 'is_popup'

During handling of the above exception, another exception occurred:

Traceback (most recent call last):
  File "E:\practian-ioteca-project\ve_oauth2_backend\lib\site-packages\django\template\base.py", line 907, in _resolve_lookup
    (bit, current))  # missing attribute
django.template.base.VariableDoesNotExist: Failed lookup for key [is_popup] in "[{'None': None, 'True': True, 'False': False}, {'csrf_token': <SimpleLazyObject: <function csrf.<locals>._get_val at 0x0000000005040BF8>>, 'messages': <django.contrib.messages.storage.fallback.FallbackStorage object at 0x000000000504DE48>, 'perms': <django.contrib.auth.context_processors.PermWrapper object at 0x000000000526CC18>, 'DEFAULT_MESSAGE_LEVELS': {'SUCCESS': 25, 'WARNING': 30, 'INFO': 20, 'ERROR': 40, 'DEBUG': 10}, 'request': <WSGIRequest: GET '/admin/'>, 'user': <SimpleLazyObject: <User: admin>>}, {}, {'site_title': <django.utils.functional.lazy.<locals>.__proxy__ object at 0x000000000449BAC8>, 'LANGUAGE_CODE': 'en-us', 'site_header': <django.utils.functional.lazy.<locals>.__proxy__ object at 0x000000000449BB70>, 'LANGUAGE_BIDI': False, 'site_url': '/', 'has_permission': True, 'app_list': [{'name': <django.utils.functional.lazy.<locals>.__proxy__ object at 0x00000000044AAEF0>, 'models': [{'perms': {'change': True, 'add': True, 'delete': True}, 'name': <django.utils.functional.lazy.<locals>.__proxy__ object at 0x000000000504F3C8>, 'object_name': 'Group', 'add_url': '/admin/auth/group/add/', 'admin_url': '/admin/auth/group/'}, {'perms': {'change': True, 'add': True, 'delete': True}, 'name': <django.utils.functional.lazy.<locals>.__proxy__ object at 0x000000000504DCF8>, 'object_name': 'Permission', 'add_url': '/admin/auth/permission/add/', 'admin_url': '/admin/auth/permission/'}], 'has_module_perms': True, 'app_url': '/admin/auth/', 'app_label': 'auth'}, {'name': <django.utils.functional.lazy.<locals>.__proxy__ object at 0x00000000044AFB00>, 'models': [{'perms': {'change': True, 'add': True, 'delete': True}, 'name': <django.utils.functional.lazy.<locals>.__proxy__ object at 0x000000000504FFD0>, 'object_name': 'ContentType', 'add_url': '/admin/contenttypes/contenttype/add/', 'admin_url': '/admin/contenttypes/contenttype/'}], 'has_module_perms': True, 'app_url': '/admin/contenttypes/', 'app_label': 'contenttypes'}, {'name': 'Django OAuth Toolkit', 'models': [{'perms': {'change': True, 'add': True, 'delete': True}, 'name': <django.utils.functional.lazy.<locals>.__proxy__ object at 0x000000000504F5C0>, 'object_name': 'AccessToken', 'add_url': '/admin/oauth2_provider/accesstoken/add/', 'admin_url': '/admin/oauth2_provider/accesstoken/'}, {'perms': {'change': True, 'add': True, 'delete': True}, 'name': <django.utils.functional.lazy.<locals>.__proxy__ object at 0x000000000504F518>, 'object_name': 'Application', 'add_url': '/admin/oauth2_provider/application/add/', 'admin_url': '/admin/oauth2_provider/application/'}, {'perms': {'change': True, 'add': True, 'delete': True}, 'name': <django.utils.functional.lazy.<locals>.__proxy__ object at 0x000000000504F7F0>, 'object_name': 'Grant', 'add_url': '/admin/oauth2_provider/grant/add/', 'admin_url': '/admin/oauth2_provider/grant/'}, {'perms': {'change': True, 'add': True, 'delete': True}, 'name': <django.utils.functional.lazy.<locals>.__proxy__ object at 0x000000000504F470>, 'object_name': 'RefreshToken', 'add_url': '/admin/oauth2_provider/refreshtoken/add/', 'admin_url': '/admin/oauth2_provider/refreshtoken/'}], 'has_module_perms': True, 'app_url': '/admin/oauth2_provider/', 'app_label': 'oauth2_provider'}, {'name': 'Oauth2_Backend', 'models': [{'perms': {'change': True, 'add': True, 'delete': True}, 'name': <django.utils.functional.lazy.<locals>.__proxy__ object at 0x000000000504FF60>, 'object_name': 'HierarchyType', 'add_url': '/admin/oauth2_backend/hierarchytype/add/', 'admin_url': '/admin/oauth2_backend/hierarchytype/'}, {'perms': {'change': True, 'add': True, 'delete': True}, 'name': <django.utils.functional.lazy.<locals>.__proxy__ object at 0x000000000504F4A8>, 'object_name': 'Hierarchy', 'add_url': '/admin/oauth2_backend/hierarchy/add/', 'admin_url': '/admin/oauth2_backend/hierarchy/'}, {'perms': {'change': True, 'add': True, 'delete': True}, 'name': <django.utils.functional.lazy.<locals>.__proxy__ object at 0x000000000504F828>, 'object_name': 'Menu', 'add_url': '/admin/oauth2_backend/menu/add/', 'admin_url': '/admin/oauth2_backend/menu/'}, {'perms': {'change': True, 'add': True, 'delete': True}, 'name': <django.utils.functional.lazy.<locals>.__proxy__ object at 0x000000000504F908>, 'object_name': 'Person', 'add_url': '/admin/oauth2_backend/person/add/', 'admin_url': '/admin/oauth2_backend/person/'}, {'perms': {'change': True, 'add': True, 'delete': True}, 'name': <django.utils.functional.lazy.<locals>.__proxy__ object at 0x000000000504F320>, 'object_name': 'UserHierarchyGroup', 'add_url': '/admin/oauth2_backend/userhierarchygroup/add/', 'admin_url': '/admin/oauth2_backend/userhierarchygroup/'}, {'perms': {'change': True, 'add': True, 'delete': True}, 'name': <django.utils.functional.lazy.<locals>.__proxy__ object at 0x000000000504FA90>, 'object_name': 'UserHierarchyPermission', 'add_url': '/admin/oauth2_backend/userhierarchypermission/add/', 'admin_url': '/admin/oauth2_backend/userhierarchypermission/'}, {'perms': {'change': True, 'add': True, 'delete': True}, 'name': <django.utils.functional.lazy.<locals>.__proxy__ object at 0x000000000504F668>, 'object_name': 'User', 'add_url': '/admin/oauth2_backend/user/add/', 'admin_url': '/admin/oauth2_backend/user/'}], 'has_module_perms': True, 'app_url': '/admin/oauth2_backend/', 'app_label': 'oauth2_backend'}], 'available_apps': [{'name': <django.utils.functional.lazy.<locals>.__proxy__ object at 0x00000000044AAEF0>, 'models': [{'perms': {'change': True, 'add': True, 'delete': True}, 'name': <django.utils.functional.lazy.<locals>.__proxy__ object at 0x0000000005046BE0>, 'object_name': 'Group', 'add_url': '/admin/auth/group/add/', 'admin_url': '/admin/auth/group/'}, {'perms': {'change': True, 'add': True, 'delete': True}, 'name': <django.utils.functional.lazy.<locals>.__proxy__ object at 0x000000000504F080>, 'object_name': 'Permission', 'add_url': '/admin/auth/permission/add/', 'admin_url': '/admin/auth/permission/'}], 'has_module_perms': True, 'app_url': '/admin/auth/', 'app_label': 'auth'}, {'name': <django.utils.functional.lazy.<locals>.__proxy__ object at 0x00000000044AFB00>, 'models': [{'perms': {'change': True, 'add': True, 'delete': True}, 'name': <django.utils.functional.lazy.<locals>.__proxy__ object at 0x000000000504F7B8>, 'object_name': 'ContentType', 'add_url': '/admin/contenttypes/contenttype/add/', 'admin_url': '/admin/contenttypes/contenttype/'}], 'has_module_perms': True, 'app_url': '/admin/contenttypes/', 'app_label': 'contenttypes'}, {'name': 'Django OAuth Toolkit', 'models': [{'perms': {'change': True, 'add': True, 'delete': True}, 'name': <django.utils.functional.lazy.<locals>.__proxy__ object at 0x0000000005049438>, 'object_name': 'AccessToken', 'add_url': '/admin/oauth2_provider/accesstoken/add/', 'admin_url': '/admin/oauth2_provider/accesstoken/'}, {'perms': {'change': True, 'add': True, 'delete': True}, 'name': <django.utils.functional.lazy.<locals>.__proxy__ object at 0x00000000050485C0>, 'object_name': 'Application', 'add_url': '/admin/oauth2_provider/application/add/', 'admin_url': '/admin/oauth2_provider/application/'}, {'perms': {'change': True, 'add': True, 'delete': True}, 'name': <django.utils.functional.lazy.<locals>.__proxy__ object at 0x0000000005048A90>, 'object_name': 'Grant', 'add_url': '/admin/oauth2_provider/grant/add/', 'admin_url': '/admin/oauth2_provider/grant/'}, {'perms': {'change': True, 'add': True, 'delete': True}, 'name': <django.utils.functional.lazy.<locals>.__proxy__ object at 0x0000000005048358>, 'object_name': 'RefreshToken', 'add_url': '/admin/oauth2_provider/refreshtoken/add/', 'admin_url': '/admin/oauth2_provider/refreshtoken/'}], 'has_module_perms': True, 'app_url': '/admin/oauth2_provider/', 'app_label': 'oauth2_provider'}, {'name': 'Oauth2_Backend', 'models': [{'perms': {'change': True, 'add': True, 'delete': True}, 'name': <django.utils.functional.lazy.<locals>.__proxy__ object at 0x0000000005048DD8>, 'object_name': 'HierarchyType', 'add_url': '/admin/oauth2_backend/hierarchytype/add/', 'admin_url': '/admin/oauth2_backend/hierarchytype/'}, {'perms': {'change': True, 'add': True, 'delete': True}, 'name': <django.utils.functional.lazy.<locals>.__proxy__ object at 0x0000000005046E80>, 'object_name': 'Hierarchy', 'add_url': '/admin/oauth2_backend/hierarchy/add/', 'admin_url': '/admin/oauth2_backend/hierarchy/'}, {'perms': {'change': True, 'add': True, 'delete': True}, 'name': <django.utils.functional.lazy.<locals>.__proxy__ object at 0x0000000005048908>, 'object_name': 'Menu', 'add_url': '/admin/oauth2_backend/menu/add/', 'admin_url': '/admin/oauth2_backend/menu/'}, {'perms': {'change': True, 'add': True, 'delete': True}, 'name': <django.utils.functional.lazy.<locals>.__proxy__ object at 0x0000000005049518>, 'object_name': 'Person', 'add_url': '/admin/oauth2_backend/person/add/', 'admin_url': '/admin/oauth2_backend/person/'}, {'perms': {'change': True, 'add': True, 'delete': True}, 'name': <django.utils.functional.lazy.<locals>.__proxy__ object at 0x00000000050487B8>, 'object_name': 'UserHierarchyGroup', 'add_url': '/admin/oauth2_backend/userhierarchygroup/add/', 'admin_url': '/admin/oauth2_backend/userhierarchygroup/'}, {'perms': {'change': True, 'add': True, 'delete': True}, 'name': <django.utils.functional.lazy.<locals>.__proxy__ object at 0x0000000005049C50>, 'object_name': 'UserHierarchyPermission', 'add_url': '/admin/oauth2_backend/userhierarchypermission/add/', 'admin_url': '/admin/oauth2_backend/userhierarchypermission/'}, {'perms': {'change': True, 'add': True, 'delete': True}, 'name': <django.utils.functional.lazy.<locals>.__proxy__ object at 0x0000000005049EB8>, 'object_name': 'User', 'add_url': '/admin/oauth2_backend/user/add/', 'admin_url': '/admin/oauth2_backend/user/'}], 'has_module_perms': True, 'app_url': '/admin/oauth2_backend/', 'app_label': 'oauth2_backend'}], 'title': <django.utils.functional.lazy.<locals>.__proxy__ object at 0x000000000449BCC0>}]"
[2016-12-01 23:35:41] DEBUG [django.template:929] Exception while resolving variable 'is_popup' in template 'admin/index.html'.
Traceback (most recent call last):
  File "E:\practian-ioteca-project\ve_oauth2_backend\lib\site-packages\django\template\base.py", line 885, in _resolve_lookup
    current = current[bit]
  File "E:\practian-ioteca-project\ve_oauth2_backend\lib\site-packages\django\template\context.py", line 75, in __getitem__
    raise KeyError(key)
KeyError: 'is_popup'

During handling of the above exception, another exception occurred:

Traceback (most recent call last):
  File "E:\practian-ioteca-project\ve_oauth2_backend\lib\site-packages\django\template\base.py", line 891, in _resolve_lookup
    if isinstance(current, BaseContext) and getattr(type(current), bit):
AttributeError: type object 'RequestContext' has no attribute 'is_popup'

During handling of the above exception, another exception occurred:

Traceback (most recent call last):
  File "E:\practian-ioteca-project\ve_oauth2_backend\lib\site-packages\django\template\base.py", line 900, in _resolve_lookup
    current = current[int(bit)]
ValueError: invalid literal for int() with base 10: 'is_popup'

During handling of the above exception, another exception occurred:

Traceback (most recent call last):
  File "E:\practian-ioteca-project\ve_oauth2_backend\lib\site-packages\django\template\base.py", line 907, in _resolve_lookup
    (bit, current))  # missing attribute
django.template.base.VariableDoesNotExist: Failed lookup for key [is_popup] in "[{'None': None, 'True': True, 'False': False}, {'csrf_token': <SimpleLazyObject: <function csrf.<locals>._get_val at 0x0000000005040BF8>>, 'messages': <django.contrib.messages.storage.fallback.FallbackStorage object at 0x000000000504DE48>, 'perms': <django.contrib.auth.context_processors.PermWrapper object at 0x000000000526CC18>, 'DEFAULT_MESSAGE_LEVELS': {'SUCCESS': 25, 'WARNING': 30, 'INFO': 20, 'ERROR': 40, 'DEBUG': 10}, 'request': <WSGIRequest: GET '/admin/'>, 'user': <SimpleLazyObject: <User: admin>>}, {}, {'site_title': <django.utils.functional.lazy.<locals>.__proxy__ object at 0x000000000449BAC8>, 'LANGUAGE_CODE': 'en-us', 'site_header': <django.utils.functional.lazy.<locals>.__proxy__ object at 0x000000000449BB70>, 'LANGUAGE_BIDI': False, 'site_url': '/', 'has_permission': True, 'app_list': [{'name': <django.utils.functional.lazy.<locals>.__proxy__ object at 0x00000000044AAEF0>, 'models': [{'perms': {'change': True, 'add': True, 'delete': True}, 'name': <django.utils.functional.lazy.<locals>.__proxy__ object at 0x000000000504F3C8>, 'object_name': 'Group', 'add_url': '/admin/auth/group/add/', 'admin_url': '/admin/auth/group/'}, {'perms': {'change': True, 'add': True, 'delete': True}, 'name': <django.utils.functional.lazy.<locals>.__proxy__ object at 0x000000000504DCF8>, 'object_name': 'Permission', 'add_url': '/admin/auth/permission/add/', 'admin_url': '/admin/auth/permission/'}], 'has_module_perms': True, 'app_url': '/admin/auth/', 'app_label': 'auth'}, {'name': <django.utils.functional.lazy.<locals>.__proxy__ object at 0x00000000044AFB00>, 'models': [{'perms': {'change': True, 'add': True, 'delete': True}, 'name': <django.utils.functional.lazy.<locals>.__proxy__ object at 0x000000000504FFD0>, 'object_name': 'ContentType', 'add_url': '/admin/contenttypes/contenttype/add/', 'admin_url': '/admin/contenttypes/contenttype/'}], 'has_module_perms': True, 'app_url': '/admin/contenttypes/', 'app_label': 'contenttypes'}, {'name': 'Django OAuth Toolkit', 'models': [{'perms': {'change': True, 'add': True, 'delete': True}, 'name': <django.utils.functional.lazy.<locals>.__proxy__ object at 0x000000000504F5C0>, 'object_name': 'AccessToken', 'add_url': '/admin/oauth2_provider/accesstoken/add/', 'admin_url': '/admin/oauth2_provider/accesstoken/'}, {'perms': {'change': True, 'add': True, 'delete': True}, 'name': <django.utils.functional.lazy.<locals>.__proxy__ object at 0x000000000504F518>, 'object_name': 'Application', 'add_url': '/admin/oauth2_provider/application/add/', 'admin_url': '/admin/oauth2_provider/application/'}, {'perms': {'change': True, 'add': True, 'delete': True}, 'name': <django.utils.functional.lazy.<locals>.__proxy__ object at 0x000000000504F7F0>, 'object_name': 'Grant', 'add_url': '/admin/oauth2_provider/grant/add/', 'admin_url': '/admin/oauth2_provider/grant/'}, {'perms': {'change': True, 'add': True, 'delete': True}, 'name': <django.utils.functional.lazy.<locals>.__proxy__ object at 0x000000000504F470>, 'object_name': 'RefreshToken', 'add_url': '/admin/oauth2_provider/refreshtoken/add/', 'admin_url': '/admin/oauth2_provider/refreshtoken/'}], 'has_module_perms': True, 'app_url': '/admin/oauth2_provider/', 'app_label': 'oauth2_provider'}, {'name': 'Oauth2_Backend', 'models': [{'perms': {'change': True, 'add': True, 'delete': True}, 'name': <django.utils.functional.lazy.<locals>.__proxy__ object at 0x000000000504FF60>, 'object_name': 'HierarchyType', 'add_url': '/admin/oauth2_backend/hierarchytype/add/', 'admin_url': '/admin/oauth2_backend/hierarchytype/'}, {'perms': {'change': True, 'add': True, 'delete': True}, 'name': <django.utils.functional.lazy.<locals>.__proxy__ object at 0x000000000504F4A8>, 'object_name': 'Hierarchy', 'add_url': '/admin/oauth2_backend/hierarchy/add/', 'admin_url': '/admin/oauth2_backend/hierarchy/'}, {'perms': {'change': True, 'add': True, 'delete': True}, 'name': <django.utils.functional.lazy.<locals>.__proxy__ object at 0x000000000504F828>, 'object_name': 'Menu', 'add_url': '/admin/oauth2_backend/menu/add/', 'admin_url': '/admin/oauth2_backend/menu/'}, {'perms': {'change': True, 'add': True, 'delete': True}, 'name': <django.utils.functional.lazy.<locals>.__proxy__ object at 0x000000000504F908>, 'object_name': 'Person', 'add_url': '/admin/oauth2_backend/person/add/', 'admin_url': '/admin/oauth2_backend/person/'}, {'perms': {'change': True, 'add': True, 'delete': True}, 'name': <django.utils.functional.lazy.<locals>.__proxy__ object at 0x000000000504F320>, 'object_name': 'UserHierarchyGroup', 'add_url': '/admin/oauth2_backend/userhierarchygroup/add/', 'admin_url': '/admin/oauth2_backend/userhierarchygroup/'}, {'perms': {'change': True, 'add': True, 'delete': True}, 'name': <django.utils.functional.lazy.<locals>.__proxy__ object at 0x000000000504FA90>, 'object_name': 'UserHierarchyPermission', 'add_url': '/admin/oauth2_backend/userhierarchypermission/add/', 'admin_url': '/admin/oauth2_backend/userhierarchypermission/'}, {'perms': {'change': True, 'add': True, 'delete': True}, 'name': <django.utils.functional.lazy.<locals>.__proxy__ object at 0x000000000504F668>, 'object_name': 'User', 'add_url': '/admin/oauth2_backend/user/add/', 'admin_url': '/admin/oauth2_backend/user/'}], 'has_module_perms': True, 'app_url': '/admin/oauth2_backend/', 'app_label': 'oauth2_backend'}], 'available_apps': [{'name': <django.utils.functional.lazy.<locals>.__proxy__ object at 0x00000000044AAEF0>, 'models': [{'perms': {'change': True, 'add': True, 'delete': True}, 'name': <django.utils.functional.lazy.<locals>.__proxy__ object at 0x0000000005046BE0>, 'object_name': 'Group', 'add_url': '/admin/auth/group/add/', 'admin_url': '/admin/auth/group/'}, {'perms': {'change': True, 'add': True, 'delete': True}, 'name': <django.utils.functional.lazy.<locals>.__proxy__ object at 0x000000000504F080>, 'object_name': 'Permission', 'add_url': '/admin/auth/permission/add/', 'admin_url': '/admin/auth/permission/'}], 'has_module_perms': True, 'app_url': '/admin/auth/', 'app_label': 'auth'}, {'name': <django.utils.functional.lazy.<locals>.__proxy__ object at 0x00000000044AFB00>, 'models': [{'perms': {'change': True, 'add': True, 'delete': True}, 'name': <django.utils.functional.lazy.<locals>.__proxy__ object at 0x000000000504F7B8>, 'object_name': 'ContentType', 'add_url': '/admin/contenttypes/contenttype/add/', 'admin_url': '/admin/contenttypes/contenttype/'}], 'has_module_perms': True, 'app_url': '/admin/contenttypes/', 'app_label': 'contenttypes'}, {'name': 'Django OAuth Toolkit', 'models': [{'perms': {'change': True, 'add': True, 'delete': True}, 'name': <django.utils.functional.lazy.<locals>.__proxy__ object at 0x0000000005049438>, 'object_name': 'AccessToken', 'add_url': '/admin/oauth2_provider/accesstoken/add/', 'admin_url': '/admin/oauth2_provider/accesstoken/'}, {'perms': {'change': True, 'add': True, 'delete': True}, 'name': <django.utils.functional.lazy.<locals>.__proxy__ object at 0x00000000050485C0>, 'object_name': 'Application', 'add_url': '/admin/oauth2_provider/application/add/', 'admin_url': '/admin/oauth2_provider/application/'}, {'perms': {'change': True, 'add': True, 'delete': True}, 'name': <django.utils.functional.lazy.<locals>.__proxy__ object at 0x0000000005048A90>, 'object_name': 'Grant', 'add_url': '/admin/oauth2_provider/grant/add/', 'admin_url': '/admin/oauth2_provider/grant/'}, {'perms': {'change': True, 'add': True, 'delete': True}, 'name': <django.utils.functional.lazy.<locals>.__proxy__ object at 0x0000000005048358>, 'object_name': 'RefreshToken', 'add_url': '/admin/oauth2_provider/refreshtoken/add/', 'admin_url': '/admin/oauth2_provider/refreshtoken/'}], 'has_module_perms': True, 'app_url': '/admin/oauth2_provider/', 'app_label': 'oauth2_provider'}, {'name': 'Oauth2_Backend', 'models': [{'perms': {'change': True, 'add': True, 'delete': True}, 'name': <django.utils.functional.lazy.<locals>.__proxy__ object at 0x0000000005048DD8>, 'object_name': 'HierarchyType', 'add_url': '/admin/oauth2_backend/hierarchytype/add/', 'admin_url': '/admin/oauth2_backend/hierarchytype/'}, {'perms': {'change': True, 'add': True, 'delete': True}, 'name': <django.utils.functional.lazy.<locals>.__proxy__ object at 0x0000000005046E80>, 'object_name': 'Hierarchy', 'add_url': '/admin/oauth2_backend/hierarchy/add/', 'admin_url': '/admin/oauth2_backend/hierarchy/'}, {'perms': {'change': True, 'add': True, 'delete': True}, 'name': <django.utils.functional.lazy.<locals>.__proxy__ object at 0x0000000005048908>, 'object_name': 'Menu', 'add_url': '/admin/oauth2_backend/menu/add/', 'admin_url': '/admin/oauth2_backend/menu/'}, {'perms': {'change': True, 'add': True, 'delete': True}, 'name': <django.utils.functional.lazy.<locals>.__proxy__ object at 0x0000000005049518>, 'object_name': 'Person', 'add_url': '/admin/oauth2_backend/person/add/', 'admin_url': '/admin/oauth2_backend/person/'}, {'perms': {'change': True, 'add': True, 'delete': True}, 'name': <django.utils.functional.lazy.<locals>.__proxy__ object at 0x00000000050487B8>, 'object_name': 'UserHierarchyGroup', 'add_url': '/admin/oauth2_backend/userhierarchygroup/add/', 'admin_url': '/admin/oauth2_backend/userhierarchygroup/'}, {'perms': {'change': True, 'add': True, 'delete': True}, 'name': <django.utils.functional.lazy.<locals>.__proxy__ object at 0x0000000005049C50>, 'object_name': 'UserHierarchyPermission', 'add_url': '/admin/oauth2_backend/userhierarchypermission/add/', 'admin_url': '/admin/oauth2_backend/userhierarchypermission/'}, {'perms': {'change': True, 'add': True, 'delete': True}, 'name': <django.utils.functional.lazy.<locals>.__proxy__ object at 0x0000000005049EB8>, 'object_name': 'User', 'add_url': '/admin/oauth2_backend/user/add/', 'admin_url': '/admin/oauth2_backend/user/'}], 'has_module_perms': True, 'app_url': '/admin/oauth2_backend/', 'app_label': 'oauth2_backend'}], 'title': <django.utils.functional.lazy.<locals>.__proxy__ object at 0x000000000449BCC0>}]"
[2016-12-01 23:35:41] DEBUG [django.db.backends:90] (0.007) SELECT `django_admin_log`.`id`, `django_admin_log`.`action_time`, `django_admin_log`.`user_id`, `django_admin_log`.`content_type_id`, `django_admin_log`.`object_id`, `django_admin_log`.`object_repr`, `django_admin_log`.`action_flag`, `django_admin_log`.`change_message`, `oauth2_backend_user`.`password`, `oauth2_backend_user`.`last_login`, `oauth2_backend_user`.`is_superuser`, `oauth2_backend_user`.`username`, `oauth2_backend_user`.`first_name`, `oauth2_backend_user`.`last_name`, `oauth2_backend_user`.`email`, `oauth2_backend_user`.`is_staff`, `oauth2_backend_user`.`is_active`, `oauth2_backend_user`.`date_joined`, `oauth2_backend_user`.`id`, `oauth2_backend_user`.`last_hierarchy_id`, `oauth2_backend_user`.`last_module_id`, `oauth2_backend_user`.`person_id`, `oauth2_backend_user`.`updated_at`, `oauth2_backend_user`.`registered_by`, `django_content_type`.`id`, `django_content_type`.`app_label`, `django_content_type`.`model` FROM `django_admin_log` INNER JOIN `oauth2_backend_user` ON (`django_admin_log`.`user_id` = `oauth2_backend_user`.`id`) LEFT OUTER JOIN `django_content_type` ON (`django_admin_log`.`content_type_id` = `django_content_type`.`id`) WHERE `django_admin_log`.`user_id` = '6e9f183475a14abf9cda0fe98ba93535' ORDER BY `django_admin_log`.`action_time` DESC LIMIT 10; args=('6e9f183475a14abf9cda0fe98ba93535',)
[2016-12-01 23:35:41] INFO [django.server:131] "GET /admin/ HTTP/1.1" 200 9088
[2016-12-01 23:35:41] INFO [django.server:131] "GET /static/admin/css/base.css HTTP/1.1" 200 15937
[2016-12-01 23:35:41] INFO [django.server:131] "GET /static/admin/css/dashboard.css HTTP/1.1" 200 434
[2016-12-01 23:35:41] INFO [django.server:131] "GET /static/admin/css/fonts.css HTTP/1.1" 200 423
[2016-12-01 23:35:42] INFO [django.server:131] "GET /static/admin/img/icon-addlink.svg HTTP/1.1" 200 331
[2016-12-01 23:35:42] INFO [django.server:131] "GET /static/admin/img/icon-changelink.svg HTTP/1.1" 200 380
[2016-12-01 23:35:42] INFO [django.server:131] "GET /static/admin/fonts/Roboto-Regular-webfont.woff HTTP/1.1" 200 80304
[2016-12-01 23:35:42] INFO [django.server:131] "GET /static/admin/fonts/Roboto-Light-webfont.woff HTTP/1.1" 200 81348
[2016-12-01 23:35:42] INFO [django.server:131] "GET /static/admin/fonts/Roboto-Bold-webfont.woff HTTP/1.1" 200 82564
[2016-12-01 23:41:47] DEBUG [django.db.backends:90] (0.001) SELECT @@SQL_AUTO_IS_NULL; args=None
[2016-12-01 23:41:47] DEBUG [django.db.backends:90] (0.000) SET SQL_AUTO_IS_NULL = 0; args=None
[2016-12-01 23:41:47] DEBUG [django.db.backends:90] (0.001) SELECT VERSION(); args=None
[2016-12-01 23:43:43] DEBUG [django.db.backends:90] (0.000) SELECT @@SQL_AUTO_IS_NULL; args=None
[2016-12-01 23:43:43] DEBUG [django.db.backends:90] (0.000) SET SQL_AUTO_IS_NULL = 0; args=None
[2016-12-01 23:43:43] DEBUG [django.db.backends:90] (0.000) SELECT VERSION(); args=None
