[2016-12-02 05:53:43] DEBUG [django.db.backends:90] (0.001) SELECT @@SQL_AUTO_IS_NULL; args=None
[2016-12-02 05:53:43] DEBUG [django.db.backends:90] (0.000) SET SQL_AUTO_IS_NULL = 0; args=None
[2016-12-02 05:53:43] DEBUG [django.db.backends:90] (0.000) SELECT VERSION(); args=None
[2016-12-02 05:53:44] DEBUG [django.db.backends:90] (0.000) SET SQL_AUTO_IS_NULL = 0; args=None
[2016-12-02 05:53:44] DEBUG [django.db.backends:90] (0.109) SHOW FULL TABLES; args=None
[2016-12-02 05:53:44] DEBUG [django.db.backends:90] (0.005) SELECT `django_migrations`.`app`, `django_migrations`.`name` FROM `django_migrations`; args=()
[2016-12-02 09:29:49] DEBUG [django.db.backends:90] (0.000) SELECT @@SQL_AUTO_IS_NULL; args=None
[2016-12-02 09:29:49] DEBUG [django.db.backends:90] (0.000) SET SQL_AUTO_IS_NULL = 0; args=None
[2016-12-02 09:29:49] DEBUG [django.db.backends:90] (0.000) SELECT VERSION(); args=None
[2016-12-02 09:29:49] DEBUG [django.db.backends:90] (0.000) SET SQL_AUTO_IS_NULL = 0; args=None
[2016-12-02 09:29:49] DEBUG [django.db.backends:90] (0.001) SELECT `oauth2_provider_accesstoken`.`id`, `oauth2_provider_accesstoken`.`user_id`, `oauth2_provider_accesstoken`.`token`, `oauth2_provider_accesstoken`.`application_id`, `oauth2_provider_accesstoken`.`expires`, `oauth2_provider_accesstoken`.`scope`, `oauth2_backend_user`.`password`, `oauth2_backend_user`.`last_login`, `oauth2_backend_user`.`is_superuser`, `oauth2_backend_user`.`username`, `oauth2_backend_user`.`first_name`, `oauth2_backend_user`.`last_name`, `oauth2_backend_user`.`email`, `oauth2_backend_user`.`is_staff`, `oauth2_backend_user`.`is_active`, `oauth2_backend_user`.`date_joined`, `oauth2_backend_user`.`id`, `oauth2_backend_user`.`last_hierarchy_id`, `oauth2_backend_user`.`last_module_id`, `oauth2_backend_user`.`person_id`, `oauth2_backend_user`.`updated_at`, `oauth2_backend_user`.`registered_by`, `oauth2_provider_application`.`id`, `oauth2_provider_application`.`client_id`, `oauth2_provider_application`.`user_id`, `oauth2_provider_application`.`redirect_uris`, `oauth2_provider_application`.`client_type`, `oauth2_provider_application`.`authorization_grant_type`, `oauth2_provider_application`.`client_secret`, `oauth2_provider_application`.`name`, `oauth2_provider_application`.`skip_authorization` FROM `oauth2_provider_accesstoken` LEFT OUTER JOIN `oauth2_backend_user` ON (`oauth2_provider_accesstoken`.`user_id` = `oauth2_backend_user`.`id`) INNER JOIN `oauth2_provider_application` ON (`oauth2_provider_accesstoken`.`application_id` = `oauth2_provider_application`.`id`) WHERE `oauth2_provider_accesstoken`.`token` = '16NRRqmzaorv9SKUQmTFeLzxowmH6I'; args=('16NRRqmzaorv9SKUQmTFeLzxowmH6I',)
[2016-12-02 09:29:49] DEBUG [django.db.backends:90] (0.001) SELECT `oauth2_provider_accesstoken`.`id`, `oauth2_provider_accesstoken`.`user_id`, `oauth2_provider_accesstoken`.`token`, `oauth2_provider_accesstoken`.`application_id`, `oauth2_provider_accesstoken`.`expires`, `oauth2_provider_accesstoken`.`scope`, `oauth2_backend_user`.`password`, `oauth2_backend_user`.`last_login`, `oauth2_backend_user`.`is_superuser`, `oauth2_backend_user`.`username`, `oauth2_backend_user`.`first_name`, `oauth2_backend_user`.`last_name`, `oauth2_backend_user`.`email`, `oauth2_backend_user`.`is_staff`, `oauth2_backend_user`.`is_active`, `oauth2_backend_user`.`date_joined`, `oauth2_backend_user`.`id`, `oauth2_backend_user`.`last_hierarchy_id`, `oauth2_backend_user`.`last_module_id`, `oauth2_backend_user`.`person_id`, `oauth2_backend_user`.`updated_at`, `oauth2_backend_user`.`registered_by`, `oauth2_provider_application`.`id`, `oauth2_provider_application`.`client_id`, `oauth2_provider_application`.`user_id`, `oauth2_provider_application`.`redirect_uris`, `oauth2_provider_application`.`client_type`, `oauth2_provider_application`.`authorization_grant_type`, `oauth2_provider_application`.`client_secret`, `oauth2_provider_application`.`name`, `oauth2_provider_application`.`skip_authorization` FROM `oauth2_provider_accesstoken` LEFT OUTER JOIN `oauth2_backend_user` ON (`oauth2_provider_accesstoken`.`user_id` = `oauth2_backend_user`.`id`) INNER JOIN `oauth2_provider_application` ON (`oauth2_provider_accesstoken`.`application_id` = `oauth2_provider_application`.`id`) WHERE `oauth2_provider_accesstoken`.`token` = '16NRRqmzaorv9SKUQmTFeLzxowmH6I'; args=('16NRRqmzaorv9SKUQmTFeLzxowmH6I',)
[2016-12-02 09:29:49] DEBUG [django.db.backends:90] (0.002) SELECT `oauth2_backend_menu`.`id` FROM `oauth2_backend_menu` WHERE (`oauth2_backend_menu`.`id` IS NOT NULL AND `oauth2_backend_menu`.`is_active` = 1 AND `oauth2_backend_menu`.`module` = 'BACKEND') ORDER BY `oauth2_backend_menu`.`pos` ASC; args=(True, 'BACKEND')
[2016-12-02 09:29:49] DEBUG [django.db.backends:90] (0.006) SELECT (1) AS `a` FROM `django_session` WHERE `django_session`.`session_key` = 'oi2jmmkiuqlwcjlpeiv113engswfhk7r' LIMIT 1; args=('oi2jmmkiuqlwcjlpeiv113engswfhk7r',)
[2016-12-02 09:29:49] DEBUG [django.db.backends:90] (0.001) INSERT INTO `django_session` (`session_key`, `session_data`, `expire_date`) VALUES ('oi2jmmkiuqlwcjlpeiv113engswfhk7r', 'NTFlOTk3MThkODI0ZjJkYjBmYTFiZjk0Zjg4NTdjZTViZDA1MGQxZjp7Il9zZXNzaW9uX2V4cGlyeSI6MzB9', '2016-12-02 14:30:19'); args=('oi2jmmkiuqlwcjlpeiv113engswfhk7r', 'NTFlOTk3MThkODI0ZjJkYjBmYTFiZjk0Zjg4NTdjZTViZDA1MGQxZjp7Il9zZXNzaW9uX2V4cGlyeSI6MzB9', '2016-12-02 14:30:19')
[2016-12-02 09:29:49] INFO [django.server:131] "GET /api/oauth2_backend/usermenu/ HTTP/1.1" 200 11
[2016-12-02 09:29:59] DEBUG [django.db.backends:90] (0.000) SELECT @@SQL_AUTO_IS_NULL; args=None
[2016-12-02 09:29:59] DEBUG [django.db.backends:90] (0.000) SET SQL_AUTO_IS_NULL = 0; args=None
[2016-12-02 09:29:59] DEBUG [django.db.backends:90] (0.000) SELECT VERSION(); args=None
[2016-12-02 09:29:59] DEBUG [django.db.backends:90] (0.000) SET SQL_AUTO_IS_NULL = 0; args=None
[2016-12-02 09:29:59] DEBUG [django.db.backends:90] (0.001) SELECT `oauth2_provider_accesstoken`.`id`, `oauth2_provider_accesstoken`.`user_id`, `oauth2_provider_accesstoken`.`token`, `oauth2_provider_accesstoken`.`application_id`, `oauth2_provider_accesstoken`.`expires`, `oauth2_provider_accesstoken`.`scope`, `oauth2_backend_user`.`password`, `oauth2_backend_user`.`last_login`, `oauth2_backend_user`.`is_superuser`, `oauth2_backend_user`.`username`, `oauth2_backend_user`.`first_name`, `oauth2_backend_user`.`last_name`, `oauth2_backend_user`.`email`, `oauth2_backend_user`.`is_staff`, `oauth2_backend_user`.`is_active`, `oauth2_backend_user`.`date_joined`, `oauth2_backend_user`.`id`, `oauth2_backend_user`.`last_hierarchy_id`, `oauth2_backend_user`.`last_module_id`, `oauth2_backend_user`.`person_id`, `oauth2_backend_user`.`updated_at`, `oauth2_backend_user`.`registered_by`, `oauth2_provider_application`.`id`, `oauth2_provider_application`.`client_id`, `oauth2_provider_application`.`user_id`, `oauth2_provider_application`.`redirect_uris`, `oauth2_provider_application`.`client_type`, `oauth2_provider_application`.`authorization_grant_type`, `oauth2_provider_application`.`client_secret`, `oauth2_provider_application`.`name`, `oauth2_provider_application`.`skip_authorization` FROM `oauth2_provider_accesstoken` LEFT OUTER JOIN `oauth2_backend_user` ON (`oauth2_provider_accesstoken`.`user_id` = `oauth2_backend_user`.`id`) INNER JOIN `oauth2_provider_application` ON (`oauth2_provider_accesstoken`.`application_id` = `oauth2_provider_application`.`id`) WHERE `oauth2_provider_accesstoken`.`token` = '16NRRqmzaorv9SKUQmTFeLzxowmH6I'; args=('16NRRqmzaorv9SKUQmTFeLzxowmH6I',)
[2016-12-02 09:29:59] DEBUG [django.db.backends:90] (0.002) SELECT `oauth2_provider_accesstoken`.`id`, `oauth2_provider_accesstoken`.`user_id`, `oauth2_provider_accesstoken`.`token`, `oauth2_provider_accesstoken`.`application_id`, `oauth2_provider_accesstoken`.`expires`, `oauth2_provider_accesstoken`.`scope`, `oauth2_backend_user`.`password`, `oauth2_backend_user`.`last_login`, `oauth2_backend_user`.`is_superuser`, `oauth2_backend_user`.`username`, `oauth2_backend_user`.`first_name`, `oauth2_backend_user`.`last_name`, `oauth2_backend_user`.`email`, `oauth2_backend_user`.`is_staff`, `oauth2_backend_user`.`is_active`, `oauth2_backend_user`.`date_joined`, `oauth2_backend_user`.`id`, `oauth2_backend_user`.`last_hierarchy_id`, `oauth2_backend_user`.`last_module_id`, `oauth2_backend_user`.`person_id`, `oauth2_backend_user`.`updated_at`, `oauth2_backend_user`.`registered_by`, `oauth2_provider_application`.`id`, `oauth2_provider_application`.`client_id`, `oauth2_provider_application`.`user_id`, `oauth2_provider_application`.`redirect_uris`, `oauth2_provider_application`.`client_type`, `oauth2_provider_application`.`authorization_grant_type`, `oauth2_provider_application`.`client_secret`, `oauth2_provider_application`.`name`, `oauth2_provider_application`.`skip_authorization` FROM `oauth2_provider_accesstoken` LEFT OUTER JOIN `oauth2_backend_user` ON (`oauth2_provider_accesstoken`.`user_id` = `oauth2_backend_user`.`id`) INNER JOIN `oauth2_provider_application` ON (`oauth2_provider_accesstoken`.`application_id` = `oauth2_provider_application`.`id`) WHERE `oauth2_provider_accesstoken`.`token` = '16NRRqmzaorv9SKUQmTFeLzxowmH6I'; args=('16NRRqmzaorv9SKUQmTFeLzxowmH6I',)
[2016-12-02 09:29:59] DEBUG [django.db.backends:90] (0.000) SELECT `oauth2_backend_menu`.`id` FROM `oauth2_backend_menu` WHERE (`oauth2_backend_menu`.`id` IS NOT NULL AND `oauth2_backend_menu`.`is_active` = 1 AND `oauth2_backend_menu`.`module` = 'BACKEND') ORDER BY `oauth2_backend_menu`.`pos` ASC; args=(True, 'BACKEND')
[2016-12-02 09:29:59] DEBUG [django.db.backends:90] (0.001) SELECT (1) AS `a` FROM `django_session` WHERE `django_session`.`session_key` = 'darxnhb8pfugtorpuusvsy1b8rccardp' LIMIT 1; args=('darxnhb8pfugtorpuusvsy1b8rccardp',)
[2016-12-02 09:29:59] DEBUG [django.db.backends:90] (0.000) INSERT INTO `django_session` (`session_key`, `session_data`, `expire_date`) VALUES ('darxnhb8pfugtorpuusvsy1b8rccardp', 'NTFlOTk3MThkODI0ZjJkYjBmYTFiZjk0Zjg4NTdjZTViZDA1MGQxZjp7Il9zZXNzaW9uX2V4cGlyeSI6MzB9', '2016-12-02 14:30:29'); args=('darxnhb8pfugtorpuusvsy1b8rccardp', 'NTFlOTk3MThkODI0ZjJkYjBmYTFiZjk0Zjg4NTdjZTViZDA1MGQxZjp7Il9zZXNzaW9uX2V4cGlyeSI6MzB9', '2016-12-02 14:30:29')
[2016-12-02 09:29:59] INFO [django.server:131] "GET /api/oauth2_backend/usermenu/ HTTP/1.1" 200 11
[2016-12-02 09:30:09] DEBUG [django.db.backends:90] (0.000) SELECT @@SQL_AUTO_IS_NULL; args=None
[2016-12-02 09:30:09] DEBUG [django.db.backends:90] (0.000) SET SQL_AUTO_IS_NULL = 0; args=None
[2016-12-02 09:30:09] DEBUG [django.db.backends:90] (0.000) SELECT VERSION(); args=None
[2016-12-02 09:30:09] DEBUG [django.db.backends:90] (0.000) SET SQL_AUTO_IS_NULL = 0; args=None
[2016-12-02 09:30:09] DEBUG [django.db.backends:90] (0.000) SELECT `django_session`.`session_key`, `django_session`.`session_data`, `django_session`.`expire_date` FROM `django_session` WHERE (`django_session`.`expire_date` > '2016-12-02 14:30:09' AND `django_session`.`session_key` = '5s0dl55aul393hvdt51pdlmrkkug1aq0'); args=('2016-12-02 14:30:09', '5s0dl55aul393hvdt51pdlmrkkug1aq0')
[2016-12-02 09:30:09] DEBUG [django.db.backends:90] (0.000) SELECT `oauth2_backend_user`.`password`, `oauth2_backend_user`.`last_login`, `oauth2_backend_user`.`is_superuser`, `oauth2_backend_user`.`username`, `oauth2_backend_user`.`first_name`, `oauth2_backend_user`.`last_name`, `oauth2_backend_user`.`email`, `oauth2_backend_user`.`is_staff`, `oauth2_backend_user`.`is_active`, `oauth2_backend_user`.`date_joined`, `oauth2_backend_user`.`id`, `oauth2_backend_user`.`last_hierarchy_id`, `oauth2_backend_user`.`last_module_id`, `oauth2_backend_user`.`person_id`, `oauth2_backend_user`.`updated_at`, `oauth2_backend_user`.`registered_by` FROM `oauth2_backend_user` WHERE `oauth2_backend_user`.`id` = '6e9f183475a14abf9cda0fe98ba93535'; args=('6e9f183475a14abf9cda0fe98ba93535',)
[2016-12-02 09:30:09] DEBUG [django.db.backends:90] (0.000) SELECT `django_session`.`session_key`, `django_session`.`session_data`, `django_session`.`expire_date` FROM `django_session` WHERE `django_session`.`session_key` = '5s0dl55aul393hvdt51pdlmrkkug1aq0'; args=('5s0dl55aul393hvdt51pdlmrkkug1aq0',)
[2016-12-02 09:30:09] DEBUG [django.db.backends:90] (0.000) DELETE FROM `django_session` WHERE `django_session`.`session_key` IN ('5s0dl55aul393hvdt51pdlmrkkug1aq0'); args=('5s0dl55aul393hvdt51pdlmrkkug1aq0',)
[2016-12-02 09:30:09] DEBUG [django.template:929] Exception while resolving variable 'site_title' in template 'registration/logged_out.html'.
Traceback (most recent call last):
  File "E:\practian-ioteca-project\ve_oauth2_backend\lib\site-packages\django\template\base.py", line 885, in _resolve_lookup
    current = current[bit]
  File "E:\practian-ioteca-project\ve_oauth2_backend\lib\site-packages\django\template\context.py", line 75, in __getitem__
    raise KeyError(key)
KeyError: 'site_title'

During handling of the above exception, another exception occurred:

Traceback (most recent call last):
  File "E:\practian-ioteca-project\ve_oauth2_backend\lib\site-packages\django\template\base.py", line 891, in _resolve_lookup
    if isinstance(current, BaseContext) and getattr(type(current), bit):
AttributeError: type object 'RequestContext' has no attribute 'site_title'

During handling of the above exception, another exception occurred:

Traceback (most recent call last):
  File "E:\practian-ioteca-project\ve_oauth2_backend\lib\site-packages\django\template\base.py", line 900, in _resolve_lookup
    current = current[int(bit)]
ValueError: invalid literal for int() with base 10: 'site_title'

During handling of the above exception, another exception occurred:

Traceback (most recent call last):
  File "E:\practian-ioteca-project\ve_oauth2_backend\lib\site-packages\django\template\base.py", line 907, in _resolve_lookup
    (bit, current))  # missing attribute
django.template.base.VariableDoesNotExist: Failed lookup for key [site_title] in "[{'True': True, 'None': None, 'False': False}, {'messages': <django.contrib.messages.storage.fallback.FallbackStorage object at 0x0000000001447898>, 'user': <django.contrib.auth.models.AnonymousUser object at 0x0000000001447F60>, 'request': <WSGIRequest: GET '/accounts/logout/'>, 'DEFAULT_MESSAGE_LEVELS': {'ERROR': 40, 'DEBUG': 10, 'WARNING': 30, 'SUCCESS': 25, 'INFO': 20}, 'csrf_token': <SimpleLazyObject: <function csrf.<locals>._get_val at 0x0000000005BDAEA0>>, 'perms': <django.contrib.auth.context_processors.PermWrapper object at 0x0000000001442048>}, {}, {'site_name': 'localhost:7001', 'LANGUAGE_BIDI': False, 'site': <django.contrib.sites.requests.RequestSite object at 0x00000000014477F0>, 'LANGUAGE_CODE': 'en-us', 'title': 'Logged out'}, {'block': <Block Node: title. Contents: [<Variable Node: title>, <TextNode: ' | '>, <Variable Node: site_title|default:_('Django site admin')>]>}]"
[2016-12-02 09:30:09] DEBUG [django.template:929] Exception while resolving variable 'is_popup' in template 'registration/logged_out.html'.
Traceback (most recent call last):
  File "E:\practian-ioteca-project\ve_oauth2_backend\lib\site-packages\django\template\base.py", line 885, in _resolve_lookup
    current = current[bit]
  File "E:\practian-ioteca-project\ve_oauth2_backend\lib\site-packages\django\template\context.py", line 75, in __getitem__
    raise KeyError(key)
KeyError: 'is_popup'

During handling of the above exception, another exception occurred:

Traceback (most recent call last):
  File "E:\practian-ioteca-project\ve_oauth2_backend\lib\site-packages\django\template\base.py", line 891, in _resolve_lookup
    if isinstance(current, BaseContext) and getattr(type(current), bit):
AttributeError: type object 'RequestContext' has no attribute 'is_popup'

During handling of the above exception, another exception occurred:

Traceback (most recent call last):
  File "E:\practian-ioteca-project\ve_oauth2_backend\lib\site-packages\django\template\base.py", line 900, in _resolve_lookup
    current = current[int(bit)]
ValueError: invalid literal for int() with base 10: 'is_popup'

During handling of the above exception, another exception occurred:

Traceback (most recent call last):
  File "E:\practian-ioteca-project\ve_oauth2_backend\lib\site-packages\django\template\base.py", line 907, in _resolve_lookup
    (bit, current))  # missing attribute
django.template.base.VariableDoesNotExist: Failed lookup for key [is_popup] in "[{'True': True, 'None': None, 'False': False}, {'messages': <django.contrib.messages.storage.fallback.FallbackStorage object at 0x0000000001447898>, 'user': <django.contrib.auth.models.AnonymousUser object at 0x0000000001447F60>, 'request': <WSGIRequest: GET '/accounts/logout/'>, 'DEFAULT_MESSAGE_LEVELS': {'ERROR': 40, 'DEBUG': 10, 'WARNING': 30, 'SUCCESS': 25, 'INFO': 20}, 'csrf_token': <SimpleLazyObject: <function csrf.<locals>._get_val at 0x0000000005BDAEA0>>, 'perms': <django.contrib.auth.context_processors.PermWrapper object at 0x0000000001442048>}, {}, {'site_name': 'localhost:7001', 'LANGUAGE_BIDI': False, 'site': <django.contrib.sites.requests.RequestSite object at 0x00000000014477F0>, 'LANGUAGE_CODE': 'en-us', 'title': 'Logged out'}]"
[2016-12-02 09:30:09] DEBUG [django.template:929] Exception while resolving variable 'is_popup' in template 'registration/logged_out.html'.
Traceback (most recent call last):
  File "E:\practian-ioteca-project\ve_oauth2_backend\lib\site-packages\django\template\base.py", line 885, in _resolve_lookup
    current = current[bit]
  File "E:\practian-ioteca-project\ve_oauth2_backend\lib\site-packages\django\template\context.py", line 75, in __getitem__
    raise KeyError(key)
KeyError: 'is_popup'

During handling of the above exception, another exception occurred:

Traceback (most recent call last):
  File "E:\practian-ioteca-project\ve_oauth2_backend\lib\site-packages\django\template\base.py", line 891, in _resolve_lookup
    if isinstance(current, BaseContext) and getattr(type(current), bit):
AttributeError: type object 'RequestContext' has no attribute 'is_popup'

During handling of the above exception, another exception occurred:

Traceback (most recent call last):
  File "E:\practian-ioteca-project\ve_oauth2_backend\lib\site-packages\django\template\base.py", line 900, in _resolve_lookup
    current = current[int(bit)]
ValueError: invalid literal for int() with base 10: 'is_popup'

During handling of the above exception, another exception occurred:

Traceback (most recent call last):
  File "E:\practian-ioteca-project\ve_oauth2_backend\lib\site-packages\django\template\base.py", line 907, in _resolve_lookup
    (bit, current))  # missing attribute
django.template.base.VariableDoesNotExist: Failed lookup for key [is_popup] in "[{'True': True, 'None': None, 'False': False}, {'messages': <django.contrib.messages.storage.fallback.FallbackStorage object at 0x0000000001447898>, 'user': <django.contrib.auth.models.AnonymousUser object at 0x0000000001447F60>, 'request': <WSGIRequest: GET '/accounts/logout/'>, 'DEFAULT_MESSAGE_LEVELS': {'ERROR': 40, 'DEBUG': 10, 'WARNING': 30, 'SUCCESS': 25, 'INFO': 20}, 'csrf_token': <SimpleLazyObject: <function csrf.<locals>._get_val at 0x0000000005BDAEA0>>, 'perms': <django.contrib.auth.context_processors.PermWrapper object at 0x0000000001442048>}, {}, {'site_name': 'localhost:7001', 'LANGUAGE_BIDI': False, 'site': <django.contrib.sites.requests.RequestSite object at 0x00000000014477F0>, 'LANGUAGE_CODE': 'en-us', 'title': 'Logged out'}]"
[2016-12-02 09:30:09] DEBUG [django.template:929] Exception while resolving variable 'site_header' in template 'registration/logged_out.html'.
Traceback (most recent call last):
  File "E:\practian-ioteca-project\ve_oauth2_backend\lib\site-packages\django\template\base.py", line 885, in _resolve_lookup
    current = current[bit]
  File "E:\practian-ioteca-project\ve_oauth2_backend\lib\site-packages\django\template\context.py", line 75, in __getitem__
    raise KeyError(key)
KeyError: 'site_header'

During handling of the above exception, another exception occurred:

Traceback (most recent call last):
  File "E:\practian-ioteca-project\ve_oauth2_backend\lib\site-packages\django\template\base.py", line 891, in _resolve_lookup
    if isinstance(current, BaseContext) and getattr(type(current), bit):
AttributeError: type object 'RequestContext' has no attribute 'site_header'

During handling of the above exception, another exception occurred:

Traceback (most recent call last):
  File "E:\practian-ioteca-project\ve_oauth2_backend\lib\site-packages\django\template\base.py", line 900, in _resolve_lookup
    current = current[int(bit)]
ValueError: invalid literal for int() with base 10: 'site_header'

During handling of the above exception, another exception occurred:

Traceback (most recent call last):
  File "E:\practian-ioteca-project\ve_oauth2_backend\lib\site-packages\django\template\base.py", line 907, in _resolve_lookup
    (bit, current))  # missing attribute
django.template.base.VariableDoesNotExist: Failed lookup for key [site_header] in '[{\'True\': True, \'None\': None, \'False\': False}, {\'messages\': <django.contrib.messages.storage.fallback.FallbackStorage object at 0x0000000001447898>, \'user\': <django.contrib.auth.models.AnonymousUser object at 0x0000000001447F60>, \'request\': <WSGIRequest: GET \'/accounts/logout/\'>, \'DEFAULT_MESSAGE_LEVELS\': {\'ERROR\': 40, \'DEBUG\': 10, \'WARNING\': 30, \'SUCCESS\': 25, \'INFO\': 20}, \'csrf_token\': <SimpleLazyObject: <function csrf.<locals>._get_val at 0x0000000005BDAEA0>>, \'perms\': <django.contrib.auth.context_processors.PermWrapper object at 0x0000000001442048>}, {}, {\'site_name\': \'localhost:7001\', \'LANGUAGE_BIDI\': False, \'site\': <django.contrib.sites.requests.RequestSite object at 0x00000000014477F0>, \'LANGUAGE_CODE\': \'en-us\', \'title\': \'Logged out\'}, {\'block\': <Block Node: branding. Contents: [<TextNode: \'\\n<h1 id="site-name"><a hr\'>, <django.template.defaulttags.URLNode object at 0x000000000144CCC0>, <TextNode: \'">\'>, <Variable Node: site_header|default:_(\'Django administration\')>, <TextNode: \'</a></h1>\\n\'>]>}]'
[2016-12-02 09:30:09] DEBUG [django.template:929] Exception while resolving variable 'has_permission' in template 'registration/logged_out.html'.
Traceback (most recent call last):
  File "E:\practian-ioteca-project\ve_oauth2_backend\lib\site-packages\django\template\base.py", line 885, in _resolve_lookup
    current = current[bit]
  File "E:\practian-ioteca-project\ve_oauth2_backend\lib\site-packages\django\template\context.py", line 75, in __getitem__
    raise KeyError(key)
KeyError: 'has_permission'

During handling of the above exception, another exception occurred:

Traceback (most recent call last):
  File "E:\practian-ioteca-project\ve_oauth2_backend\lib\site-packages\django\template\base.py", line 891, in _resolve_lookup
    if isinstance(current, BaseContext) and getattr(type(current), bit):
AttributeError: type object 'RequestContext' has no attribute 'has_permission'

During handling of the above exception, another exception occurred:

Traceback (most recent call last):
  File "E:\practian-ioteca-project\ve_oauth2_backend\lib\site-packages\django\template\base.py", line 900, in _resolve_lookup
    current = current[int(bit)]
ValueError: invalid literal for int() with base 10: 'has_permission'

During handling of the above exception, another exception occurred:

Traceback (most recent call last):
  File "E:\practian-ioteca-project\ve_oauth2_backend\lib\site-packages\django\template\base.py", line 907, in _resolve_lookup
    (bit, current))  # missing attribute
django.template.base.VariableDoesNotExist: Failed lookup for key [has_permission] in "[{'True': True, 'None': None, 'False': False}, {'messages': <django.contrib.messages.storage.fallback.FallbackStorage object at 0x0000000001447898>, 'user': <django.contrib.auth.models.AnonymousUser object at 0x0000000001447F60>, 'request': <WSGIRequest: GET '/accounts/logout/'>, 'DEFAULT_MESSAGE_LEVELS': {'ERROR': 40, 'DEBUG': 10, 'WARNING': 30, 'SUCCESS': 25, 'INFO': 20}, 'csrf_token': <SimpleLazyObject: <function csrf.<locals>._get_val at 0x0000000005BDAEA0>>, 'perms': <django.contrib.auth.context_processors.PermWrapper object at 0x0000000001442048>}, {}, {'site_name': 'localhost:7001', 'LANGUAGE_BIDI': False, 'site': <django.contrib.sites.requests.RequestSite object at 0x00000000014477F0>, 'LANGUAGE_CODE': 'en-us', 'title': 'Logged out'}, {'block': <Block Node: usertools. Contents: [<TextNode: '\\n        '>, <IfNode>, <TextNode: '\\n        '>]>}]"
[2016-12-02 09:30:09] INFO [django.server:131] "GET /accounts/logout/ HTTP/1.1" 200 1015
[2016-12-02 09:30:09] INFO [django.server:131] "GET /static/admin/css/base.css HTTP/1.1" 304 0
[2016-12-02 09:30:09] INFO [django.server:131] "GET /static/admin/css/fonts.css HTTP/1.1" 304 0
[2016-12-02 09:30:09] INFO [django.server:131] "GET /static/admin/fonts/Roboto-Regular-webfont.woff HTTP/1.1" 304 0
[2016-12-02 09:30:09] INFO [django.server:131] "GET /static/admin/fonts/Roboto-Light-webfont.woff HTTP/1.1" 304 0
[2016-12-02 09:30:11] INFO [django.server:131] "GET /o/authorize/?response_type=token&client_id=RBzvAoW3dtySxnPob5TuQgINV3yITSVE5bevdosI&state=892vMZlcMIgbQrASeGzO%3B%23%2Fcatalogo%2Fcatalogo%2Fcategorias&scope=catalogo HTTP/1.1" 302 0
[2016-12-02 09:30:11] DEBUG [django.template:929] Exception while resolving variable 'title' in template 'registration/login.html'.
Traceback (most recent call last):
  File "E:\practian-ioteca-project\ve_oauth2_backend\lib\site-packages\django\template\base.py", line 885, in _resolve_lookup
    current = current[bit]
  File "E:\practian-ioteca-project\ve_oauth2_backend\lib\site-packages\django\template\context.py", line 75, in __getitem__
    raise KeyError(key)
KeyError: 'title'

During handling of the above exception, another exception occurred:

Traceback (most recent call last):
  File "E:\practian-ioteca-project\ve_oauth2_backend\lib\site-packages\django\template\base.py", line 891, in _resolve_lookup
    if isinstance(current, BaseContext) and getattr(type(current), bit):
AttributeError: type object 'RequestContext' has no attribute 'title'

During handling of the above exception, another exception occurred:

Traceback (most recent call last):
  File "E:\practian-ioteca-project\ve_oauth2_backend\lib\site-packages\django\template\base.py", line 900, in _resolve_lookup
    current = current[int(bit)]
ValueError: invalid literal for int() with base 10: 'title'

During handling of the above exception, another exception occurred:

Traceback (most recent call last):
  File "E:\practian-ioteca-project\ve_oauth2_backend\lib\site-packages\django\template\base.py", line 907, in _resolve_lookup
    (bit, current))  # missing attribute
django.template.base.VariableDoesNotExist: Failed lookup for key [title] in "[{'True': True, 'None': None, 'False': False}, {'messages': <django.contrib.messages.storage.fallback.FallbackStorage object at 0x0000000001426C88>, 'user': <SimpleLazyObject: <function AuthenticationMiddleware.process_request.<locals>.<lambda> at 0x000000000146D158>>, 'request': <WSGIRequest: GET '/accounts/login/?next=/o/authorize/%3Fresponse_type%3Dtoken%26client_id%3DRBzvAoW3dtySxnPob5TuQgINV3yITSVE5bevdosI%26state%3D892vMZlcMIgbQrASeGzO%253B%2523%252Fcatalogo%252Fcatalogo%252Fcategorias%26scope%3Dcatalogo'>, 'DEFAULT_MESSAGE_LEVELS': {'ERROR': 40, 'DEBUG': 10, 'WARNING': 30, 'SUCCESS': 25, 'INFO': 20}, 'csrf_token': <SimpleLazyObject: <function csrf.<locals>._get_val at 0x00000000014A3BF8>>, 'perms': <django.contrib.auth.context_processors.PermWrapper object at 0x000000000151BA58>}, {}, {'form': <AuthenticationForm bound=False, valid=Unknown, fields=(username;password)>, 'LANGUAGE_CODE': 'en-us', 'next': '/o/authorize/?response_type=token&client_id=RBzvAoW3dtySxnPob5TuQgINV3yITSVE5bevdosI&state=892vMZlcMIgbQrASeGzO%3B%23%2Fcatalogo%2Fcatalogo%2Fcategorias&scope=catalogo', 'site_name': 'localhost:7001', 'site': <django.contrib.sites.requests.RequestSite object at 0x0000000001426E48>, 'LANGUAGE_BIDI': False}, {'block': <Block Node: title. Contents: [<Variable Node: title>, <TextNode: ' | '>, <Variable Node: site_title|default:_('Django site admin')>]>}]"
[2016-12-02 09:30:11] DEBUG [django.template:929] Exception while resolving variable 'site_title' in template 'registration/login.html'.
Traceback (most recent call last):
  File "E:\practian-ioteca-project\ve_oauth2_backend\lib\site-packages\django\template\base.py", line 885, in _resolve_lookup
    current = current[bit]
  File "E:\practian-ioteca-project\ve_oauth2_backend\lib\site-packages\django\template\context.py", line 75, in __getitem__
    raise KeyError(key)
KeyError: 'site_title'

During handling of the above exception, another exception occurred:

Traceback (most recent call last):
  File "E:\practian-ioteca-project\ve_oauth2_backend\lib\site-packages\django\template\base.py", line 891, in _resolve_lookup
    if isinstance(current, BaseContext) and getattr(type(current), bit):
AttributeError: type object 'RequestContext' has no attribute 'site_title'

During handling of the above exception, another exception occurred:

Traceback (most recent call last):
  File "E:\practian-ioteca-project\ve_oauth2_backend\lib\site-packages\django\template\base.py", line 900, in _resolve_lookup
    current = current[int(bit)]
ValueError: invalid literal for int() with base 10: 'site_title'

During handling of the above exception, another exception occurred:

Traceback (most recent call last):
  File "E:\practian-ioteca-project\ve_oauth2_backend\lib\site-packages\django\template\base.py", line 907, in _resolve_lookup
    (bit, current))  # missing attribute
django.template.base.VariableDoesNotExist: Failed lookup for key [site_title] in "[{'True': True, 'None': None, 'False': False}, {'messages': <django.contrib.messages.storage.fallback.FallbackStorage object at 0x0000000001426C88>, 'user': <SimpleLazyObject: <function AuthenticationMiddleware.process_request.<locals>.<lambda> at 0x000000000146D158>>, 'request': <WSGIRequest: GET '/accounts/login/?next=/o/authorize/%3Fresponse_type%3Dtoken%26client_id%3DRBzvAoW3dtySxnPob5TuQgINV3yITSVE5bevdosI%26state%3D892vMZlcMIgbQrASeGzO%253B%2523%252Fcatalogo%252Fcatalogo%252Fcategorias%26scope%3Dcatalogo'>, 'DEFAULT_MESSAGE_LEVELS': {'ERROR': 40, 'DEBUG': 10, 'WARNING': 30, 'SUCCESS': 25, 'INFO': 20}, 'csrf_token': <SimpleLazyObject: <function csrf.<locals>._get_val at 0x00000000014A3BF8>>, 'perms': <django.contrib.auth.context_processors.PermWrapper object at 0x000000000151BA58>}, {}, {'form': <AuthenticationForm bound=False, valid=Unknown, fields=(username;password)>, 'LANGUAGE_CODE': 'en-us', 'next': '/o/authorize/?response_type=token&client_id=RBzvAoW3dtySxnPob5TuQgINV3yITSVE5bevdosI&state=892vMZlcMIgbQrASeGzO%3B%23%2Fcatalogo%2Fcatalogo%2Fcategorias&scope=catalogo', 'site_name': 'localhost:7001', 'site': <django.contrib.sites.requests.RequestSite object at 0x0000000001426E48>, 'LANGUAGE_BIDI': False}, {'block': <Block Node: title. Contents: [<Variable Node: title>, <TextNode: ' | '>, <Variable Node: site_title|default:_('Django site admin')>]>}]"
[2016-12-02 09:30:11] DEBUG [django.template:929] Exception while resolving variable 'is_popup' in template 'registration/login.html'.
Traceback (most recent call last):
  File "E:\practian-ioteca-project\ve_oauth2_backend\lib\site-packages\django\template\base.py", line 885, in _resolve_lookup
    current = current[bit]
  File "E:\practian-ioteca-project\ve_oauth2_backend\lib\site-packages\django\template\context.py", line 75, in __getitem__
    raise KeyError(key)
KeyError: 'is_popup'

During handling of the above exception, another exception occurred:

Traceback (most recent call last):
  File "E:\practian-ioteca-project\ve_oauth2_backend\lib\site-packages\django\template\base.py", line 891, in _resolve_lookup
    if isinstance(current, BaseContext) and getattr(type(current), bit):
AttributeError: type object 'RequestContext' has no attribute 'is_popup'

During handling of the above exception, another exception occurred:

Traceback (most recent call last):
  File "E:\practian-ioteca-project\ve_oauth2_backend\lib\site-packages\django\template\base.py", line 900, in _resolve_lookup
    current = current[int(bit)]
ValueError: invalid literal for int() with base 10: 'is_popup'

During handling of the above exception, another exception occurred:

Traceback (most recent call last):
  File "E:\practian-ioteca-project\ve_oauth2_backend\lib\site-packages\django\template\base.py", line 907, in _resolve_lookup
    (bit, current))  # missing attribute
django.template.base.VariableDoesNotExist: Failed lookup for key [is_popup] in "[{'True': True, 'None': None, 'False': False}, {'messages': <django.contrib.messages.storage.fallback.FallbackStorage object at 0x0000000001426C88>, 'user': <SimpleLazyObject: <function AuthenticationMiddleware.process_request.<locals>.<lambda> at 0x000000000146D158>>, 'request': <WSGIRequest: GET '/accounts/login/?next=/o/authorize/%3Fresponse_type%3Dtoken%26client_id%3DRBzvAoW3dtySxnPob5TuQgINV3yITSVE5bevdosI%26state%3D892vMZlcMIgbQrASeGzO%253B%2523%252Fcatalogo%252Fcatalogo%252Fcategorias%26scope%3Dcatalogo'>, 'DEFAULT_MESSAGE_LEVELS': {'ERROR': 40, 'DEBUG': 10, 'WARNING': 30, 'SUCCESS': 25, 'INFO': 20}, 'csrf_token': <SimpleLazyObject: <function csrf.<locals>._get_val at 0x00000000014A3BF8>>, 'perms': <django.contrib.auth.context_processors.PermWrapper object at 0x000000000151BA58>}, {}, {'form': <AuthenticationForm bound=False, valid=Unknown, fields=(username;password)>, 'LANGUAGE_CODE': 'en-us', 'next': '/o/authorize/?response_type=token&client_id=RBzvAoW3dtySxnPob5TuQgINV3yITSVE5bevdosI&state=892vMZlcMIgbQrASeGzO%3B%23%2Fcatalogo%2Fcatalogo%2Fcategorias&scope=catalogo', 'site_name': 'localhost:7001', 'site': <django.contrib.sites.requests.RequestSite object at 0x0000000001426E48>, 'LANGUAGE_BIDI': False}]"
[2016-12-02 09:30:11] DEBUG [django.template:929] Exception while resolving variable 'is_popup' in template 'registration/login.html'.
Traceback (most recent call last):
  File "E:\practian-ioteca-project\ve_oauth2_backend\lib\site-packages\django\template\base.py", line 885, in _resolve_lookup
    current = current[bit]
  File "E:\practian-ioteca-project\ve_oauth2_backend\lib\site-packages\django\template\context.py", line 75, in __getitem__
    raise KeyError(key)
KeyError: 'is_popup'

During handling of the above exception, another exception occurred:

Traceback (most recent call last):
  File "E:\practian-ioteca-project\ve_oauth2_backend\lib\site-packages\django\template\base.py", line 891, in _resolve_lookup
    if isinstance(current, BaseContext) and getattr(type(current), bit):
AttributeError: type object 'RequestContext' has no attribute 'is_popup'

During handling of the above exception, another exception occurred:

Traceback (most recent call last):
  File "E:\practian-ioteca-project\ve_oauth2_backend\lib\site-packages\django\template\base.py", line 900, in _resolve_lookup
    current = current[int(bit)]
ValueError: invalid literal for int() with base 10: 'is_popup'

During handling of the above exception, another exception occurred:

Traceback (most recent call last):
  File "E:\practian-ioteca-project\ve_oauth2_backend\lib\site-packages\django\template\base.py", line 907, in _resolve_lookup
    (bit, current))  # missing attribute
django.template.base.VariableDoesNotExist: Failed lookup for key [is_popup] in "[{'True': True, 'None': None, 'False': False}, {'messages': <django.contrib.messages.storage.fallback.FallbackStorage object at 0x0000000001426C88>, 'user': <SimpleLazyObject: <function AuthenticationMiddleware.process_request.<locals>.<lambda> at 0x000000000146D158>>, 'request': <WSGIRequest: GET '/accounts/login/?next=/o/authorize/%3Fresponse_type%3Dtoken%26client_id%3DRBzvAoW3dtySxnPob5TuQgINV3yITSVE5bevdosI%26state%3D892vMZlcMIgbQrASeGzO%253B%2523%252Fcatalogo%252Fcatalogo%252Fcategorias%26scope%3Dcatalogo'>, 'DEFAULT_MESSAGE_LEVELS': {'ERROR': 40, 'DEBUG': 10, 'WARNING': 30, 'SUCCESS': 25, 'INFO': 20}, 'csrf_token': <SimpleLazyObject: <function csrf.<locals>._get_val at 0x00000000014A3BF8>>, 'perms': <django.contrib.auth.context_processors.PermWrapper object at 0x000000000151BA58>}, {}, {'form': <AuthenticationForm bound=False, valid=Unknown, fields=(username;password)>, 'LANGUAGE_CODE': 'en-us', 'next': '/o/authorize/?response_type=token&client_id=RBzvAoW3dtySxnPob5TuQgINV3yITSVE5bevdosI&state=892vMZlcMIgbQrASeGzO%3B%23%2Fcatalogo%2Fcatalogo%2Fcategorias&scope=catalogo', 'site_name': 'localhost:7001', 'site': <django.contrib.sites.requests.RequestSite object at 0x0000000001426E48>, 'LANGUAGE_BIDI': False}]"
[2016-12-02 09:30:11] DEBUG [django.template:929] Exception while resolving variable 'site_header' in template 'registration/login.html'.
Traceback (most recent call last):
  File "E:\practian-ioteca-project\ve_oauth2_backend\lib\site-packages\django\template\base.py", line 885, in _resolve_lookup
    current = current[bit]
  File "E:\practian-ioteca-project\ve_oauth2_backend\lib\site-packages\django\template\context.py", line 75, in __getitem__
    raise KeyError(key)
KeyError: 'site_header'

During handling of the above exception, another exception occurred:

Traceback (most recent call last):
  File "E:\practian-ioteca-project\ve_oauth2_backend\lib\site-packages\django\template\base.py", line 891, in _resolve_lookup
    if isinstance(current, BaseContext) and getattr(type(current), bit):
AttributeError: type object 'RequestContext' has no attribute 'site_header'

During handling of the above exception, another exception occurred:

Traceback (most recent call last):
  File "E:\practian-ioteca-project\ve_oauth2_backend\lib\site-packages\django\template\base.py", line 900, in _resolve_lookup
    current = current[int(bit)]
ValueError: invalid literal for int() with base 10: 'site_header'

During handling of the above exception, another exception occurred:

Traceback (most recent call last):
  File "E:\practian-ioteca-project\ve_oauth2_backend\lib\site-packages\django\template\base.py", line 907, in _resolve_lookup
    (bit, current))  # missing attribute
django.template.base.VariableDoesNotExist: Failed lookup for key [site_header] in '[{\'True\': True, \'None\': None, \'False\': False}, {\'messages\': <django.contrib.messages.storage.fallback.FallbackStorage object at 0x0000000001426C88>, \'user\': <SimpleLazyObject: <function AuthenticationMiddleware.process_request.<locals>.<lambda> at 0x000000000146D158>>, \'request\': <WSGIRequest: GET \'/accounts/login/?next=/o/authorize/%3Fresponse_type%3Dtoken%26client_id%3DRBzvAoW3dtySxnPob5TuQgINV3yITSVE5bevdosI%26state%3D892vMZlcMIgbQrASeGzO%253B%2523%252Fcatalogo%252Fcatalogo%252Fcategorias%26scope%3Dcatalogo\'>, \'DEFAULT_MESSAGE_LEVELS\': {\'ERROR\': 40, \'DEBUG\': 10, \'WARNING\': 30, \'SUCCESS\': 25, \'INFO\': 20}, \'csrf_token\': <SimpleLazyObject: <function csrf.<locals>._get_val at 0x00000000014A3BF8>>, \'perms\': <django.contrib.auth.context_processors.PermWrapper object at 0x000000000151BA58>}, {}, {\'form\': <AuthenticationForm bound=False, valid=Unknown, fields=(username;password)>, \'LANGUAGE_CODE\': \'en-us\', \'next\': \'/o/authorize/?response_type=token&client_id=RBzvAoW3dtySxnPob5TuQgINV3yITSVE5bevdosI&state=892vMZlcMIgbQrASeGzO%3B%23%2Fcatalogo%2Fcatalogo%2Fcategorias&scope=catalogo\', \'site_name\': \'localhost:7001\', \'site\': <django.contrib.sites.requests.RequestSite object at 0x0000000001426E48>, \'LANGUAGE_BIDI\': False}, {\'block\': <Block Node: branding. Contents: [<TextNode: \'\\n<h1 id="site-name"><a hr\'>, <django.template.defaulttags.URLNode object at 0x0000000001529898>, <TextNode: \'">\'>, <Variable Node: site_header|default:_(\'Django administration\')>, <TextNode: \'</a></h1>\\n\'>]>}]'
[2016-12-02 09:30:11] DEBUG [django.template:929] Exception while resolving variable 'app_path' in template 'registration/login.html'.
Traceback (most recent call last):
  File "E:\practian-ioteca-project\ve_oauth2_backend\lib\site-packages\django\template\base.py", line 885, in _resolve_lookup
    current = current[bit]
  File "E:\practian-ioteca-project\ve_oauth2_backend\lib\site-packages\django\template\context.py", line 75, in __getitem__
    raise KeyError(key)
KeyError: 'app_path'

During handling of the above exception, another exception occurred:

Traceback (most recent call last):
  File "E:\practian-ioteca-project\ve_oauth2_backend\lib\site-packages\django\template\base.py", line 891, in _resolve_lookup
    if isinstance(current, BaseContext) and getattr(type(current), bit):
AttributeError: type object 'RequestContext' has no attribute 'app_path'

During handling of the above exception, another exception occurred:

Traceback (most recent call last):
  File "E:\practian-ioteca-project\ve_oauth2_backend\lib\site-packages\django\template\base.py", line 900, in _resolve_lookup
    current = current[int(bit)]
ValueError: invalid literal for int() with base 10: 'app_path'

During handling of the above exception, another exception occurred:

Traceback (most recent call last):
  File "E:\practian-ioteca-project\ve_oauth2_backend\lib\site-packages\django\template\base.py", line 907, in _resolve_lookup
    (bit, current))  # missing attribute
django.template.base.VariableDoesNotExist: Failed lookup for key [app_path] in '[{\'True\': True, \'None\': None, \'False\': False}, {\'messages\': <django.contrib.messages.storage.fallback.FallbackStorage object at 0x0000000001426C88>, \'user\': <SimpleLazyObject: <django.contrib.auth.models.AnonymousUser object at 0x000000000152F470>>, \'request\': <WSGIRequest: GET \'/accounts/login/?next=/o/authorize/%3Fresponse_type%3Dtoken%26client_id%3DRBzvAoW3dtySxnPob5TuQgINV3yITSVE5bevdosI%26state%3D892vMZlcMIgbQrASeGzO%253B%2523%252Fcatalogo%252Fcatalogo%252Fcategorias%26scope%3Dcatalogo\'>, \'DEFAULT_MESSAGE_LEVELS\': {\'ERROR\': 40, \'DEBUG\': 10, \'WARNING\': 30, \'SUCCESS\': 25, \'INFO\': 20}, \'csrf_token\': <SimpleLazyObject: <function csrf.<locals>._get_val at 0x00000000014A3BF8>>, \'perms\': <django.contrib.auth.context_processors.PermWrapper object at 0x000000000151BA58>}, {}, {\'form\': <AuthenticationForm bound=False, valid=False, fields=(username;password)>, \'LANGUAGE_CODE\': \'en-us\', \'next\': \'/o/authorize/?response_type=token&client_id=RBzvAoW3dtySxnPob5TuQgINV3yITSVE5bevdosI&state=892vMZlcMIgbQrASeGzO%3B%23%2Fcatalogo%2Fcatalogo%2Fcategorias&scope=catalogo\', \'site_name\': \'localhost:7001\', \'site\': <django.contrib.sites.requests.RequestSite object at 0x0000000001426E48>, \'LANGUAGE_BIDI\': False}, {\'block\': <Block Node: content. Contents: [<TextNode: \'\\n\'>, <IfNode>, <TextNode: \'\\n\\n\'>, <IfNode>, <TextNode: \'\\n\\n<div id="content-main">\'>, <IfNode>, <TextNode: \'\\n\\n<form action="\'>, <Variable Node: app_path>, <TextNode: \'" method="post" id="login\'>, <django.template.defaulttags.CsrfTokenNode object at 0x00000000014B89E8>, <TextNode: \'\\n  <div class="form-row">\'>, <Variable Node: form.username.errors>, <TextNode: \'\\n    \'>, <Variable Node: form.username.label_tag>, <TextNode: \' \'>, <Variable Node: form.username>, <TextNode: \'\\n  </div>\\n  <div class="f\'>, <Variable Node: form.password.errors>, <TextNode: \'\\n    \'>, <Variable Node: form.password.label_tag>, <TextNode: \' \'>, <Variable Node: form.password>, <TextNode: \'\\n    <input type="hidden"\'>, <Variable Node: next>, <TextNode: \'" />\\n  </div>\\n  \'>, <django.template.defaulttags.URLNode object at 0x000000000144C7B8>, <TextNode: \'\\n  \'>, <IfNode>, <TextNode: \'\\n  <div class="submit-row\'>, <django.templatetags.i18n.TranslateNode object at 0x0000000001477588>, <TextNode: \'" />\\n  </div>\\n</form>\\n\\n</\'>]>}]'
[2016-12-02 09:30:11] INFO [django.server:131] "GET /accounts/login/?next=/o/authorize/%3Fresponse_type%3Dtoken%26client_id%3DRBzvAoW3dtySxnPob5TuQgINV3yITSVE5bevdosI%26state%3D892vMZlcMIgbQrASeGzO%253B%2523%252Fcatalogo%252Fcatalogo%252Fcategorias%26scope%3Dcatalogo HTTP/1.1" 200 1764
[2016-12-02 09:30:11] INFO [django.server:131] "GET /static/admin/css/login.css HTTP/1.1" 200 1203
[2016-12-02 09:30:12] DEBUG [django.db.backends:90] (0.000) SELECT @@SQL_AUTO_IS_NULL; args=None
[2016-12-02 09:30:12] DEBUG [django.db.backends:90] (0.000) SET SQL_AUTO_IS_NULL = 0; args=None
[2016-12-02 09:30:12] DEBUG [django.db.backends:90] (0.000) SELECT VERSION(); args=None
[2016-12-02 09:30:12] DEBUG [django.db.backends:90] (0.000) SET SQL_AUTO_IS_NULL = 0; args=None
[2016-12-02 09:30:12] DEBUG [django.db.backends:90] (0.001) SELECT `oauth2_backend_user`.`password`, `oauth2_backend_user`.`last_login`, `oauth2_backend_user`.`is_superuser`, `oauth2_backend_user`.`username`, `oauth2_backend_user`.`first_name`, `oauth2_backend_user`.`last_name`, `oauth2_backend_user`.`email`, `oauth2_backend_user`.`is_staff`, `oauth2_backend_user`.`is_active`, `oauth2_backend_user`.`date_joined`, `oauth2_backend_user`.`id`, `oauth2_backend_user`.`last_hierarchy_id`, `oauth2_backend_user`.`last_module_id`, `oauth2_backend_user`.`person_id`, `oauth2_backend_user`.`updated_at`, `oauth2_backend_user`.`registered_by` FROM `oauth2_backend_user` WHERE `oauth2_backend_user`.`username` = 'admin'; args=('admin',)
[2016-12-02 09:30:12] DEBUG [django.db.backends:90] (0.001) SELECT (1) AS `a` FROM `django_session` WHERE `django_session`.`session_key` = 'iwvdq1za9wa1e5988im3q5z91h3gdo1e' LIMIT 1; args=('iwvdq1za9wa1e5988im3q5z91h3gdo1e',)
[2016-12-02 09:30:12] DEBUG [django.db.backends:90] (0.001) INSERT INTO `django_session` (`session_key`, `session_data`, `expire_date`) VALUES ('iwvdq1za9wa1e5988im3q5z91h3gdo1e', 'M2IxODczZWIyMTE1M2M2MjlkNWYzMzA0NjMzMWE2NWJmZTc3YzYwYTp7fQ==', '2016-12-16 14:30:12'); args=('iwvdq1za9wa1e5988im3q5z91h3gdo1e', 'M2IxODczZWIyMTE1M2M2MjlkNWYzMzA0NjMzMWE2NWJmZTc3YzYwYTp7fQ==', '2016-12-16 14:30:12')
[2016-12-02 09:30:12] DEBUG [django.db.backends:90] (0.000) UPDATE `oauth2_backend_user` SET `last_login` = '2016-12-02 14:30:12' WHERE `oauth2_backend_user`.`id` = '6e9f183475a14abf9cda0fe98ba93535'; args=('2016-12-02 14:30:12', '6e9f183475a14abf9cda0fe98ba93535')
[2016-12-02 09:30:12] DEBUG [django.db.backends:90] (0.001) UPDATE `django_session` SET `session_data` = 'ZjkxNjc5YzJlMDQ1MTBlYTU1Zjc2N2E3ZDA1OTBlNTRlMDVkMGQ0NTp7Il9hdXRoX3VzZXJfaWQiOiI2ZTlmMTgzNC03NWExLTRhYmYtOWNkYS0wZmU5OGJhOTM1MzUiLCJfYXV0aF91c2VyX2hhc2giOiI5MzA3NGRiYjUxYmY4YjJlZmE3OWMzM2U4ODg3OWFiMTJmNDI3MjhkIiwiX2F1dGhfdXNlcl9iYWNrZW5kIjoiZGphbmdvLmNvbnRyaWIuYXV0aC5iYWNrZW5kcy5Nb2RlbEJhY2tlbmQifQ==', `expire_date` = '2016-12-16 14:30:12' WHERE `django_session`.`session_key` = 'iwvdq1za9wa1e5988im3q5z91h3gdo1e'; args=('ZjkxNjc5YzJlMDQ1MTBlYTU1Zjc2N2E3ZDA1OTBlNTRlMDVkMGQ0NTp7Il9hdXRoX3VzZXJfaWQiOiI2ZTlmMTgzNC03NWExLTRhYmYtOWNkYS0wZmU5OGJhOTM1MzUiLCJfYXV0aF91c2VyX2hhc2giOiI5MzA3NGRiYjUxYmY4YjJlZmE3OWMzM2U4ODg3OWFiMTJmNDI3MjhkIiwiX2F1dGhfdXNlcl9iYWNrZW5kIjoiZGphbmdvLmNvbnRyaWIuYXV0aC5iYWNrZW5kcy5Nb2RlbEJhY2tlbmQifQ==', '2016-12-16 14:30:12', 'iwvdq1za9wa1e5988im3q5z91h3gdo1e')
[2016-12-02 09:30:12] INFO [django.server:131] "POST /accounts/login/?next=/o/authorize/%3Fresponse_type%3Dtoken%26client_id%3DRBzvAoW3dtySxnPob5TuQgINV3yITSVE5bevdosI%26state%3D892vMZlcMIgbQrASeGzO%253B%2523%252Fcatalogo%252Fcatalogo%252Fcategorias%26scope%3Dcatalogo HTTP/1.1" 302 0
[2016-12-02 09:30:12] DEBUG [django.db.backends:90] (0.000) SELECT @@SQL_AUTO_IS_NULL; args=None
[2016-12-02 09:30:12] DEBUG [django.db.backends:90] (0.001) SET SQL_AUTO_IS_NULL = 0; args=None
[2016-12-02 09:30:12] DEBUG [django.db.backends:90] (0.000) SELECT VERSION(); args=None
[2016-12-02 09:30:12] DEBUG [django.db.backends:90] (0.000) SET SQL_AUTO_IS_NULL = 0; args=None
[2016-12-02 09:30:12] DEBUG [django.db.backends:90] (0.001) SELECT `django_session`.`session_key`, `django_session`.`session_data`, `django_session`.`expire_date` FROM `django_session` WHERE (`django_session`.`expire_date` > '2016-12-02 14:30:12' AND `django_session`.`session_key` = 'iwvdq1za9wa1e5988im3q5z91h3gdo1e'); args=('2016-12-02 14:30:12', 'iwvdq1za9wa1e5988im3q5z91h3gdo1e')
[2016-12-02 09:30:12] DEBUG [django.db.backends:90] (0.001) SELECT `oauth2_backend_user`.`password`, `oauth2_backend_user`.`last_login`, `oauth2_backend_user`.`is_superuser`, `oauth2_backend_user`.`username`, `oauth2_backend_user`.`first_name`, `oauth2_backend_user`.`last_name`, `oauth2_backend_user`.`email`, `oauth2_backend_user`.`is_staff`, `oauth2_backend_user`.`is_active`, `oauth2_backend_user`.`date_joined`, `oauth2_backend_user`.`id`, `oauth2_backend_user`.`last_hierarchy_id`, `oauth2_backend_user`.`last_module_id`, `oauth2_backend_user`.`person_id`, `oauth2_backend_user`.`updated_at`, `oauth2_backend_user`.`registered_by` FROM `oauth2_backend_user` WHERE `oauth2_backend_user`.`id` = '6e9f183475a14abf9cda0fe98ba93535'; args=('6e9f183475a14abf9cda0fe98ba93535',)
[2016-12-02 09:30:12] DEBUG [django.db.backends:90] (0.001) SELECT `oauth2_provider_application`.`id`, `oauth2_provider_application`.`client_id`, `oauth2_provider_application`.`user_id`, `oauth2_provider_application`.`redirect_uris`, `oauth2_provider_application`.`client_type`, `oauth2_provider_application`.`authorization_grant_type`, `oauth2_provider_application`.`client_secret`, `oauth2_provider_application`.`name`, `oauth2_provider_application`.`skip_authorization` FROM `oauth2_provider_application` WHERE `oauth2_provider_application`.`client_id` = 'RBzvAoW3dtySxnPob5TuQgINV3yITSVE5bevdosI'; args=('RBzvAoW3dtySxnPob5TuQgINV3yITSVE5bevdosI',)
[2016-12-02 09:30:12] DEBUG [django.db.backends:90] (0.001) SELECT `oauth2_provider_application`.`id`, `oauth2_provider_application`.`client_id`, `oauth2_provider_application`.`user_id`, `oauth2_provider_application`.`redirect_uris`, `oauth2_provider_application`.`client_type`, `oauth2_provider_application`.`authorization_grant_type`, `oauth2_provider_application`.`client_secret`, `oauth2_provider_application`.`name`, `oauth2_provider_application`.`skip_authorization` FROM `oauth2_provider_application` WHERE `oauth2_provider_application`.`client_id` = 'RBzvAoW3dtySxnPob5TuQgINV3yITSVE5bevdosI'; args=('RBzvAoW3dtySxnPob5TuQgINV3yITSVE5bevdosI',)
[2016-12-02 09:30:12] DEBUG [django.template:929] Exception while resolving variable 'error' in template 'oauth2_provider/authorize.html'.
Traceback (most recent call last):
  File "E:\practian-ioteca-project\ve_oauth2_backend\lib\site-packages\django\template\base.py", line 885, in _resolve_lookup
    current = current[bit]
  File "E:\practian-ioteca-project\ve_oauth2_backend\lib\site-packages\django\template\context.py", line 75, in __getitem__
    raise KeyError(key)
KeyError: 'error'

During handling of the above exception, another exception occurred:

Traceback (most recent call last):
  File "E:\practian-ioteca-project\ve_oauth2_backend\lib\site-packages\django\template\base.py", line 891, in _resolve_lookup
    if isinstance(current, BaseContext) and getattr(type(current), bit):
AttributeError: type object 'RequestContext' has no attribute 'error'

During handling of the above exception, another exception occurred:

Traceback (most recent call last):
  File "E:\practian-ioteca-project\ve_oauth2_backend\lib\site-packages\django\template\base.py", line 900, in _resolve_lookup
    current = current[int(bit)]
ValueError: invalid literal for int() with base 10: 'error'

During handling of the above exception, another exception occurred:

Traceback (most recent call last):
  File "E:\practian-ioteca-project\ve_oauth2_backend\lib\site-packages\django\template\base.py", line 907, in _resolve_lookup
    (bit, current))  # missing attribute
django.template.base.VariableDoesNotExist: Failed lookup for key [error] in '[{\'True\': True, \'None\': None, \'False\': False}, {\'messages\': <django.contrib.messages.storage.fallback.FallbackStorage object at 0x0000000005BF4CC0>, \'user\': <SimpleLazyObject: <User: admin>>, \'request\': <WSGIRequest: GET \'/o/authorize/?response_type=token&client_id=RBzvAoW3dtySxnPob5TuQgINV3yITSVE5bevdosI&state=892vMZlcMIgbQrASeGzO%3B%23%2Fcatalogo%2Fcatalogo%2Fcategorias&scope=catalogo\'>, \'DEFAULT_MESSAGE_LEVELS\': {\'ERROR\': 40, \'DEBUG\': 10, \'WARNING\': 30, \'SUCCESS\': 25, \'INFO\': 20}, \'csrf_token\': <SimpleLazyObject: <function csrf.<locals>._get_val at 0x000000000146D1E0>>, \'perms\': <django.contrib.auth.context_processors.PermWrapper object at 0x000000000151BBE0>}, {}, {\'scopes\': [\'catalogo\'], \'view\': <oauth2_provider.views.base.AuthorizationView object at 0x0000000001405CC0>, \'redirect_uri\': \'http://localhost:9003\', \'response_type\': \'token\', \'state\': \'892vMZlcMIgbQrASeGzO;#/catalogo/catalogo/categorias\', \'form\': <AllowForm bound=False, valid=Unknown, fields=(allow;redirect_uri;scope;client_id;state;response_type)>, \'client_id\': \'RBzvAoW3dtySxnPob5TuQgINV3yITSVE5bevdosI\', \'request\': <oauthlib.Request url="/o/authorize/?response_type=token&client_id=RBzvAoW3dtySxnPob5TuQgINV3yITSVE5bevdosI&state=892vMZlcMIgbQrASeGzO%3B%23%2Fcatalogo%2Fcatalogo%2Fcategorias&scope=catalogo", http_method="GET", headers="{\'PROGRAMFILES\': \'C:\\\\Program Files\', \'USERDOMAIN_ROAMINGPROFILE\': \'DEV1-ASULLOM\', \'HTTP_ACCEPT\': \'text/html,application/xhtml+xml,application/xml;q=0.9,*/*;q=0.8\', \'PUBLIC\': \'C:\\\\Users\\\\Public\', \'SERVER_NAME\': \'DEV1-ASULLOM\', \'FPS_BROWSER_APP_PROFILE_STRING\': \'Internet Explorer\', \'REQUEST_METHOD\': \'GET\', \'wsgi.file_wrapper\': <class \'wsgiref.util.FileWrapper\'>, \'HTTP_ACCEPT_LANGUAGE\': \'es-ES,es;q=0.8,en-US;q=0.5,en;q=0.3\', \'SESSIONNAME\': \'Console\', \'DJANGO_SETTINGS_MODULE\': \'oauth2_backend_main.settings\', \'SYSTEMDRIVE\': \'C:\', \'SYSTEMROOT\': \'C:\\\\WINDOWS\', \'HTTP_REFERER\': \'http://localhost:7001/accounts/login/?next=/o/authorize/%3Fresponse_type%3Dtoken%26client_id%3DRBzvAoW3dtySxnPob5TuQgINV3yITSVE5bevdosI%26state%3D892vMZlcMIgbQrASeGzO%253B%2523%252Fcatalogo%252Fcatalogo%252Fcategorias%26scope%3Dcatalogo\', \'VIRTUAL_ENV\': \'E:\\\\practian-ioteca-project\\\\ve_oauth2_backend\', \'PATHEXT\': \'.COM;.EXE;.BAT;.CMD;.VBS;.VBE;.JS;.JSE;.WSF;.WSH;.MSC;.PY;.PYW\', \'wsgi.run_once\': False, \'QUERY_STRING\': \'response_type=token&client_id=RBzvAoW3dtySxnPob5TuQgINV3yITSVE5bevdosI&state=892vMZlcMIgbQrASeGzO%3B%23%2Fcatalogo%2Fcatalogo%2Fcategorias&scope=catalogo\', \'CSRF_COOKIE\': \'tdY6uAyXZjiXHZ8sraXQRdJy7ztxTF5r8PDQHf0N0me67dl1mbbfwNU6RDEpRuSl\', \'REMOTE_HOST\': \'\', \'PROMPT\': \'(ve_oauth2_backend) $P$G\', \'HOMEPATH\': \'\\\\Users\\\\Usuario\', \'USERDOMAIN\': \'DEV1-ASULLOM\', \'PROGRAMW6432\': \'C:\\\\Program Files\', \'TMP\': \'C:\\\\Users\\\\Usuario\\\\AppData\\\\Local\\\\Temp\', \'PATH\': \'E:\\\\practian-ioteca-project\\\\ve_oauth2_backend\\\\Scripts;C:\\\\oraclexe\\\\app\\\\oracle\\\\product\\\\11.2.0\\\\server\\\\bin;;C:\\\\Python\\\\Python34\\\\;C:\\\\Python\\\\Python34\\\\Scripts\\\\;C:\\\\Python\\\\Python35\\\\Scripts\\\\;C:\\\\Python\\\\Python35\\\\;C:\\\\Program Files (x86)\\\\Intel\\\\iCLS Client\\\\;C:\\\\Program Files\\\\Intel\\\\iCLS Client\\\\;C:\\\\WINDOWS\\\\system32;C:\\\\WINDOWS;C:\\\\WINDOWS\\\\System32\\\\Wbem;C:\\\\WINDOWS\\\\System32\\\\WindowsPowerShell\\\\v1.0\\\\;C:\\\\Program Files (x86)\\\\Intel\\\\Intel(R) Management Engine Components\\\\DAL;C:\\\\Program Files\\\\Intel\\\\Intel(R) Management Engine Components\\\\DAL;C:\\\\Program Files (x86)\\\\Intel\\\\Intel(R) Management Engine Components\\\\IPT;C:\\\\Program Files\\\\Intel\\\\Intel(R) Management Engine Components\\\\IPT;C:\\\\Program Files\\\\nodejs\\\\;C:\\\\Program Files\\\\Git\\\\cmd;C:\\\\Program Files\\\\Perforce\\\\DVCS\\\\;C:\\\\Program Files\\\\Intel\\\\WiFi\\\\bin\\\\;C:\\\\Program Files\\\\Common Files\\\\Intel\\\\WirelessCommon\\\\;C:\\\\Python\\\\Python35-32\\\\Scripts\\\\;C:\\\\Python\\\\Python35-32\\\\;C:\\\\Users\\\\Usuario\\\\AppData\\\\Roaming\\\\npm;C:\\\\Users\\\\Usuario\\\\AppData\\\\Local\\\\atom\\\\bin;%USERPROFILE%\\\\AppData\\\\Local\\\\Microsoft\\\\WindowsApps;\', \'wsgi.url_scheme\': \'http\', \'ALLUSERSPROFILE\': \'C:\\\\ProgramData\', \'CONTENT_LENGTH\': \'\', \'WINDIR\': \'C:\\\\WINDOWS\', \'SERVER_PORT\': \'7001\', \'HTTP_USER_AGENT\': \'Mozilla/5.0 (Windows NT 10.0; WOW64; rv:50.0) Gecko/20100101 Firefox/50.0\', \'_OLD_VIRTUAL_PATH\': \'C:\\\\oraclexe\\\\app\\\\oracle\\\\product\\\\11.2.0\\\\server\\\\bin;;C:\\\\Python\\\\Python34\\\\;C:\\\\Python\\\\Python34\\\\Scripts\\\\;C:\\\\Python\\\\Python35\\\\Scripts\\\\;C:\\\\Python\\\\Python35\\\\;C:\\\\Program Files (x86)\\\\Intel\\\\iCLS Client\\\\;C:\\\\Program Files\\\\Intel\\\\iCLS Client\\\\;C:\\\\WINDOWS\\\\system32;C:\\\\WINDOWS;C:\\\\WINDOWS\\\\System32\\\\Wbem;C:\\\\WINDOWS\\\\System32\\\\WindowsPowerShell\\\\v1.0\\\\;C:\\\\Program Files (x86)\\\\Intel\\\\Intel(R) Management Engine Components\\\\DAL;C:\\\\Program Files\\\\Intel\\\\Intel(R) Management Engine Components\\\\DAL;C:\\\\Program Files (x86)\\\\Intel\\\\Intel(R) Management Engine Components\\\\IPT;C:\\\\Program Files\\\\Intel\\\\Intel(R) Management Engine Components\\\\IPT;C:\\\\Program Files\\\\nodejs\\\\;C:\\\\Program Files\\\\Git\\\\cmd;C:\\\\Program Files\\\\Perforce\\\\DVCS\\\\;C:\\\\Program Files\\\\Intel\\\\WiFi\\\\bin\\\\;C:\\\\Program Files\\\\Common Files\\\\Intel\\\\WirelessCommon\\\\;C:\\\\Python\\\\Python35-32\\\\Scripts\\\\;C:\\\\Python\\\\Python35-32\\\\;C:\\\\Users\\\\Usuario\\\\AppData\\\\Roaming\\\\npm;C:\\\\Users\\\\Usuario\\\\AppData\\\\Local\\\\atom\\\\bin;%USERPROFILE%\\\\AppData\\\\Local\\\\Microsoft\\\\WindowsApps;\', \'USERNAME\': \'Usuario\', \'HTTP_CONNECTION\': \'keep-alive\', \'OS\': \'Windows_NT\', \'PROCESSOR_ARCHITECTURE\': \'AMD64\', \'CONTENT_TYPE\': \'text/plain\', \'PROGRAMDATA\': \'C:\\\\ProgramData\', \'SERVER_PROTOCOL\': \'HTTP/1.1\', \'HTTP_ACCEPT_ENCODING\': \'gzip, deflate\', \'USERPROFILE\': \'C:\\\\Users\\\\Usuario\', \'_OLD_VIRTUAL_PROMPT\': \'$P$G\', \'LOCALAPPDATA\': \'C:\\\\Users\\\\Usuario\\\\AppData\\\\Local\', \'COMMONPROGRAMW6432\': \'C:\\\\Program Files\\\\Common Files\', \'PROGRAMFILES(X86)\': \'C:\\\\Program Files (x86)\', \'PROCESSOR_IDENTIFIER\': \'Intel64 Family 6 Model 60 Stepping 3, GenuineIntel\', \'PSMODULEPATH\': \'C:\\\\WINDOWS\\\\system32\\\\WindowsPowerShell\\\\v1.0\\\\Modules\\\\\', \'HTTP_HOST\': \'localhost:7001\', \'GATEWAY_INTERFACE\': \'CGI/1.1\', \'HTTP_UPGRADE_INSECURE_REQUESTS\': \'1\', \'NUMBER_OF_PROCESSORS\': \'8\', \'SERVER_SOFTWARE\': \'WSGIServer/0.2\', \'HOMEDRIVE\': \'C:\', \'REMOTE_ADDR\': \'127.0.0.1\', \'PROCESSOR_REVISION\': \'3c03\', \'PROCESSOR_LEVEL\': \'6\', \'wsgi.multiprocess\': False, \'wsgi.version\': (1, 0), \'COMMONPROGRAMFILES\': \'C:\\\\Program Files\\\\Common Files\', \'FPS_BROWSER_USER_PROFILE_STRING\': \'Default\', \'COMMONPROGRAMFILES(X86)\': \'C:\\\\Program Files (x86)\\\\Common Files\', \'PATH_INFO\': \'/o/authorize/\', \'LOGONSERVER\': \'\\\\\\\\DEV1-ASULLOM\', \'TEMP\': \'C:\\\\Users\\\\Usuario\\\\AppData\\\\Local\\\\Temp\', \'COMPUTERNAME\': \'DEV1-ASULLOM\', \'wsgi.multithread\': True, \'APPDATA\': \'C:\\\\Users\\\\Usuario\\\\AppData\\\\Roaming\', \'COMSPEC\': \'C:\\\\WINDOWS\\\\system32\\\\cmd.exe\', \'RUN_MAIN\': \'true\', \'HTTP_COOKIE\': \'csrftoken=tdY6uAyXZjiXHZ8sraXQRdJy7ztxTF5r8PDQHf0N0me67dl1mbbfwNU6RDEpRuSl; _ga=GA1.1.1207431004.1477416897; theme=docs-dark; sessionid=iwvdq1za9wa1e5988im3q5z91h3gdo1e\', \'SCRIPT_NAME\': \'\'}", body="">, \'scopes_descriptions\': [\'Access to your catalogo app\'], \'application\': <Application: Catlogo Web>}, {\'block\': <Block Node: content. Contents: [<TextNode: \'\\n    <div class="block-ce\'>, <IfNode>, <TextNode: \'\\n    </div>\\n\'>]>}]'
[2016-12-02 09:30:12] INFO [django.server:131] "GET /o/authorize/?response_type=token&client_id=RBzvAoW3dtySxnPob5TuQgINV3yITSVE5bevdosI&state=892vMZlcMIgbQrASeGzO%3B%23%2Fcatalogo%2Fcatalogo%2Fcategorias&scope=catalogo HTTP/1.1" 200 3054
[2016-12-02 09:30:14] DEBUG [django.db.backends:90] (0.001) SELECT @@SQL_AUTO_IS_NULL; args=None
[2016-12-02 09:30:14] DEBUG [django.db.backends:90] (0.000) SET SQL_AUTO_IS_NULL = 0; args=None
[2016-12-02 09:30:14] DEBUG [django.db.backends:90] (0.001) SELECT VERSION(); args=None
[2016-12-02 09:30:14] DEBUG [django.db.backends:90] (0.000) SET SQL_AUTO_IS_NULL = 0; args=None
[2016-12-02 09:30:14] DEBUG [django.db.backends:90] (0.001) SELECT `django_session`.`session_key`, `django_session`.`session_data`, `django_session`.`expire_date` FROM `django_session` WHERE (`django_session`.`expire_date` > '2016-12-02 14:30:14' AND `django_session`.`session_key` = 'iwvdq1za9wa1e5988im3q5z91h3gdo1e'); args=('2016-12-02 14:30:14', 'iwvdq1za9wa1e5988im3q5z91h3gdo1e')
[2016-12-02 09:30:14] DEBUG [django.db.backends:90] (0.000) SELECT `oauth2_backend_user`.`password`, `oauth2_backend_user`.`last_login`, `oauth2_backend_user`.`is_superuser`, `oauth2_backend_user`.`username`, `oauth2_backend_user`.`first_name`, `oauth2_backend_user`.`last_name`, `oauth2_backend_user`.`email`, `oauth2_backend_user`.`is_staff`, `oauth2_backend_user`.`is_active`, `oauth2_backend_user`.`date_joined`, `oauth2_backend_user`.`id`, `oauth2_backend_user`.`last_hierarchy_id`, `oauth2_backend_user`.`last_module_id`, `oauth2_backend_user`.`person_id`, `oauth2_backend_user`.`updated_at`, `oauth2_backend_user`.`registered_by` FROM `oauth2_backend_user` WHERE `oauth2_backend_user`.`id` = '6e9f183475a14abf9cda0fe98ba93535'; args=('6e9f183475a14abf9cda0fe98ba93535',)
[2016-12-02 09:30:14] DEBUG [django.db.backends:90] (0.001) SELECT `oauth2_provider_application`.`id`, `oauth2_provider_application`.`client_id`, `oauth2_provider_application`.`user_id`, `oauth2_provider_application`.`redirect_uris`, `oauth2_provider_application`.`client_type`, `oauth2_provider_application`.`authorization_grant_type`, `oauth2_provider_application`.`client_secret`, `oauth2_provider_application`.`name`, `oauth2_provider_application`.`skip_authorization` FROM `oauth2_provider_application` WHERE `oauth2_provider_application`.`client_id` = 'RBzvAoW3dtySxnPob5TuQgINV3yITSVE5bevdosI'; args=('RBzvAoW3dtySxnPob5TuQgINV3yITSVE5bevdosI',)
[2016-12-02 09:30:14] DEBUG [django.db.backends:90] (0.000) INSERT INTO `oauth2_provider_accesstoken` (`user_id`, `token`, `application_id`, `expires`, `scope`) VALUES ('6e9f183475a14abf9cda0fe98ba93535', 'CdpVW0F4U0QBytgxzinB70pe9Ng6BN', 2, '2016-12-03 00:30:14', 'catalogo'); args=['6e9f183475a14abf9cda0fe98ba93535', 'CdpVW0F4U0QBytgxzinB70pe9Ng6BN', 2, '2016-12-03 00:30:14', 'catalogo']
[2016-12-02 09:30:14] INFO [django.server:131] "POST /o/authorize/?response_type=token&client_id=RBzvAoW3dtySxnPob5TuQgINV3yITSVE5bevdosI&state=892vMZlcMIgbQrASeGzO%3B%23%2Fcatalogo%2Fcatalogo%2Fcategorias&scope=catalogo HTTP/1.1" 302 0
[2016-12-02 09:30:14] DEBUG [django.db.backends:90] (0.001) SELECT @@SQL_AUTO_IS_NULL; args=None
[2016-12-02 09:30:14] DEBUG [django.db.backends:90] (0.000) SET SQL_AUTO_IS_NULL = 0; args=None
[2016-12-02 09:30:14] DEBUG [django.db.backends:90] (0.000) SELECT VERSION(); args=None
[2016-12-02 09:30:14] DEBUG [django.db.backends:90] (0.000) SET SQL_AUTO_IS_NULL = 0; args=None
[2016-12-02 09:30:14] DEBUG [django.db.backends:90] (0.001) SELECT `oauth2_provider_accesstoken`.`id`, `oauth2_provider_accesstoken`.`user_id`, `oauth2_provider_accesstoken`.`token`, `oauth2_provider_accesstoken`.`application_id`, `oauth2_provider_accesstoken`.`expires`, `oauth2_provider_accesstoken`.`scope`, `oauth2_backend_user`.`password`, `oauth2_backend_user`.`last_login`, `oauth2_backend_user`.`is_superuser`, `oauth2_backend_user`.`username`, `oauth2_backend_user`.`first_name`, `oauth2_backend_user`.`last_name`, `oauth2_backend_user`.`email`, `oauth2_backend_user`.`is_staff`, `oauth2_backend_user`.`is_active`, `oauth2_backend_user`.`date_joined`, `oauth2_backend_user`.`id`, `oauth2_backend_user`.`last_hierarchy_id`, `oauth2_backend_user`.`last_module_id`, `oauth2_backend_user`.`person_id`, `oauth2_backend_user`.`updated_at`, `oauth2_backend_user`.`registered_by`, `oauth2_provider_application`.`id`, `oauth2_provider_application`.`client_id`, `oauth2_provider_application`.`user_id`, `oauth2_provider_application`.`redirect_uris`, `oauth2_provider_application`.`client_type`, `oauth2_provider_application`.`authorization_grant_type`, `oauth2_provider_application`.`client_secret`, `oauth2_provider_application`.`name`, `oauth2_provider_application`.`skip_authorization` FROM `oauth2_provider_accesstoken` LEFT OUTER JOIN `oauth2_backend_user` ON (`oauth2_provider_accesstoken`.`user_id` = `oauth2_backend_user`.`id`) INNER JOIN `oauth2_provider_application` ON (`oauth2_provider_accesstoken`.`application_id` = `oauth2_provider_application`.`id`) WHERE `oauth2_provider_accesstoken`.`token` = 'CdpVW0F4U0QBytgxzinB70pe9Ng6BN'; args=('CdpVW0F4U0QBytgxzinB70pe9Ng6BN',)
[2016-12-02 09:30:14] DEBUG [django.db.backends:90] (0.001) SELECT `oauth2_provider_accesstoken`.`id`, `oauth2_provider_accesstoken`.`user_id`, `oauth2_provider_accesstoken`.`token`, `oauth2_provider_accesstoken`.`application_id`, `oauth2_provider_accesstoken`.`expires`, `oauth2_provider_accesstoken`.`scope`, `oauth2_backend_user`.`password`, `oauth2_backend_user`.`last_login`, `oauth2_backend_user`.`is_superuser`, `oauth2_backend_user`.`username`, `oauth2_backend_user`.`first_name`, `oauth2_backend_user`.`last_name`, `oauth2_backend_user`.`email`, `oauth2_backend_user`.`is_staff`, `oauth2_backend_user`.`is_active`, `oauth2_backend_user`.`date_joined`, `oauth2_backend_user`.`id`, `oauth2_backend_user`.`last_hierarchy_id`, `oauth2_backend_user`.`last_module_id`, `oauth2_backend_user`.`person_id`, `oauth2_backend_user`.`updated_at`, `oauth2_backend_user`.`registered_by`, `oauth2_provider_application`.`id`, `oauth2_provider_application`.`client_id`, `oauth2_provider_application`.`user_id`, `oauth2_provider_application`.`redirect_uris`, `oauth2_provider_application`.`client_type`, `oauth2_provider_application`.`authorization_grant_type`, `oauth2_provider_application`.`client_secret`, `oauth2_provider_application`.`name`, `oauth2_provider_application`.`skip_authorization` FROM `oauth2_provider_accesstoken` LEFT OUTER JOIN `oauth2_backend_user` ON (`oauth2_provider_accesstoken`.`user_id` = `oauth2_backend_user`.`id`) INNER JOIN `oauth2_provider_application` ON (`oauth2_provider_accesstoken`.`application_id` = `oauth2_provider_application`.`id`) WHERE `oauth2_provider_accesstoken`.`token` = 'CdpVW0F4U0QBytgxzinB70pe9Ng6BN'; args=('CdpVW0F4U0QBytgxzinB70pe9Ng6BN',)
[2016-12-02 09:30:14] DEBUG [django.db.backends:90] (0.008) SELECT `auth_group`.`id`, `auth_group`.`name` FROM `auth_group` INNER JOIN `oauth2_backend_user_groups` ON (`auth_group`.`id` = `oauth2_backend_user_groups`.`group_id`) WHERE `oauth2_backend_user_groups`.`user_id` = '6e9f183475a14abf9cda0fe98ba93535'; args=('6e9f183475a14abf9cda0fe98ba93535',)
[2016-12-02 09:30:14] INFO [django.server:131] "OPTIONS /api/oauth2_backend/usermenu/ HTTP/1.1" 200 0
[2016-12-02 09:30:14] DEBUG [django.db.backends:90] (0.012) SELECT `auth_permission`.`id`, `auth_permission`.`name`, `auth_permission`.`content_type_id`, `auth_permission`.`codename` FROM `auth_permission` INNER JOIN `oauth2_backend_user_user_permissions` ON (`auth_permission`.`id` = `oauth2_backend_user_user_permissions`.`permission_id`) INNER JOIN `django_content_type` ON (`auth_permission`.`content_type_id` = `django_content_type`.`id`) WHERE `oauth2_backend_user_user_permissions`.`user_id` = '6e9f183475a14abf9cda0fe98ba93535' ORDER BY `django_content_type`.`app_label` ASC, `django_content_type`.`model` ASC, `auth_permission`.`codename` ASC; args=('6e9f183475a14abf9cda0fe98ba93535',)
[2016-12-02 09:30:14] INFO [django.server:131] "GET /api/oauth2_backend/localuserinfo/ HTTP/1.1" 200 384
[2016-12-02 09:30:14] DEBUG [django.db.backends:90] (0.000) SELECT @@SQL_AUTO_IS_NULL; args=None
[2016-12-02 09:30:14] DEBUG [django.db.backends:90] (0.000) SET SQL_AUTO_IS_NULL = 0; args=None
[2016-12-02 09:30:14] DEBUG [django.db.backends:90] (0.001) SELECT VERSION(); args=None
[2016-12-02 09:30:14] DEBUG [django.db.backends:90] (0.000) SET SQL_AUTO_IS_NULL = 0; args=None
[2016-12-02 09:30:14] DEBUG [django.db.backends:90] (0.001) SELECT `oauth2_provider_accesstoken`.`id`, `oauth2_provider_accesstoken`.`user_id`, `oauth2_provider_accesstoken`.`token`, `oauth2_provider_accesstoken`.`application_id`, `oauth2_provider_accesstoken`.`expires`, `oauth2_provider_accesstoken`.`scope`, `oauth2_backend_user`.`password`, `oauth2_backend_user`.`last_login`, `oauth2_backend_user`.`is_superuser`, `oauth2_backend_user`.`username`, `oauth2_backend_user`.`first_name`, `oauth2_backend_user`.`last_name`, `oauth2_backend_user`.`email`, `oauth2_backend_user`.`is_staff`, `oauth2_backend_user`.`is_active`, `oauth2_backend_user`.`date_joined`, `oauth2_backend_user`.`id`, `oauth2_backend_user`.`last_hierarchy_id`, `oauth2_backend_user`.`last_module_id`, `oauth2_backend_user`.`person_id`, `oauth2_backend_user`.`updated_at`, `oauth2_backend_user`.`registered_by`, `oauth2_provider_application`.`id`, `oauth2_provider_application`.`client_id`, `oauth2_provider_application`.`user_id`, `oauth2_provider_application`.`redirect_uris`, `oauth2_provider_application`.`client_type`, `oauth2_provider_application`.`authorization_grant_type`, `oauth2_provider_application`.`client_secret`, `oauth2_provider_application`.`name`, `oauth2_provider_application`.`skip_authorization` FROM `oauth2_provider_accesstoken` LEFT OUTER JOIN `oauth2_backend_user` ON (`oauth2_provider_accesstoken`.`user_id` = `oauth2_backend_user`.`id`) INNER JOIN `oauth2_provider_application` ON (`oauth2_provider_accesstoken`.`application_id` = `oauth2_provider_application`.`id`) WHERE `oauth2_provider_accesstoken`.`token` = 'CdpVW0F4U0QBytgxzinB70pe9Ng6BN'; args=('CdpVW0F4U0QBytgxzinB70pe9Ng6BN',)
[2016-12-02 09:30:14] DEBUG [django.db.backends:90] (0.002) SELECT `oauth2_provider_accesstoken`.`id`, `oauth2_provider_accesstoken`.`user_id`, `oauth2_provider_accesstoken`.`token`, `oauth2_provider_accesstoken`.`application_id`, `oauth2_provider_accesstoken`.`expires`, `oauth2_provider_accesstoken`.`scope`, `oauth2_backend_user`.`password`, `oauth2_backend_user`.`last_login`, `oauth2_backend_user`.`is_superuser`, `oauth2_backend_user`.`username`, `oauth2_backend_user`.`first_name`, `oauth2_backend_user`.`last_name`, `oauth2_backend_user`.`email`, `oauth2_backend_user`.`is_staff`, `oauth2_backend_user`.`is_active`, `oauth2_backend_user`.`date_joined`, `oauth2_backend_user`.`id`, `oauth2_backend_user`.`last_hierarchy_id`, `oauth2_backend_user`.`last_module_id`, `oauth2_backend_user`.`person_id`, `oauth2_backend_user`.`updated_at`, `oauth2_backend_user`.`registered_by`, `oauth2_provider_application`.`id`, `oauth2_provider_application`.`client_id`, `oauth2_provider_application`.`user_id`, `oauth2_provider_application`.`redirect_uris`, `oauth2_provider_application`.`client_type`, `oauth2_provider_application`.`authorization_grant_type`, `oauth2_provider_application`.`client_secret`, `oauth2_provider_application`.`name`, `oauth2_provider_application`.`skip_authorization` FROM `oauth2_provider_accesstoken` LEFT OUTER JOIN `oauth2_backend_user` ON (`oauth2_provider_accesstoken`.`user_id` = `oauth2_backend_user`.`id`) INNER JOIN `oauth2_provider_application` ON (`oauth2_provider_accesstoken`.`application_id` = `oauth2_provider_application`.`id`) WHERE `oauth2_provider_accesstoken`.`token` = 'CdpVW0F4U0QBytgxzinB70pe9Ng6BN'; args=('CdpVW0F4U0QBytgxzinB70pe9Ng6BN',)
[2016-12-02 09:30:14] DEBUG [django.db.backends:90] (0.000) SELECT `oauth2_backend_menu`.`id` FROM `oauth2_backend_menu` WHERE (`oauth2_backend_menu`.`id` IS NOT NULL AND `oauth2_backend_menu`.`is_active` = 1 AND `oauth2_backend_menu`.`module` = 'BACKEND') ORDER BY `oauth2_backend_menu`.`pos` ASC; args=(True, 'BACKEND')
[2016-12-02 09:30:14] DEBUG [django.db.backends:90] (0.001) SELECT (1) AS `a` FROM `django_session` WHERE `django_session`.`session_key` = 'axefcke8p5gmgbvbjeia01bs77mlp7r8' LIMIT 1; args=('axefcke8p5gmgbvbjeia01bs77mlp7r8',)
[2016-12-02 09:30:14] DEBUG [django.db.backends:90] (0.000) INSERT INTO `django_session` (`session_key`, `session_data`, `expire_date`) VALUES ('axefcke8p5gmgbvbjeia01bs77mlp7r8', 'NTFlOTk3MThkODI0ZjJkYjBmYTFiZjk0Zjg4NTdjZTViZDA1MGQxZjp7Il9zZXNzaW9uX2V4cGlyeSI6MzB9', '2016-12-02 14:30:44'); args=('axefcke8p5gmgbvbjeia01bs77mlp7r8', 'NTFlOTk3MThkODI0ZjJkYjBmYTFiZjk0Zjg4NTdjZTViZDA1MGQxZjp7Il9zZXNzaW9uX2V4cGlyeSI6MzB9', '2016-12-02 14:30:44')
[2016-12-02 09:30:14] INFO [django.server:131] "GET /api/oauth2_backend/usermenu/ HTTP/1.1" 200 11
